ARM GAS  C:\Users\CALEBC~1\AppData\Local\Temp\ccgNrWJ3.s 			page 1


   1              		.syntax unified
   2              		.cpu cortex-m3
   3              		.fpu softvfp
   4              		.eabi_attribute 20, 1
   5              		.eabi_attribute 21, 1
   6              		.eabi_attribute 23, 3
   7              		.eabi_attribute 24, 1
   8              		.eabi_attribute 25, 1
   9              		.eabi_attribute 26, 1
  10              		.eabi_attribute 30, 6
  11              		.eabi_attribute 34, 1
  12              		.eabi_attribute 18, 4
  13              		.thumb
  14              		.syntax unified
  15              		.file	"USBFS_cls.c"
  16              		.text
  17              	.Ltext0:
  18              		.cfi_sections	.debug_frame
  19              		.section	.text.USBFS_DispatchClassRqst,"ax",%progbits
  20              		.align	2
  21              		.global	USBFS_DispatchClassRqst
  22              		.thumb
  23              		.thumb_func
  24              		.type	USBFS_DispatchClassRqst, %function
  25              	USBFS_DispatchClassRqst:
  26              	.LFB0:
  27              		.file 1 "Generated_Source\\PSoC5\\USBFS_cls.c"
   1:Generated_Source\PSoC5/USBFS_cls.c **** /***************************************************************************//**
   2:Generated_Source\PSoC5/USBFS_cls.c **** * \file USBFS_cls.c
   3:Generated_Source\PSoC5/USBFS_cls.c **** * \version 3.10
   4:Generated_Source\PSoC5/USBFS_cls.c **** *
   5:Generated_Source\PSoC5/USBFS_cls.c **** * \brief
   6:Generated_Source\PSoC5/USBFS_cls.c **** *  This file contains the USB Class request handler.
   7:Generated_Source\PSoC5/USBFS_cls.c **** *
   8:Generated_Source\PSoC5/USBFS_cls.c **** ********************************************************************************
   9:Generated_Source\PSoC5/USBFS_cls.c **** * \copyright
  10:Generated_Source\PSoC5/USBFS_cls.c **** * Copyright 2008-2016, Cypress Semiconductor Corporation.  All rights reserved.
  11:Generated_Source\PSoC5/USBFS_cls.c **** * You may use this file only in accordance with the license, terms, conditions,
  12:Generated_Source\PSoC5/USBFS_cls.c **** * disclaimers, and limitations in the end user license agreement accompanying
  13:Generated_Source\PSoC5/USBFS_cls.c **** * the software package with which this file was provided.
  14:Generated_Source\PSoC5/USBFS_cls.c **** *******************************************************************************/
  15:Generated_Source\PSoC5/USBFS_cls.c **** 
  16:Generated_Source\PSoC5/USBFS_cls.c **** #include "USBFS_pvt.h"
  17:Generated_Source\PSoC5/USBFS_cls.c **** #include "cyapicallbacks.h"
  18:Generated_Source\PSoC5/USBFS_cls.c **** 
  19:Generated_Source\PSoC5/USBFS_cls.c **** #if(USBFS_EXTERN_CLS == USBFS_FALSE)
  20:Generated_Source\PSoC5/USBFS_cls.c **** 
  21:Generated_Source\PSoC5/USBFS_cls.c **** /***************************************
  22:Generated_Source\PSoC5/USBFS_cls.c **** * User Implemented Class Driver Declarations.
  23:Generated_Source\PSoC5/USBFS_cls.c **** ***************************************/
  24:Generated_Source\PSoC5/USBFS_cls.c **** /* `#START USER_DEFINED_CLASS_DECLARATIONS` Place your declaration here */
  25:Generated_Source\PSoC5/USBFS_cls.c **** 
  26:Generated_Source\PSoC5/USBFS_cls.c **** /* `#END` */
  27:Generated_Source\PSoC5/USBFS_cls.c **** 
  28:Generated_Source\PSoC5/USBFS_cls.c **** 
  29:Generated_Source\PSoC5/USBFS_cls.c **** /*******************************************************************************
  30:Generated_Source\PSoC5/USBFS_cls.c **** * Function Name: USBFS_DispatchClassRqst
ARM GAS  C:\Users\CALEBC~1\AppData\Local\Temp\ccgNrWJ3.s 			page 2


  31:Generated_Source\PSoC5/USBFS_cls.c **** ****************************************************************************//**
  32:Generated_Source\PSoC5/USBFS_cls.c **** *  This routine dispatches class specific requests depend on interface class.
  33:Generated_Source\PSoC5/USBFS_cls.c **** *
  34:Generated_Source\PSoC5/USBFS_cls.c **** * \return
  35:Generated_Source\PSoC5/USBFS_cls.c **** *  requestHandled.
  36:Generated_Source\PSoC5/USBFS_cls.c **** *
  37:Generated_Source\PSoC5/USBFS_cls.c **** * \reentrant
  38:Generated_Source\PSoC5/USBFS_cls.c **** *  No.
  39:Generated_Source\PSoC5/USBFS_cls.c **** *
  40:Generated_Source\PSoC5/USBFS_cls.c **** *******************************************************************************/
  41:Generated_Source\PSoC5/USBFS_cls.c **** uint8 USBFS_DispatchClassRqst(void) 
  42:Generated_Source\PSoC5/USBFS_cls.c **** {
  28              		.loc 1 42 0
  29              		.cfi_startproc
  30              		@ args = 0, pretend = 0, frame = 8
  31              		@ frame_needed = 1, uses_anonymous_args = 0
  32              		@ link register save eliminated.
  33 0000 80B4     		push	{r7}
  34              		.cfi_def_cfa_offset 4
  35              		.cfi_offset 7, -4
  36 0002 83B0     		sub	sp, sp, #12
  37              		.cfi_def_cfa_offset 16
  38 0004 00AF     		add	r7, sp, #0
  39              		.cfi_def_cfa_register 7
  43:Generated_Source\PSoC5/USBFS_cls.c ****     uint8 requestHandled;
  44:Generated_Source\PSoC5/USBFS_cls.c ****     uint8 interfaceNumber;
  45:Generated_Source\PSoC5/USBFS_cls.c **** 
  46:Generated_Source\PSoC5/USBFS_cls.c ****     /* Get interface to which request is intended. */
  47:Generated_Source\PSoC5/USBFS_cls.c ****     switch (USBFS_bmRequestTypeReg & USBFS_RQST_RCPT_MASK)
  40              		.loc 1 47 0
  41 0006 144B     		ldr	r3, .L9
  42 0008 1B78     		ldrb	r3, [r3]
  43 000a DBB2     		uxtb	r3, r3
  44 000c 03F00303 		and	r3, r3, #3
  45 0010 012B     		cmp	r3, #1
  46 0012 02D0     		beq	.L3
  47 0014 022B     		cmp	r3, #2
  48 0016 04D0     		beq	.L4
  49 0018 12E0     		b	.L8
  50              	.L3:
  48:Generated_Source\PSoC5/USBFS_cls.c ****     {
  49:Generated_Source\PSoC5/USBFS_cls.c ****         case USBFS_RQST_RCPT_IFC:
  50:Generated_Source\PSoC5/USBFS_cls.c ****             /* Class-specific request directed to interface: wIndexLoReg 
  51:Generated_Source\PSoC5/USBFS_cls.c ****             * contains interface number.
  52:Generated_Source\PSoC5/USBFS_cls.c ****             */
  53:Generated_Source\PSoC5/USBFS_cls.c ****             interfaceNumber = (uint8) USBFS_wIndexLoReg;
  51              		.loc 1 53 0
  52 001a 0F4B     		ldr	r3, .L9
  53 001c 1B79     		ldrb	r3, [r3, #4]
  54 001e FB71     		strb	r3, [r7, #7]
  54:Generated_Source\PSoC5/USBFS_cls.c ****             break;
  55              		.loc 1 54 0
  56 0020 11E0     		b	.L7
  57              	.L4:
  55:Generated_Source\PSoC5/USBFS_cls.c ****         
  56:Generated_Source\PSoC5/USBFS_cls.c ****         case USBFS_RQST_RCPT_EP:
  57:Generated_Source\PSoC5/USBFS_cls.c ****             /* Class-specific request directed to endpoint: wIndexLoReg contains 
ARM GAS  C:\Users\CALEBC~1\AppData\Local\Temp\ccgNrWJ3.s 			page 3


  58:Generated_Source\PSoC5/USBFS_cls.c ****             * endpoint number. Find interface related to endpoint, 
  59:Generated_Source\PSoC5/USBFS_cls.c ****             */
  60:Generated_Source\PSoC5/USBFS_cls.c ****             interfaceNumber = USBFS_EP[USBFS_wIndexLoReg & USBFS_DIR_UNUSED].interface;
  58              		.loc 1 60 0
  59 0022 0D4B     		ldr	r3, .L9
  60 0024 1B79     		ldrb	r3, [r3, #4]
  61 0026 DBB2     		uxtb	r3, r3
  62 0028 03F07F02 		and	r2, r3, #127
  63 002c 0B49     		ldr	r1, .L9+4
  64 002e 1346     		mov	r3, r2
  65 0030 5B00     		lsls	r3, r3, #1
  66 0032 1344     		add	r3, r3, r2
  67 0034 9B00     		lsls	r3, r3, #2
  68 0036 0B44     		add	r3, r3, r1
  69 0038 0A33     		adds	r3, r3, #10
  70 003a 1B78     		ldrb	r3, [r3]
  71 003c FB71     		strb	r3, [r7, #7]
  61:Generated_Source\PSoC5/USBFS_cls.c ****             break;
  72              		.loc 1 61 0
  73 003e 02E0     		b	.L7
  74              	.L8:
  62:Generated_Source\PSoC5/USBFS_cls.c ****             
  63:Generated_Source\PSoC5/USBFS_cls.c ****         default:
  64:Generated_Source\PSoC5/USBFS_cls.c ****             /* Default interface is zero. */
  65:Generated_Source\PSoC5/USBFS_cls.c ****             interfaceNumber = 0u;
  75              		.loc 1 65 0
  76 0040 0023     		movs	r3, #0
  77 0042 FB71     		strb	r3, [r7, #7]
  66:Generated_Source\PSoC5/USBFS_cls.c ****             break;
  78              		.loc 1 66 0
  79 0044 00BF     		nop
  80              	.L7:
  67:Generated_Source\PSoC5/USBFS_cls.c ****     }
  68:Generated_Source\PSoC5/USBFS_cls.c **** 
  69:Generated_Source\PSoC5/USBFS_cls.c **** #if (defined(USBFS_ENABLE_HID_CLASS) ||\
  70:Generated_Source\PSoC5/USBFS_cls.c ****             defined(USBFS_ENABLE_AUDIO_CLASS) ||\
  71:Generated_Source\PSoC5/USBFS_cls.c ****             defined(USBFS_ENABLE_CDC_CLASS) ||\
  72:Generated_Source\PSoC5/USBFS_cls.c ****             USBFS_ENABLE_MSC_CLASS)
  73:Generated_Source\PSoC5/USBFS_cls.c **** 
  74:Generated_Source\PSoC5/USBFS_cls.c ****     /* Handle class request depends on interface type. */
  75:Generated_Source\PSoC5/USBFS_cls.c ****     switch (USBFS_interfaceClass[interfaceNumber])
  76:Generated_Source\PSoC5/USBFS_cls.c ****     {
  77:Generated_Source\PSoC5/USBFS_cls.c ****     #if defined(USBFS_ENABLE_HID_CLASS)
  78:Generated_Source\PSoC5/USBFS_cls.c ****         case USBFS_CLASS_HID:
  79:Generated_Source\PSoC5/USBFS_cls.c ****             requestHandled = USBFS_DispatchHIDClassRqst();
  80:Generated_Source\PSoC5/USBFS_cls.c ****             break;
  81:Generated_Source\PSoC5/USBFS_cls.c ****     #endif /* (USBFS_ENABLE_HID_CLASS) */
  82:Generated_Source\PSoC5/USBFS_cls.c ****             
  83:Generated_Source\PSoC5/USBFS_cls.c ****     #if defined(USBFS_ENABLE_AUDIO_CLASS)
  84:Generated_Source\PSoC5/USBFS_cls.c ****         case USBFS_CLASS_AUDIO:
  85:Generated_Source\PSoC5/USBFS_cls.c ****             requestHandled = USBFS_DispatchAUDIOClassRqst();
  86:Generated_Source\PSoC5/USBFS_cls.c ****             break;
  87:Generated_Source\PSoC5/USBFS_cls.c ****     #endif /* (USBFS_CLASS_AUDIO) */
  88:Generated_Source\PSoC5/USBFS_cls.c ****             
  89:Generated_Source\PSoC5/USBFS_cls.c ****     #if defined(USBFS_ENABLE_CDC_CLASS)
  90:Generated_Source\PSoC5/USBFS_cls.c ****         case USBFS_CLASS_CDC:
  91:Generated_Source\PSoC5/USBFS_cls.c ****             requestHandled = USBFS_DispatchCDCClassRqst();
ARM GAS  C:\Users\CALEBC~1\AppData\Local\Temp\ccgNrWJ3.s 			page 4


  92:Generated_Source\PSoC5/USBFS_cls.c ****             break;
  93:Generated_Source\PSoC5/USBFS_cls.c ****     #endif /* (USBFS_ENABLE_CDC_CLASS) */
  94:Generated_Source\PSoC5/USBFS_cls.c ****         
  95:Generated_Source\PSoC5/USBFS_cls.c ****     #if (USBFS_ENABLE_MSC_CLASS)
  96:Generated_Source\PSoC5/USBFS_cls.c ****         case USBFS_CLASS_MSD:
  97:Generated_Source\PSoC5/USBFS_cls.c ****         #if (USBFS_HANDLE_MSC_REQUESTS)
  98:Generated_Source\PSoC5/USBFS_cls.c ****             /* MSC requests are handled by the component. */
  99:Generated_Source\PSoC5/USBFS_cls.c ****             requestHandled = USBFS_DispatchMSCClassRqst();
 100:Generated_Source\PSoC5/USBFS_cls.c ****         #elif defined(USBFS_DISPATCH_MSC_CLASS_RQST_CALLBACK)
 101:Generated_Source\PSoC5/USBFS_cls.c ****             /* MSC requests are handled by user defined callbcak. */
 102:Generated_Source\PSoC5/USBFS_cls.c ****             requestHandled = USBFS_DispatchMSCClassRqst_Callback();
 103:Generated_Source\PSoC5/USBFS_cls.c ****         #else
 104:Generated_Source\PSoC5/USBFS_cls.c ****             /* MSC requests are not handled. */
 105:Generated_Source\PSoC5/USBFS_cls.c ****             requestHandled = USBFS_FALSE;
 106:Generated_Source\PSoC5/USBFS_cls.c ****         #endif /* (USBFS_HANDLE_MSC_REQUESTS) */
 107:Generated_Source\PSoC5/USBFS_cls.c ****             break;
 108:Generated_Source\PSoC5/USBFS_cls.c ****     #endif /* (USBFS_ENABLE_MSC_CLASS) */
 109:Generated_Source\PSoC5/USBFS_cls.c ****         
 110:Generated_Source\PSoC5/USBFS_cls.c ****         default:
 111:Generated_Source\PSoC5/USBFS_cls.c ****             /* Request is not handled: unknown class request type. */
 112:Generated_Source\PSoC5/USBFS_cls.c ****             requestHandled = USBFS_FALSE;
 113:Generated_Source\PSoC5/USBFS_cls.c ****             break;
 114:Generated_Source\PSoC5/USBFS_cls.c ****     }
 115:Generated_Source\PSoC5/USBFS_cls.c **** #else /*No class is defined*/
 116:Generated_Source\PSoC5/USBFS_cls.c ****     if (0u != interfaceNumber)
 117:Generated_Source\PSoC5/USBFS_cls.c ****     {
 118:Generated_Source\PSoC5/USBFS_cls.c ****         /* Suppress warning message */
 119:Generated_Source\PSoC5/USBFS_cls.c ****     }
 120:Generated_Source\PSoC5/USBFS_cls.c ****     requestHandled = USBFS_FALSE;
  81              		.loc 1 120 0
  82 0046 0023     		movs	r3, #0
  83 0048 BB71     		strb	r3, [r7, #6]
 121:Generated_Source\PSoC5/USBFS_cls.c **** #endif /*HID or AUDIO or MSC or CDC class enabled*/
 122:Generated_Source\PSoC5/USBFS_cls.c **** 
 123:Generated_Source\PSoC5/USBFS_cls.c ****     /* `#START USER_DEFINED_CLASS_CODE` Place your Class request here */
 124:Generated_Source\PSoC5/USBFS_cls.c **** 
 125:Generated_Source\PSoC5/USBFS_cls.c ****     /* `#END` */
 126:Generated_Source\PSoC5/USBFS_cls.c **** 
 127:Generated_Source\PSoC5/USBFS_cls.c **** #ifdef USBFS_DISPATCH_CLASS_RQST_CALLBACK
 128:Generated_Source\PSoC5/USBFS_cls.c ****     if (USBFS_FALSE == requestHandled)
 129:Generated_Source\PSoC5/USBFS_cls.c ****     {
 130:Generated_Source\PSoC5/USBFS_cls.c ****         requestHandled = USBFS_DispatchClassRqst_Callback(interfaceNumber);
 131:Generated_Source\PSoC5/USBFS_cls.c ****     }
 132:Generated_Source\PSoC5/USBFS_cls.c **** #endif /* (USBFS_DISPATCH_CLASS_RQST_CALLBACK) */
 133:Generated_Source\PSoC5/USBFS_cls.c **** 
 134:Generated_Source\PSoC5/USBFS_cls.c ****     return (requestHandled);
  84              		.loc 1 134 0
  85 004a BB79     		ldrb	r3, [r7, #6]	@ zero_extendqisi2
 135:Generated_Source\PSoC5/USBFS_cls.c **** }
  86              		.loc 1 135 0
  87 004c 1846     		mov	r0, r3
  88 004e 0C37     		adds	r7, r7, #12
  89              		.cfi_def_cfa_offset 4
  90 0050 BD46     		mov	sp, r7
  91              		.cfi_def_cfa_register 13
  92              		@ sp needed
  93 0052 80BC     		pop	{r7}
ARM GAS  C:\Users\CALEBC~1\AppData\Local\Temp\ccgNrWJ3.s 			page 5


  94              		.cfi_restore 7
  95              		.cfi_def_cfa_offset 0
  96 0054 7047     		bx	lr
  97              	.L10:
  98 0056 00BF     		.align	2
  99              	.L9:
 100 0058 00600040 		.word	1073766400
 101 005c 00000000 		.word	USBFS_EP
 102              		.cfi_endproc
 103              	.LFE0:
 104              		.size	USBFS_DispatchClassRqst, .-USBFS_DispatchClassRqst
 105              		.text
 106              	.Letext0:
 107              		.file 2 "Generated_Source\\PSoC5\\cytypes.h"
 108              		.file 3 "Generated_Source\\PSoC5\\USBFS.h"
 109              		.file 4 "Generated_Source\\PSoC5\\USBFS_pvt.h"
 110              		.section	.debug_info,"",%progbits
 111              	.Ldebug_info0:
 112 0000 AE010000 		.4byte	0x1ae
 113 0004 0400     		.2byte	0x4
 114 0006 00000000 		.4byte	.Ldebug_abbrev0
 115 000a 04       		.byte	0x4
 116 000b 01       		.uleb128 0x1
 117 000c 00000000 		.4byte	.LASF30
 118 0010 0C       		.byte	0xc
 119 0011 2F010000 		.4byte	.LASF31
 120 0015 8E000000 		.4byte	.LASF32
 121 0019 00000000 		.4byte	.Ldebug_ranges0+0
 122 001d 00000000 		.4byte	0
 123 0021 00000000 		.4byte	.Ldebug_line0
 124 0025 02       		.uleb128 0x2
 125 0026 01       		.byte	0x1
 126 0027 06       		.byte	0x6
 127 0028 74020000 		.4byte	.LASF0
 128 002c 02       		.uleb128 0x2
 129 002d 01       		.byte	0x1
 130 002e 08       		.byte	0x8
 131 002f 52010000 		.4byte	.LASF1
 132 0033 02       		.uleb128 0x2
 133 0034 02       		.byte	0x2
 134 0035 05       		.byte	0x5
 135 0036 45020000 		.4byte	.LASF2
 136 003a 02       		.uleb128 0x2
 137 003b 02       		.byte	0x2
 138 003c 07       		.byte	0x7
 139 003d E2000000 		.4byte	.LASF3
 140 0041 02       		.uleb128 0x2
 141 0042 04       		.byte	0x4
 142 0043 05       		.byte	0x5
 143 0044 5F020000 		.4byte	.LASF4
 144 0048 02       		.uleb128 0x2
 145 0049 04       		.byte	0x4
 146 004a 07       		.byte	0x7
 147 004b 78010000 		.4byte	.LASF5
 148 004f 02       		.uleb128 0x2
 149 0050 08       		.byte	0x8
 150 0051 05       		.byte	0x5
ARM GAS  C:\Users\CALEBC~1\AppData\Local\Temp\ccgNrWJ3.s 			page 6


 151 0052 27020000 		.4byte	.LASF6
 152 0056 02       		.uleb128 0x2
 153 0057 08       		.byte	0x8
 154 0058 07       		.byte	0x7
 155 0059 F6010000 		.4byte	.LASF7
 156 005d 03       		.uleb128 0x3
 157 005e 04       		.byte	0x4
 158 005f 05       		.byte	0x5
 159 0060 696E7400 		.ascii	"int\000"
 160 0064 02       		.uleb128 0x2
 161 0065 04       		.byte	0x4
 162 0066 07       		.byte	0x7
 163 0067 E9010000 		.4byte	.LASF8
 164 006b 04       		.uleb128 0x4
 165 006c 4F020000 		.4byte	.LASF9
 166 0070 02       		.byte	0x2
 167 0071 9201     		.2byte	0x192
 168 0073 2C000000 		.4byte	0x2c
 169 0077 04       		.uleb128 0x4
 170 0078 D7010000 		.4byte	.LASF10
 171 007c 02       		.byte	0x2
 172 007d 9301     		.2byte	0x193
 173 007f 3A000000 		.4byte	0x3a
 174 0083 02       		.uleb128 0x2
 175 0084 04       		.byte	0x4
 176 0085 04       		.byte	0x4
 177 0086 20010000 		.4byte	.LASF11
 178 008a 02       		.uleb128 0x2
 179 008b 08       		.byte	0x8
 180 008c 04       		.byte	0x4
 181 008d BE010000 		.4byte	.LASF12
 182 0091 02       		.uleb128 0x2
 183 0092 01       		.byte	0x1
 184 0093 08       		.byte	0x8
 185 0094 35020000 		.4byte	.LASF13
 186 0098 02       		.uleb128 0x2
 187 0099 08       		.byte	0x8
 188 009a 04       		.byte	0x4
 189 009b 68020000 		.4byte	.LASF14
 190 009f 02       		.uleb128 0x2
 191 00a0 04       		.byte	0x4
 192 00a1 07       		.byte	0x7
 193 00a2 17020000 		.4byte	.LASF15
 194 00a6 05       		.uleb128 0x5
 195 00a7 0C       		.byte	0xc
 196 00a8 03       		.byte	0x3
 197 00a9 8D       		.byte	0x8d
 198 00aa 1B010000 		.4byte	0x11b
 199 00ae 06       		.uleb128 0x6
 200 00af C5010000 		.4byte	.LASF16
 201 00b3 03       		.byte	0x3
 202 00b4 8F       		.byte	0x8f
 203 00b5 6B000000 		.4byte	0x6b
 204 00b9 00       		.byte	0
 205 00ba 06       		.uleb128 0x6
 206 00bb DE010000 		.4byte	.LASF17
 207 00bf 03       		.byte	0x3
ARM GAS  C:\Users\CALEBC~1\AppData\Local\Temp\ccgNrWJ3.s 			page 7


 208 00c0 90       		.byte	0x90
 209 00c1 6B000000 		.4byte	0x6b
 210 00c5 01       		.byte	0x1
 211 00c6 06       		.uleb128 0x6
 212 00c7 0D020000 		.4byte	.LASF18
 213 00cb 03       		.byte	0x3
 214 00cc 91       		.byte	0x91
 215 00cd 6B000000 		.4byte	0x6b
 216 00d1 02       		.byte	0x2
 217 00d2 06       		.uleb128 0x6
 218 00d3 26010000 		.4byte	.LASF19
 219 00d7 03       		.byte	0x3
 220 00d8 92       		.byte	0x92
 221 00d9 6B000000 		.4byte	0x6b
 222 00dd 03       		.byte	0x3
 223 00de 06       		.uleb128 0x6
 224 00df 8A010000 		.4byte	.LASF20
 225 00e3 03       		.byte	0x3
 226 00e4 93       		.byte	0x93
 227 00e5 6B000000 		.4byte	0x6b
 228 00e9 04       		.byte	0x4
 229 00ea 06       		.uleb128 0x6
 230 00eb 20020000 		.4byte	.LASF21
 231 00ef 03       		.byte	0x3
 232 00f0 94       		.byte	0x94
 233 00f1 6B000000 		.4byte	0x6b
 234 00f5 05       		.byte	0x5
 235 00f6 06       		.uleb128 0x6
 236 00f7 CC010000 		.4byte	.LASF22
 237 00fb 03       		.byte	0x3
 238 00fc 95       		.byte	0x95
 239 00fd 77000000 		.4byte	0x77
 240 0101 06       		.byte	0x6
 241 0102 06       		.uleb128 0x6
 242 0103 3A020000 		.4byte	.LASF23
 243 0107 03       		.byte	0x3
 244 0108 96       		.byte	0x96
 245 0109 77000000 		.4byte	0x77
 246 010d 08       		.byte	0x8
 247 010e 06       		.uleb128 0x6
 248 010f 55020000 		.4byte	.LASF24
 249 0113 03       		.byte	0x3
 250 0114 97       		.byte	0x97
 251 0115 6B000000 		.4byte	0x6b
 252 0119 0A       		.byte	0xa
 253 011a 00       		.byte	0
 254 011b 07       		.uleb128 0x7
 255 011c F5000000 		.4byte	.LASF25
 256 0120 03       		.byte	0x3
 257 0121 98       		.byte	0x98
 258 0122 A6000000 		.4byte	0xa6
 259 0126 05       		.uleb128 0x5
 260 0127 08       		.byte	0x8
 261 0128 03       		.byte	0x3
 262 0129 C5       		.byte	0xc5
 263 012a 3B010000 		.4byte	0x13b
 264 012e 06       		.uleb128 0x6
ARM GAS  C:\Users\CALEBC~1\AppData\Local\Temp\ccgNrWJ3.s 			page 8


 265 012f 0A010000 		.4byte	.LASF26
 266 0133 03       		.byte	0x3
 267 0134 C7       		.byte	0xc7
 268 0135 3B010000 		.4byte	0x13b
 269 0139 00       		.byte	0
 270 013a 00       		.byte	0
 271 013b 08       		.uleb128 0x8
 272 013c 6B000000 		.4byte	0x6b
 273 0140 4B010000 		.4byte	0x14b
 274 0144 09       		.uleb128 0x9
 275 0145 9F000000 		.4byte	0x9f
 276 0149 07       		.byte	0x7
 277 014a 00       		.byte	0
 278 014b 07       		.uleb128 0x7
 279 014c A8010000 		.4byte	.LASF27
 280 0150 03       		.byte	0x3
 281 0151 C8       		.byte	0xc8
 282 0152 26010000 		.4byte	0x126
 283 0156 0A       		.uleb128 0xa
 284 0157 60010000 		.4byte	.LASF33
 285 015b 01       		.byte	0x1
 286 015c 29       		.byte	0x29
 287 015d 6B000000 		.4byte	0x6b
 288 0161 00000000 		.4byte	.LFB0
 289 0165 60000000 		.4byte	.LFE0-.LFB0
 290 0169 01       		.uleb128 0x1
 291 016a 9C       		.byte	0x9c
 292 016b 8C010000 		.4byte	0x18c
 293 016f 0B       		.uleb128 0xb
 294 0170 11010000 		.4byte	.LASF28
 295 0174 01       		.byte	0x1
 296 0175 2B       		.byte	0x2b
 297 0176 6B000000 		.4byte	0x6b
 298 017a 02       		.uleb128 0x2
 299 017b 91       		.byte	0x91
 300 017c 76       		.sleb128 -10
 301 017d 0B       		.uleb128 0xb
 302 017e 8F010000 		.4byte	.LASF29
 303 0182 01       		.byte	0x1
 304 0183 2C       		.byte	0x2c
 305 0184 6B000000 		.4byte	0x6b
 306 0188 02       		.uleb128 0x2
 307 0189 91       		.byte	0x91
 308 018a 77       		.sleb128 -9
 309 018b 00       		.byte	0
 310 018c 08       		.uleb128 0x8
 311 018d 9C010000 		.4byte	0x19c
 312 0191 9C010000 		.4byte	0x19c
 313 0195 09       		.uleb128 0x9
 314 0196 9F000000 		.4byte	0x9f
 315 019a 08       		.byte	0x8
 316 019b 00       		.byte	0
 317 019c 0C       		.uleb128 0xc
 318 019d 1B010000 		.4byte	0x11b
 319 01a1 0D       		.uleb128 0xd
 320 01a2 9F010000 		.4byte	.LASF34
 321 01a6 04       		.byte	0x4
ARM GAS  C:\Users\CALEBC~1\AppData\Local\Temp\ccgNrWJ3.s 			page 9


 322 01a7 79       		.byte	0x79
 323 01a8 AC010000 		.4byte	0x1ac
 324 01ac 0C       		.uleb128 0xc
 325 01ad 8C010000 		.4byte	0x18c
 326 01b1 00       		.byte	0
 327              		.section	.debug_abbrev,"",%progbits
 328              	.Ldebug_abbrev0:
 329 0000 01       		.uleb128 0x1
 330 0001 11       		.uleb128 0x11
 331 0002 01       		.byte	0x1
 332 0003 25       		.uleb128 0x25
 333 0004 0E       		.uleb128 0xe
 334 0005 13       		.uleb128 0x13
 335 0006 0B       		.uleb128 0xb
 336 0007 03       		.uleb128 0x3
 337 0008 0E       		.uleb128 0xe
 338 0009 1B       		.uleb128 0x1b
 339 000a 0E       		.uleb128 0xe
 340 000b 55       		.uleb128 0x55
 341 000c 17       		.uleb128 0x17
 342 000d 11       		.uleb128 0x11
 343 000e 01       		.uleb128 0x1
 344 000f 10       		.uleb128 0x10
 345 0010 17       		.uleb128 0x17
 346 0011 00       		.byte	0
 347 0012 00       		.byte	0
 348 0013 02       		.uleb128 0x2
 349 0014 24       		.uleb128 0x24
 350 0015 00       		.byte	0
 351 0016 0B       		.uleb128 0xb
 352 0017 0B       		.uleb128 0xb
 353 0018 3E       		.uleb128 0x3e
 354 0019 0B       		.uleb128 0xb
 355 001a 03       		.uleb128 0x3
 356 001b 0E       		.uleb128 0xe
 357 001c 00       		.byte	0
 358 001d 00       		.byte	0
 359 001e 03       		.uleb128 0x3
 360 001f 24       		.uleb128 0x24
 361 0020 00       		.byte	0
 362 0021 0B       		.uleb128 0xb
 363 0022 0B       		.uleb128 0xb
 364 0023 3E       		.uleb128 0x3e
 365 0024 0B       		.uleb128 0xb
 366 0025 03       		.uleb128 0x3
 367 0026 08       		.uleb128 0x8
 368 0027 00       		.byte	0
 369 0028 00       		.byte	0
 370 0029 04       		.uleb128 0x4
 371 002a 16       		.uleb128 0x16
 372 002b 00       		.byte	0
 373 002c 03       		.uleb128 0x3
 374 002d 0E       		.uleb128 0xe
 375 002e 3A       		.uleb128 0x3a
 376 002f 0B       		.uleb128 0xb
 377 0030 3B       		.uleb128 0x3b
 378 0031 05       		.uleb128 0x5
ARM GAS  C:\Users\CALEBC~1\AppData\Local\Temp\ccgNrWJ3.s 			page 10


 379 0032 49       		.uleb128 0x49
 380 0033 13       		.uleb128 0x13
 381 0034 00       		.byte	0
 382 0035 00       		.byte	0
 383 0036 05       		.uleb128 0x5
 384 0037 13       		.uleb128 0x13
 385 0038 01       		.byte	0x1
 386 0039 0B       		.uleb128 0xb
 387 003a 0B       		.uleb128 0xb
 388 003b 3A       		.uleb128 0x3a
 389 003c 0B       		.uleb128 0xb
 390 003d 3B       		.uleb128 0x3b
 391 003e 0B       		.uleb128 0xb
 392 003f 01       		.uleb128 0x1
 393 0040 13       		.uleb128 0x13
 394 0041 00       		.byte	0
 395 0042 00       		.byte	0
 396 0043 06       		.uleb128 0x6
 397 0044 0D       		.uleb128 0xd
 398 0045 00       		.byte	0
 399 0046 03       		.uleb128 0x3
 400 0047 0E       		.uleb128 0xe
 401 0048 3A       		.uleb128 0x3a
 402 0049 0B       		.uleb128 0xb
 403 004a 3B       		.uleb128 0x3b
 404 004b 0B       		.uleb128 0xb
 405 004c 49       		.uleb128 0x49
 406 004d 13       		.uleb128 0x13
 407 004e 38       		.uleb128 0x38
 408 004f 0B       		.uleb128 0xb
 409 0050 00       		.byte	0
 410 0051 00       		.byte	0
 411 0052 07       		.uleb128 0x7
 412 0053 16       		.uleb128 0x16
 413 0054 00       		.byte	0
 414 0055 03       		.uleb128 0x3
 415 0056 0E       		.uleb128 0xe
 416 0057 3A       		.uleb128 0x3a
 417 0058 0B       		.uleb128 0xb
 418 0059 3B       		.uleb128 0x3b
 419 005a 0B       		.uleb128 0xb
 420 005b 49       		.uleb128 0x49
 421 005c 13       		.uleb128 0x13
 422 005d 00       		.byte	0
 423 005e 00       		.byte	0
 424 005f 08       		.uleb128 0x8
 425 0060 01       		.uleb128 0x1
 426 0061 01       		.byte	0x1
 427 0062 49       		.uleb128 0x49
 428 0063 13       		.uleb128 0x13
 429 0064 01       		.uleb128 0x1
 430 0065 13       		.uleb128 0x13
 431 0066 00       		.byte	0
 432 0067 00       		.byte	0
 433 0068 09       		.uleb128 0x9
 434 0069 21       		.uleb128 0x21
 435 006a 00       		.byte	0
ARM GAS  C:\Users\CALEBC~1\AppData\Local\Temp\ccgNrWJ3.s 			page 11


 436 006b 49       		.uleb128 0x49
 437 006c 13       		.uleb128 0x13
 438 006d 2F       		.uleb128 0x2f
 439 006e 0B       		.uleb128 0xb
 440 006f 00       		.byte	0
 441 0070 00       		.byte	0
 442 0071 0A       		.uleb128 0xa
 443 0072 2E       		.uleb128 0x2e
 444 0073 01       		.byte	0x1
 445 0074 3F       		.uleb128 0x3f
 446 0075 19       		.uleb128 0x19
 447 0076 03       		.uleb128 0x3
 448 0077 0E       		.uleb128 0xe
 449 0078 3A       		.uleb128 0x3a
 450 0079 0B       		.uleb128 0xb
 451 007a 3B       		.uleb128 0x3b
 452 007b 0B       		.uleb128 0xb
 453 007c 27       		.uleb128 0x27
 454 007d 19       		.uleb128 0x19
 455 007e 49       		.uleb128 0x49
 456 007f 13       		.uleb128 0x13
 457 0080 11       		.uleb128 0x11
 458 0081 01       		.uleb128 0x1
 459 0082 12       		.uleb128 0x12
 460 0083 06       		.uleb128 0x6
 461 0084 40       		.uleb128 0x40
 462 0085 18       		.uleb128 0x18
 463 0086 9742     		.uleb128 0x2117
 464 0088 19       		.uleb128 0x19
 465 0089 01       		.uleb128 0x1
 466 008a 13       		.uleb128 0x13
 467 008b 00       		.byte	0
 468 008c 00       		.byte	0
 469 008d 0B       		.uleb128 0xb
 470 008e 34       		.uleb128 0x34
 471 008f 00       		.byte	0
 472 0090 03       		.uleb128 0x3
 473 0091 0E       		.uleb128 0xe
 474 0092 3A       		.uleb128 0x3a
 475 0093 0B       		.uleb128 0xb
 476 0094 3B       		.uleb128 0x3b
 477 0095 0B       		.uleb128 0xb
 478 0096 49       		.uleb128 0x49
 479 0097 13       		.uleb128 0x13
 480 0098 02       		.uleb128 0x2
 481 0099 18       		.uleb128 0x18
 482 009a 00       		.byte	0
 483 009b 00       		.byte	0
 484 009c 0C       		.uleb128 0xc
 485 009d 35       		.uleb128 0x35
 486 009e 00       		.byte	0
 487 009f 49       		.uleb128 0x49
 488 00a0 13       		.uleb128 0x13
 489 00a1 00       		.byte	0
 490 00a2 00       		.byte	0
 491 00a3 0D       		.uleb128 0xd
 492 00a4 34       		.uleb128 0x34
ARM GAS  C:\Users\CALEBC~1\AppData\Local\Temp\ccgNrWJ3.s 			page 12


 493 00a5 00       		.byte	0
 494 00a6 03       		.uleb128 0x3
 495 00a7 0E       		.uleb128 0xe
 496 00a8 3A       		.uleb128 0x3a
 497 00a9 0B       		.uleb128 0xb
 498 00aa 3B       		.uleb128 0x3b
 499 00ab 0B       		.uleb128 0xb
 500 00ac 49       		.uleb128 0x49
 501 00ad 13       		.uleb128 0x13
 502 00ae 3F       		.uleb128 0x3f
 503 00af 19       		.uleb128 0x19
 504 00b0 3C       		.uleb128 0x3c
 505 00b1 19       		.uleb128 0x19
 506 00b2 00       		.byte	0
 507 00b3 00       		.byte	0
 508 00b4 00       		.byte	0
 509              		.section	.debug_aranges,"",%progbits
 510 0000 1C000000 		.4byte	0x1c
 511 0004 0200     		.2byte	0x2
 512 0006 00000000 		.4byte	.Ldebug_info0
 513 000a 04       		.byte	0x4
 514 000b 00       		.byte	0
 515 000c 0000     		.2byte	0
 516 000e 0000     		.2byte	0
 517 0010 00000000 		.4byte	.LFB0
 518 0014 60000000 		.4byte	.LFE0-.LFB0
 519 0018 00000000 		.4byte	0
 520 001c 00000000 		.4byte	0
 521              		.section	.debug_ranges,"",%progbits
 522              	.Ldebug_ranges0:
 523 0000 00000000 		.4byte	.LFB0
 524 0004 60000000 		.4byte	.LFE0
 525 0008 00000000 		.4byte	0
 526 000c 00000000 		.4byte	0
 527              		.section	.debug_line,"",%progbits
 528              	.Ldebug_line0:
 529 0000 83000000 		.section	.debug_str,"MS",%progbits,1
 529      02006000 
 529      00000201 
 529      FB0E0D00 
 529      01010101 
 530              	.LASF30:
 531 0000 474E5520 		.ascii	"GNU C11 5.4.1 20160609 (release) [ARM/embedded-5-br"
 531      43313120 
 531      352E342E 
 531      31203230 
 531      31363036 
 532 0033 616E6368 		.ascii	"anch revision 237715] -mcpu=cortex-m3 -mthumb -g -O"
 532      20726576 
 532      6973696F 
 532      6E203233 
 532      37373135 
 533 0066 30202D66 		.ascii	"0 -ffunction-sections -ffat-lto-objects\000"
 533      66756E63 
 533      74696F6E 
 533      2D736563 
 533      74696F6E 
ARM GAS  C:\Users\CALEBC~1\AppData\Local\Temp\ccgNrWJ3.s 			page 13


 534              	.LASF32:
 535 008e 433A5C55 		.ascii	"C:\\Users\\Caleb Cotter\\Documents\\GitHub\\3HC\\3H"
 535      73657273 
 535      5C43616C 
 535      65622043 
 535      6F747465 
 536 00bb 435F4669 		.ascii	"C_Firmware\\USBFS_Bulk_Wraparound.cydsn\000"
 536      726D7761 
 536      72655C55 
 536      53424653 
 536      5F42756C 
 537              	.LASF3:
 538 00e2 73686F72 		.ascii	"short unsigned int\000"
 538      7420756E 
 538      7369676E 
 538      65642069 
 538      6E7400
 539              	.LASF25:
 540 00f5 545F5553 		.ascii	"T_USBFS_EP_CTL_BLOCK\000"
 540      4246535F 
 540      45505F43 
 540      544C5F42 
 540      4C4F434B 
 541              	.LASF26:
 542 010a 65704461 		.ascii	"epData\000"
 542      746100
 543              	.LASF28:
 544 0111 72657175 		.ascii	"requestHandled\000"
 544      65737448 
 544      616E646C 
 544      656400
 545              	.LASF11:
 546 0120 666C6F61 		.ascii	"float\000"
 546      7400
 547              	.LASF19:
 548 0126 6570546F 		.ascii	"epToggle\000"
 548      67676C65 
 548      00
 549              	.LASF31:
 550 012f 47656E65 		.ascii	"Generated_Source\\PSoC5\\USBFS_cls.c\000"
 550      72617465 
 550      645F536F 
 550      75726365 
 550      5C50536F 
 551              	.LASF1:
 552 0152 756E7369 		.ascii	"unsigned char\000"
 552      676E6564 
 552      20636861 
 552      7200
 553              	.LASF33:
 554 0160 55534246 		.ascii	"USBFS_DispatchClassRqst\000"
 554      535F4469 
 554      73706174 
 554      6368436C 
 554      61737352 
 555              	.LASF5:
 556 0178 6C6F6E67 		.ascii	"long unsigned int\000"
ARM GAS  C:\Users\CALEBC~1\AppData\Local\Temp\ccgNrWJ3.s 			page 14


 556      20756E73 
 556      69676E65 
 556      6420696E 
 556      7400
 557              	.LASF20:
 558 018a 61646472 		.ascii	"addr\000"
 558      00
 559              	.LASF29:
 560 018f 696E7465 		.ascii	"interfaceNumber\000"
 560      72666163 
 560      654E756D 
 560      62657200 
 561              	.LASF34:
 562 019f 55534246 		.ascii	"USBFS_EP\000"
 562      535F4550 
 562      00
 563              	.LASF27:
 564 01a8 55534246 		.ascii	"USBFS_ep0_data_struct\000"
 564      535F6570 
 564      305F6461 
 564      74615F73 
 564      74727563 
 565              	.LASF12:
 566 01be 646F7562 		.ascii	"double\000"
 566      6C6500
 567              	.LASF16:
 568 01c5 61747472 		.ascii	"attrib\000"
 568      696200
 569              	.LASF22:
 570 01cc 62756666 		.ascii	"buffOffset\000"
 570      4F666673 
 570      657400
 571              	.LASF10:
 572 01d7 75696E74 		.ascii	"uint16\000"
 572      313600
 573              	.LASF17:
 574 01de 61706945 		.ascii	"apiEpState\000"
 574      70537461 
 574      746500
 575              	.LASF8:
 576 01e9 756E7369 		.ascii	"unsigned int\000"
 576      676E6564 
 576      20696E74 
 576      00
 577              	.LASF7:
 578 01f6 6C6F6E67 		.ascii	"long long unsigned int\000"
 578      206C6F6E 
 578      6720756E 
 578      7369676E 
 578      65642069 
 579              	.LASF18:
 580 020d 68774570 		.ascii	"hwEpState\000"
 580      53746174 
 580      6500
 581              	.LASF15:
 582 0217 73697A65 		.ascii	"sizetype\000"
 582      74797065 
ARM GAS  C:\Users\CALEBC~1\AppData\Local\Temp\ccgNrWJ3.s 			page 15


 582      00
 583              	.LASF21:
 584 0220 65704D6F 		.ascii	"epMode\000"
 584      646500
 585              	.LASF6:
 586 0227 6C6F6E67 		.ascii	"long long int\000"
 586      206C6F6E 
 586      6720696E 
 586      7400
 587              	.LASF13:
 588 0235 63686172 		.ascii	"char\000"
 588      00
 589              	.LASF23:
 590 023a 62756666 		.ascii	"bufferSize\000"
 590      65725369 
 590      7A6500
 591              	.LASF2:
 592 0245 73686F72 		.ascii	"short int\000"
 592      7420696E 
 592      7400
 593              	.LASF9:
 594 024f 75696E74 		.ascii	"uint8\000"
 594      3800
 595              	.LASF24:
 596 0255 696E7465 		.ascii	"interface\000"
 596      72666163 
 596      6500
 597              	.LASF4:
 598 025f 6C6F6E67 		.ascii	"long int\000"
 598      20696E74 
 598      00
 599              	.LASF14:
 600 0268 6C6F6E67 		.ascii	"long double\000"
 600      20646F75 
 600      626C6500 
 601              	.LASF0:
 602 0274 7369676E 		.ascii	"signed char\000"
 602      65642063 
 602      68617200 
 603              		.ident	"GCC: (GNU Tools for ARM Embedded Processors) 5.4.1 20160609 (release) [ARM/embedded-5-bran
