ARM GAS  C:\Users\CALEBC~1\AppData\Local\Temp\ccC2Z5Vc.s 			page 1


   1              		.syntax unified
   2              		.cpu cortex-m3
   3              		.fpu softvfp
   4              		.eabi_attribute 20, 1
   5              		.eabi_attribute 21, 1
   6              		.eabi_attribute 23, 3
   7              		.eabi_attribute 24, 1
   8              		.eabi_attribute 25, 1
   9              		.eabi_attribute 26, 1
  10              		.eabi_attribute 30, 6
  11              		.eabi_attribute 34, 1
  12              		.eabi_attribute 18, 4
  13              		.thumb
  14              		.syntax unified
  15              		.file	"USBFS_descr.c"
  16              		.text
  17              	.Ltext0:
  18              		.cfi_sections	.debug_frame
  19              		.global	USBFS_DEVICE0_DESCR
  20              		.section	.rodata
  21              		.align	2
  22              		.type	USBFS_DEVICE0_DESCR, %object
  23              		.size	USBFS_DEVICE0_DESCR, 18
  24              	USBFS_DEVICE0_DESCR:
  25 0000 12       		.byte	18
  26 0001 01       		.byte	1
  27 0002 00       		.byte	0
  28 0003 02       		.byte	2
  29 0004 FF       		.byte	-1
  30 0005 00       		.byte	0
  31 0006 00       		.byte	0
  32 0007 08       		.byte	8
  33 0008 B4       		.byte	-76
  34 0009 04       		.byte	4
  35 000a 80       		.byte	-128
  36 000b 00       		.byte	0
  37 000c 00       		.byte	0
  38 000d 00       		.byte	0
  39 000e 01       		.byte	1
  40 000f 03       		.byte	3
  41 0010 80       		.byte	-128
  42 0011 01       		.byte	1
  43              		.global	USBFS_DEVICE0_CONFIGURATION0_DESCR
  44 0012 0000     		.align	2
  45              		.type	USBFS_DEVICE0_CONFIGURATION0_DESCR, %object
  46              		.size	USBFS_DEVICE0_CONFIGURATION0_DESCR, 32
  47              	USBFS_DEVICE0_CONFIGURATION0_DESCR:
  48 0014 09       		.byte	9
  49 0015 02       		.byte	2
  50 0016 20       		.byte	32
  51 0017 00       		.byte	0
  52 0018 01       		.byte	1
  53 0019 01       		.byte	1
  54 001a 04       		.byte	4
  55 001b 80       		.byte	-128
  56 001c 19       		.byte	25
  57 001d 09       		.byte	9
ARM GAS  C:\Users\CALEBC~1\AppData\Local\Temp\ccC2Z5Vc.s 			page 2


  58 001e 04       		.byte	4
  59 001f 00       		.byte	0
  60 0020 00       		.byte	0
  61 0021 02       		.byte	2
  62 0022 FF       		.byte	-1
  63 0023 00       		.byte	0
  64 0024 00       		.byte	0
  65 0025 04       		.byte	4
  66 0026 07       		.byte	7
  67 0027 05       		.byte	5
  68 0028 81       		.byte	-127
  69 0029 02       		.byte	2
  70 002a 40       		.byte	64
  71 002b 00       		.byte	0
  72 002c 00       		.byte	0
  73 002d 07       		.byte	7
  74 002e 05       		.byte	5
  75 002f 02       		.byte	2
  76 0030 02       		.byte	2
  77 0031 40       		.byte	64
  78 0032 00       		.byte	0
  79 0033 00       		.byte	0
  80              		.global	USBFS_STRING_DESCRIPTORS
  81              		.align	2
  82              		.type	USBFS_STRING_DESCRIPTORS, %object
  83              		.size	USBFS_STRING_DESCRIPTORS, 151
  84              	USBFS_STRING_DESCRIPTORS:
  85 0034 04       		.byte	4
  86 0035 03       		.byte	3
  87 0036 09       		.byte	9
  88 0037 04       		.byte	4
  89 0038 2C       		.byte	44
  90 0039 03       		.byte	3
  91 003a 43       		.byte	67
  92 003b 00       		.byte	0
  93 003c 79       		.byte	121
  94 003d 00       		.byte	0
  95 003e 70       		.byte	112
  96 003f 00       		.byte	0
  97 0040 72       		.byte	114
  98 0041 00       		.byte	0
  99 0042 65       		.byte	101
 100 0043 00       		.byte	0
 101 0044 73       		.byte	115
 102 0045 00       		.byte	0
 103 0046 73       		.byte	115
 104 0047 00       		.byte	0
 105 0048 20       		.byte	32
 106 0049 00       		.byte	0
 107 004a 53       		.byte	83
 108 004b 00       		.byte	0
 109 004c 65       		.byte	101
 110 004d 00       		.byte	0
 111 004e 6D       		.byte	109
 112 004f 00       		.byte	0
 113 0050 69       		.byte	105
 114 0051 00       		.byte	0
ARM GAS  C:\Users\CALEBC~1\AppData\Local\Temp\ccC2Z5Vc.s 			page 3


 115 0052 63       		.byte	99
 116 0053 00       		.byte	0
 117 0054 6F       		.byte	111
 118 0055 00       		.byte	0
 119 0056 6E       		.byte	110
 120 0057 00       		.byte	0
 121 0058 64       		.byte	100
 122 0059 00       		.byte	0
 123 005a 75       		.byte	117
 124 005b 00       		.byte	0
 125 005c 63       		.byte	99
 126 005d 00       		.byte	0
 127 005e 74       		.byte	116
 128 005f 00       		.byte	0
 129 0060 6F       		.byte	111
 130 0061 00       		.byte	0
 131 0062 72       		.byte	114
 132 0063 00       		.byte	0
 133 0064 4A       		.byte	74
 134 0065 03       		.byte	3
 135 0066 47       		.byte	71
 136 0067 00       		.byte	0
 137 0068 65       		.byte	101
 138 0069 00       		.byte	0
 139 006a 6E       		.byte	110
 140 006b 00       		.byte	0
 141 006c 65       		.byte	101
 142 006d 00       		.byte	0
 143 006e 72       		.byte	114
 144 006f 00       		.byte	0
 145 0070 69       		.byte	105
 146 0071 00       		.byte	0
 147 0072 63       		.byte	99
 148 0073 00       		.byte	0
 149 0074 20       		.byte	32
 150 0075 00       		.byte	0
 151 0076 55       		.byte	85
 152 0077 00       		.byte	0
 153 0078 53       		.byte	83
 154 0079 00       		.byte	0
 155 007a 42       		.byte	66
 156 007b 00       		.byte	0
 157 007c 20       		.byte	32
 158 007d 00       		.byte	0
 159 007e 42       		.byte	66
 160 007f 00       		.byte	0
 161 0080 75       		.byte	117
 162 0081 00       		.byte	0
 163 0082 6C       		.byte	108
 164 0083 00       		.byte	0
 165 0084 6B       		.byte	107
 166 0085 00       		.byte	0
 167 0086 20       		.byte	32
 168 0087 00       		.byte	0
 169 0088 57       		.byte	87
 170 0089 00       		.byte	0
 171 008a 72       		.byte	114
ARM GAS  C:\Users\CALEBC~1\AppData\Local\Temp\ccC2Z5Vc.s 			page 4


 172 008b 00       		.byte	0
 173 008c 61       		.byte	97
 174 008d 00       		.byte	0
 175 008e 70       		.byte	112
 176 008f 00       		.byte	0
 177 0090 61       		.byte	97
 178 0091 00       		.byte	0
 179 0092 72       		.byte	114
 180 0093 00       		.byte	0
 181 0094 6F       		.byte	111
 182 0095 00       		.byte	0
 183 0096 75       		.byte	117
 184 0097 00       		.byte	0
 185 0098 6E       		.byte	110
 186 0099 00       		.byte	0
 187 009a 64       		.byte	100
 188 009b 00       		.byte	0
 189 009c 20       		.byte	32
 190 009d 00       		.byte	0
 191 009e 54       		.byte	84
 192 009f 00       		.byte	0
 193 00a0 72       		.byte	114
 194 00a1 00       		.byte	0
 195 00a2 61       		.byte	97
 196 00a3 00       		.byte	0
 197 00a4 6E       		.byte	110
 198 00a5 00       		.byte	0
 199 00a6 73       		.byte	115
 200 00a7 00       		.byte	0
 201 00a8 66       		.byte	102
 202 00a9 00       		.byte	0
 203 00aa 65       		.byte	101
 204 00ab 00       		.byte	0
 205 00ac 72       		.byte	114
 206 00ad 00       		.byte	0
 207 00ae 12       		.byte	18
 208 00af 03       		.byte	3
 209 00b0 75       		.byte	117
 210 00b1 00       		.byte	0
 211 00b2 73       		.byte	115
 212 00b3 00       		.byte	0
 213 00b4 62       		.byte	98
 214 00b5 00       		.byte	0
 215 00b6 5F       		.byte	95
 216 00b7 00       		.byte	0
 217 00b8 65       		.byte	101
 218 00b9 00       		.byte	0
 219 00ba 63       		.byte	99
 220 00bb 00       		.byte	0
 221 00bc 68       		.byte	104
 222 00bd 00       		.byte	0
 223 00be 6F       		.byte	111
 224 00bf 00       		.byte	0
 225 00c0 0A       		.byte	10
 226 00c1 03       		.byte	3
 227 00c2 6D       		.byte	109
 228 00c3 00       		.byte	0
ARM GAS  C:\Users\CALEBC~1\AppData\Local\Temp\ccC2Z5Vc.s 			page 5


 229 00c4 61       		.byte	97
 230 00c5 00       		.byte	0
 231 00c6 69       		.byte	105
 232 00c7 00       		.byte	0
 233 00c8 6E       		.byte	110
 234 00c9 00       		.byte	0
 235 00ca 00       		.byte	0
 236              		.global	USBFS_SN_STRING_DESCRIPTOR
 237 00cb 00       		.align	2
 238              		.type	USBFS_SN_STRING_DESCRIPTOR, %object
 239              		.size	USBFS_SN_STRING_DESCRIPTOR, 2
 240              	USBFS_SN_STRING_DESCRIPTOR:
 241 00cc 02       		.byte	2
 242 00cd 03       		.byte	3
 243              		.global	USBFS_DEVICE0_CONFIGURATION0_EP_SETTINGS_TABLE
 244 00ce 0000     		.align	2
 245              		.type	USBFS_DEVICE0_CONFIGURATION0_EP_SETTINGS_TABLE, %object
 246              		.size	USBFS_DEVICE0_CONFIGURATION0_EP_SETTINGS_TABLE, 16
 247              	USBFS_DEVICE0_CONFIGURATION0_EP_SETTINGS_TABLE:
 248 00d0 00       		.byte	0
 249 00d1 00       		.byte	0
 250 00d2 81       		.byte	-127
 251 00d3 02       		.byte	2
 252 00d4 4000     		.short	64
 253 00d6 FF       		.byte	-1
 254 00d7 00       		.space	1
 255 00d8 00       		.byte	0
 256 00d9 00       		.byte	0
 257 00da 02       		.byte	2
 258 00db 02       		.byte	2
 259 00dc 4000     		.short	64
 260 00de FF       		.byte	-1
 261 00df 00       		.space	1
 262              		.global	USBFS_DEVICE0_CONFIGURATION0_INTERFACE_CLASS
 263              		.align	2
 264              		.type	USBFS_DEVICE0_CONFIGURATION0_INTERFACE_CLASS, %object
 265              		.size	USBFS_DEVICE0_CONFIGURATION0_INTERFACE_CLASS, 1
 266              	USBFS_DEVICE0_CONFIGURATION0_INTERFACE_CLASS:
 267 00e0 FF       		.byte	-1
 268              		.global	USBFS_DEVICE0_CONFIGURATION0_TABLE
 269 00e1 000000   		.align	2
 270              		.type	USBFS_DEVICE0_CONFIGURATION0_TABLE, %object
 271              		.size	USBFS_DEVICE0_CONFIGURATION0_TABLE, 32
 272              	USBFS_DEVICE0_CONFIGURATION0_TABLE:
 273 00e4 01       		.byte	1
 274 00e5 000000   		.space	3
 275 00e8 00000000 		.word	USBFS_DEVICE0_CONFIGURATION0_DESCR
 276 00ec 02       		.byte	2
 277 00ed 000000   		.space	3
 278 00f0 00000000 		.word	USBFS_DEVICE0_CONFIGURATION0_EP_SETTINGS_TABLE
 279 00f4 00       		.byte	0
 280 00f5 000000   		.space	3
 281 00f8 00000000 		.word	0
 282 00fc 00       		.byte	0
 283 00fd 000000   		.space	3
 284 0100 00000000 		.word	USBFS_DEVICE0_CONFIGURATION0_INTERFACE_CLASS
 285              		.global	USBFS_DEVICE0_TABLE
ARM GAS  C:\Users\CALEBC~1\AppData\Local\Temp\ccC2Z5Vc.s 			page 6


 286              		.align	2
 287              		.type	USBFS_DEVICE0_TABLE, %object
 288              		.size	USBFS_DEVICE0_TABLE, 24
 289              	USBFS_DEVICE0_TABLE:
 290 0104 01       		.byte	1
 291 0105 000000   		.space	3
 292 0108 00000000 		.word	USBFS_DEVICE0_DESCR
 293 010c 00       		.byte	0
 294 010d 000000   		.space	3
 295 0110 00000000 		.word	0
 296 0114 01       		.byte	1
 297 0115 000000   		.space	3
 298 0118 00000000 		.word	USBFS_DEVICE0_CONFIGURATION0_TABLE
 299              		.global	USBFS_TABLE
 300              		.align	2
 301              		.type	USBFS_TABLE, %object
 302              		.size	USBFS_TABLE, 8
 303              	USBFS_TABLE:
 304 011c 01       		.byte	1
 305 011d 000000   		.space	3
 306 0120 00000000 		.word	USBFS_DEVICE0_TABLE
 307              		.global	USBFS_MSOS_DESCRIPTOR
 308              		.align	2
 309              		.type	USBFS_MSOS_DESCRIPTOR, %object
 310              		.size	USBFS_MSOS_DESCRIPTOR, 18
 311              	USBFS_MSOS_DESCRIPTOR:
 312 0124 12       		.byte	18
 313 0125 03       		.byte	3
 314 0126 4D       		.byte	77
 315 0127 00       		.byte	0
 316 0128 53       		.byte	83
 317 0129 00       		.byte	0
 318 012a 46       		.byte	70
 319 012b 00       		.byte	0
 320 012c 54       		.byte	84
 321 012d 00       		.byte	0
 322 012e 31       		.byte	49
 323 012f 00       		.byte	0
 324 0130 30       		.byte	48
 325 0131 00       		.byte	0
 326 0132 30       		.byte	48
 327 0133 00       		.byte	0
 328 0134 01       		.byte	1
 329 0135 00       		.byte	0
 330              		.global	USBFS_MSOS_CONFIGURATION_DESCR
 331 0136 0000     		.align	2
 332              		.type	USBFS_MSOS_CONFIGURATION_DESCR, %object
 333              		.size	USBFS_MSOS_CONFIGURATION_DESCR, 40
 334              	USBFS_MSOS_CONFIGURATION_DESCR:
 335 0138 28       		.byte	40
 336 0139 00       		.byte	0
 337 013a 00       		.byte	0
 338 013b 00       		.byte	0
 339 013c 00       		.byte	0
 340 013d 01       		.byte	1
 341 013e 04       		.byte	4
 342 013f 00       		.byte	0
ARM GAS  C:\Users\CALEBC~1\AppData\Local\Temp\ccC2Z5Vc.s 			page 7


 343 0140 01       		.byte	1
 344 0141 00       		.byte	0
 345 0142 00       		.byte	0
 346 0143 00       		.byte	0
 347 0144 00       		.byte	0
 348 0145 00       		.byte	0
 349 0146 00       		.byte	0
 350 0147 00       		.byte	0
 351 0148 00       		.byte	0
 352 0149 01       		.byte	1
 353 014a 43       		.byte	67
 354 014b 59       		.byte	89
 355 014c 55       		.byte	85
 356 014d 53       		.byte	83
 357 014e 42       		.byte	66
 358 014f 00       		.byte	0
 359 0150 00       		.byte	0
 360 0151 00       		.byte	0
 361 0152 30       		.byte	48
 362 0153 30       		.byte	48
 363 0154 30       		.byte	48
 364 0155 30       		.byte	48
 365 0156 31       		.byte	49
 366 0157 00       		.byte	0
 367 0158 00       		.byte	0
 368 0159 00       		.byte	0
 369 015a 00       		.byte	0
 370 015b 00       		.byte	0
 371 015c 00       		.byte	0
 372 015d 00       		.byte	0
 373 015e 00       		.byte	0
 374 015f 00       		.byte	0
 375              		.comm	USBFS_idSerialNumberStringDescriptor,34,4
 376              		.text
 377              	.Letext0:
 378              		.file 1 "Generated_Source\\PSoC5\\cytypes.h"
 379              		.file 2 "Generated_Source\\PSoC5\\USBFS.h"
 380              		.file 3 "Generated_Source\\PSoC5\\USBFS_descr.c"
 381              		.section	.debug_info,"",%progbits
 382              	.Ldebug_info0:
 383 0000 EA020000 		.4byte	0x2ea
 384 0004 0400     		.2byte	0x4
 385 0006 00000000 		.4byte	.Ldebug_abbrev0
 386 000a 04       		.byte	0x4
 387 000b 01       		.uleb128 0x1
 388 000c 14000000 		.4byte	.LASF37
 389 0010 0C       		.byte	0xc
 390 0011 60020000 		.4byte	.LASF38
 391 0015 AE000000 		.4byte	.LASF39
 392 0019 00000000 		.4byte	.Ldebug_line0
 393 001d 02       		.uleb128 0x2
 394 001e 01       		.byte	0x1
 395 001f 06       		.byte	0x6
 396 0020 74030000 		.4byte	.LASF0
 397 0024 02       		.uleb128 0x2
 398 0025 01       		.byte	0x1
 399 0026 08       		.byte	0x8
ARM GAS  C:\Users\CALEBC~1\AppData\Local\Temp\ccC2Z5Vc.s 			page 8


 400 0027 A1010000 		.4byte	.LASF1
 401 002b 02       		.uleb128 0x2
 402 002c 02       		.byte	0x2
 403 002d 05       		.byte	0x5
 404 002e 01030000 		.4byte	.LASF2
 405 0032 02       		.uleb128 0x2
 406 0033 02       		.byte	0x2
 407 0034 07       		.byte	0x7
 408 0035 02010000 		.4byte	.LASF3
 409 0039 02       		.uleb128 0x2
 410 003a 04       		.byte	0x4
 411 003b 05       		.byte	0x5
 412 003c 5F030000 		.4byte	.LASF4
 413 0040 02       		.uleb128 0x2
 414 0041 04       		.byte	0x4
 415 0042 07       		.byte	0x7
 416 0043 A6020000 		.4byte	.LASF5
 417 0047 02       		.uleb128 0x2
 418 0048 08       		.byte	0x8
 419 0049 05       		.byte	0x5
 420 004a C1020000 		.4byte	.LASF6
 421 004e 02       		.uleb128 0x2
 422 004f 08       		.byte	0x8
 423 0050 07       		.byte	0x7
 424 0051 49020000 		.4byte	.LASF7
 425 0055 03       		.uleb128 0x3
 426 0056 04       		.byte	0x4
 427 0057 05       		.byte	0x5
 428 0058 696E7400 		.ascii	"int\000"
 429 005c 02       		.uleb128 0x2
 430 005d 04       		.byte	0x4
 431 005e 07       		.byte	0x7
 432 005f 3C020000 		.4byte	.LASF8
 433 0063 04       		.uleb128 0x4
 434 0064 2A030000 		.4byte	.LASF9
 435 0068 01       		.byte	0x1
 436 0069 9201     		.2byte	0x192
 437 006b 24000000 		.4byte	0x24
 438 006f 04       		.uleb128 0x4
 439 0070 B6010000 		.4byte	.LASF10
 440 0074 01       		.byte	0x1
 441 0075 9301     		.2byte	0x193
 442 0077 32000000 		.4byte	0x32
 443 007b 02       		.uleb128 0x2
 444 007c 04       		.byte	0x4
 445 007d 04       		.byte	0x4
 446 007e 30010000 		.4byte	.LASF11
 447 0082 02       		.uleb128 0x2
 448 0083 08       		.byte	0x8
 449 0084 04       		.byte	0x4
 450 0085 AF010000 		.4byte	.LASF12
 451 0089 02       		.uleb128 0x2
 452 008a 01       		.byte	0x1
 453 008b 08       		.byte	0x8
 454 008c DB020000 		.4byte	.LASF13
 455 0090 02       		.uleb128 0x2
 456 0091 08       		.byte	0x8
ARM GAS  C:\Users\CALEBC~1\AppData\Local\Temp\ccC2Z5Vc.s 			page 9


 457 0092 04       		.byte	0x4
 458 0093 68030000 		.4byte	.LASF14
 459 0097 02       		.uleb128 0x2
 460 0098 04       		.byte	0x4
 461 0099 07       		.byte	0x7
 462 009a B8020000 		.4byte	.LASF15
 463 009e 05       		.uleb128 0x5
 464 009f 08       		.byte	0x8
 465 00a0 02       		.byte	0x2
 466 00a1 9A       		.byte	0x9a
 467 00a2 EF000000 		.4byte	0xef
 468 00a6 06       		.uleb128 0x6
 469 00a7 30030000 		.4byte	.LASF16
 470 00ab 02       		.byte	0x2
 471 00ac 9C       		.byte	0x9c
 472 00ad 63000000 		.4byte	0x63
 473 00b1 00       		.byte	0
 474 00b2 06       		.uleb128 0x6
 475 00b3 36010000 		.4byte	.LASF17
 476 00b7 02       		.byte	0x2
 477 00b8 9D       		.byte	0x9d
 478 00b9 63000000 		.4byte	0x63
 479 00bd 01       		.byte	0x1
 480 00be 06       		.uleb128 0x6
 481 00bf 88010000 		.4byte	.LASF18
 482 00c3 02       		.byte	0x2
 483 00c4 9E       		.byte	0x9e
 484 00c5 63000000 		.4byte	0x63
 485 00c9 02       		.byte	0x2
 486 00ca 06       		.uleb128 0x6
 487 00cb 5A010000 		.4byte	.LASF19
 488 00cf 02       		.byte	0x2
 489 00d0 9F       		.byte	0x9f
 490 00d1 63000000 		.4byte	0x63
 491 00d5 03       		.byte	0x3
 492 00d6 06       		.uleb128 0x6
 493 00d7 F6020000 		.4byte	.LASF20
 494 00db 02       		.byte	0x2
 495 00dc A0       		.byte	0xa0
 496 00dd 6F000000 		.4byte	0x6f
 497 00e1 04       		.byte	0x4
 498 00e2 06       		.uleb128 0x6
 499 00e3 80030000 		.4byte	.LASF21
 500 00e7 02       		.byte	0x2
 501 00e8 A1       		.byte	0xa1
 502 00e9 63000000 		.4byte	0x63
 503 00ed 06       		.byte	0x6
 504 00ee 00       		.byte	0
 505 00ef 07       		.uleb128 0x7
 506 00f0 8C020000 		.4byte	.LASF22
 507 00f4 02       		.byte	0x2
 508 00f5 A2       		.byte	0xa2
 509 00f6 9E000000 		.4byte	0x9e
 510 00fa 05       		.uleb128 0x5
 511 00fb 08       		.byte	0x8
 512 00fc 02       		.byte	0x2
 513 00fd B1       		.byte	0xb1
ARM GAS  C:\Users\CALEBC~1\AppData\Local\Temp\ccC2Z5Vc.s 			page 10


 514 00fe 19010000 		.4byte	0x119
 515 0102 08       		.uleb128 0x8
 516 0103 6300     		.ascii	"c\000"
 517 0105 02       		.byte	0x2
 518 0106 B3       		.byte	0xb3
 519 0107 63000000 		.4byte	0x63
 520 010b 00       		.byte	0
 521 010c 06       		.uleb128 0x6
 522 010d 85020000 		.4byte	.LASF23
 523 0111 02       		.byte	0x2
 524 0112 B4       		.byte	0xb4
 525 0113 19010000 		.4byte	0x119
 526 0117 04       		.byte	0x4
 527 0118 00       		.byte	0
 528 0119 09       		.uleb128 0x9
 529 011a 04       		.byte	0x4
 530 011b 1F010000 		.4byte	0x11f
 531 011f 0A       		.uleb128 0xa
 532 0120 07       		.uleb128 0x7
 533 0121 CF020000 		.4byte	.LASF24
 534 0125 02       		.byte	0x2
 535 0126 B5       		.byte	0xb5
 536 0127 FA000000 		.4byte	0xfa
 537 012b 0B       		.uleb128 0xb
 538 012c 3B010000 		.4byte	0x13b
 539 0130 3B010000 		.4byte	0x13b
 540 0134 0C       		.uleb128 0xc
 541 0135 97000000 		.4byte	0x97
 542 0139 11       		.byte	0x11
 543 013a 00       		.byte	0
 544 013b 0D       		.uleb128 0xd
 545 013c 63000000 		.4byte	0x63
 546 0140 0E       		.uleb128 0xe
 547 0141 00000000 		.4byte	.LASF25
 548 0145 03       		.byte	0x3
 549 0146 24       		.byte	0x24
 550 0147 51010000 		.4byte	0x151
 551 014b 05       		.uleb128 0x5
 552 014c 03       		.byte	0x3
 553 014d 00000000 		.4byte	USBFS_DEVICE0_DESCR
 554 0151 0D       		.uleb128 0xd
 555 0152 2B010000 		.4byte	0x12b
 556 0156 0B       		.uleb128 0xb
 557 0157 3B010000 		.4byte	0x13b
 558 015b 66010000 		.4byte	0x166
 559 015f 0C       		.uleb128 0xc
 560 0160 97000000 		.4byte	0x97
 561 0164 1F       		.byte	0x1f
 562 0165 00       		.byte	0
 563 0166 0E       		.uleb128 0xe
 564 0167 EC010000 		.4byte	.LASF26
 565 016b 03       		.byte	0x3
 566 016c 37       		.byte	0x37
 567 016d 77010000 		.4byte	0x177
 568 0171 05       		.uleb128 0x5
 569 0172 03       		.byte	0x3
 570 0173 00000000 		.4byte	USBFS_DEVICE0_CONFIGURATION0_DESCR
ARM GAS  C:\Users\CALEBC~1\AppData\Local\Temp\ccC2Z5Vc.s 			page 11


 571 0177 0D       		.uleb128 0xd
 572 0178 56010000 		.4byte	0x156
 573 017c 0B       		.uleb128 0xb
 574 017d 8C010000 		.4byte	0x18c
 575 0181 8C010000 		.4byte	0x18c
 576 0185 0C       		.uleb128 0xc
 577 0186 97000000 		.4byte	0x97
 578 018a 01       		.byte	0x1
 579 018b 00       		.byte	0
 580 018c 0D       		.uleb128 0xd
 581 018d EF000000 		.4byte	0xef
 582 0191 0E       		.uleb128 0xe
 583 0192 BD010000 		.4byte	.LASF27
 584 0196 03       		.byte	0x3
 585 0197 A4       		.byte	0xa4
 586 0198 A2010000 		.4byte	0x1a2
 587 019c 05       		.uleb128 0x5
 588 019d 03       		.byte	0x3
 589 019e 00000000 		.4byte	USBFS_DEVICE0_CONFIGURATION0_EP_SETTINGS_TABLE
 590 01a2 0D       		.uleb128 0xd
 591 01a3 7C010000 		.4byte	0x17c
 592 01a7 0B       		.uleb128 0xb
 593 01a8 3B010000 		.4byte	0x13b
 594 01ac B7010000 		.4byte	0x1b7
 595 01b0 0C       		.uleb128 0xc
 596 01b1 97000000 		.4byte	0x97
 597 01b5 00       		.byte	0
 598 01b6 00       		.byte	0
 599 01b7 0E       		.uleb128 0xe
 600 01b8 0F020000 		.4byte	.LASF28
 601 01bc 03       		.byte	0x3
 602 01bd A9       		.byte	0xa9
 603 01be C8010000 		.4byte	0x1c8
 604 01c2 05       		.uleb128 0x5
 605 01c3 03       		.byte	0x3
 606 01c4 00000000 		.4byte	USBFS_DEVICE0_CONFIGURATION0_INTERFACE_CLASS
 607 01c8 0D       		.uleb128 0xd
 608 01c9 A7010000 		.4byte	0x1a7
 609 01cd 0B       		.uleb128 0xb
 610 01ce DD010000 		.4byte	0x1dd
 611 01d2 DD010000 		.4byte	0x1dd
 612 01d6 0C       		.uleb128 0xc
 613 01d7 97000000 		.4byte	0x97
 614 01db 03       		.byte	0x3
 615 01dc 00       		.byte	0
 616 01dd 0D       		.uleb128 0xd
 617 01de 20010000 		.4byte	0x120
 618 01e2 0E       		.uleb128 0xe
 619 01e3 65010000 		.4byte	.LASF29
 620 01e7 03       		.byte	0x3
 621 01e8 B1       		.byte	0xb1
 622 01e9 F3010000 		.4byte	0x1f3
 623 01ed 05       		.uleb128 0x5
 624 01ee 03       		.byte	0x3
 625 01ef 00000000 		.4byte	USBFS_DEVICE0_CONFIGURATION0_TABLE
 626 01f3 0D       		.uleb128 0xd
 627 01f4 CD010000 		.4byte	0x1cd
ARM GAS  C:\Users\CALEBC~1\AppData\Local\Temp\ccC2Z5Vc.s 			page 12


 628 01f8 0B       		.uleb128 0xb
 629 01f9 DD010000 		.4byte	0x1dd
 630 01fd 08020000 		.4byte	0x208
 631 0201 0C       		.uleb128 0xc
 632 0202 97000000 		.4byte	0x97
 633 0206 02       		.byte	0x2
 634 0207 00       		.byte	0
 635 0208 0E       		.uleb128 0xe
 636 0209 8D010000 		.4byte	.LASF30
 637 020d 03       		.byte	0x3
 638 020e BB       		.byte	0xbb
 639 020f 19020000 		.4byte	0x219
 640 0213 05       		.uleb128 0x5
 641 0214 03       		.byte	0x3
 642 0215 00000000 		.4byte	USBFS_DEVICE0_TABLE
 643 0219 0D       		.uleb128 0xd
 644 021a F8010000 		.4byte	0x1f8
 645 021e 0B       		.uleb128 0xb
 646 021f DD010000 		.4byte	0x1dd
 647 0223 2E020000 		.4byte	0x22e
 648 0227 0C       		.uleb128 0xc
 649 0228 97000000 		.4byte	0x97
 650 022c 00       		.byte	0
 651 022d 00       		.byte	0
 652 022e 0E       		.uleb128 0xe
 653 022f A2000000 		.4byte	.LASF31
 654 0233 03       		.byte	0x3
 655 0234 C3       		.byte	0xc3
 656 0235 3F020000 		.4byte	0x23f
 657 0239 05       		.uleb128 0x5
 658 023a 03       		.byte	0x3
 659 023b 00000000 		.4byte	USBFS_TABLE
 660 023f 0D       		.uleb128 0xd
 661 0240 1E020000 		.4byte	0x21e
 662 0244 0B       		.uleb128 0xb
 663 0245 3B010000 		.4byte	0x13b
 664 0249 54020000 		.4byte	0x254
 665 024d 0C       		.uleb128 0xc
 666 024e 97000000 		.4byte	0x97
 667 0252 01       		.byte	0x1
 668 0253 00       		.byte	0
 669 0254 0E       		.uleb128 0xe
 670 0255 15010000 		.4byte	.LASF32
 671 0259 03       		.byte	0x3
 672 025a 95       		.byte	0x95
 673 025b 65020000 		.4byte	0x265
 674 025f 05       		.uleb128 0x5
 675 0260 03       		.byte	0x3
 676 0261 00000000 		.4byte	USBFS_SN_STRING_DESCRIPTOR
 677 0265 0D       		.uleb128 0xd
 678 0266 44020000 		.4byte	0x244
 679 026a 0B       		.uleb128 0xb
 680 026b 3B010000 		.4byte	0x13b
 681 026f 7A020000 		.4byte	0x27a
 682 0273 0C       		.uleb128 0xc
 683 0274 97000000 		.4byte	0x97
 684 0278 96       		.byte	0x96
ARM GAS  C:\Users\CALEBC~1\AppData\Local\Temp\ccC2Z5Vc.s 			page 13


 685 0279 00       		.byte	0
 686 027a 0E       		.uleb128 0xe
 687 027b 41010000 		.4byte	.LASF33
 688 027f 03       		.byte	0x3
 689 0280 63       		.byte	0x63
 690 0281 8B020000 		.4byte	0x28b
 691 0285 05       		.uleb128 0x5
 692 0286 03       		.byte	0x3
 693 0287 00000000 		.4byte	USBFS_STRING_DESCRIPTORS
 694 028b 0D       		.uleb128 0xd
 695 028c 6A020000 		.4byte	0x26a
 696 0290 0E       		.uleb128 0xe
 697 0291 E0020000 		.4byte	.LASF34
 698 0295 03       		.byte	0x3
 699 0296 D3       		.byte	0xd3
 700 0297 A1020000 		.4byte	0x2a1
 701 029b 05       		.uleb128 0x5
 702 029c 03       		.byte	0x3
 703 029d 00000000 		.4byte	USBFS_MSOS_DESCRIPTOR
 704 02a1 0D       		.uleb128 0xd
 705 02a2 2B010000 		.4byte	0x12b
 706 02a6 0B       		.uleb128 0xb
 707 02a7 3B010000 		.4byte	0x13b
 708 02ab B6020000 		.4byte	0x2b6
 709 02af 0C       		.uleb128 0xc
 710 02b0 97000000 		.4byte	0x97
 711 02b4 27       		.byte	0x27
 712 02b5 00       		.byte	0
 713 02b6 0E       		.uleb128 0xe
 714 02b7 0B030000 		.4byte	.LASF35
 715 02bb 03       		.byte	0x3
 716 02bc DE       		.byte	0xde
 717 02bd C7020000 		.4byte	0x2c7
 718 02c1 05       		.uleb128 0x5
 719 02c2 03       		.byte	0x3
 720 02c3 00000000 		.4byte	USBFS_MSOS_CONFIGURATION_DESCR
 721 02c7 0D       		.uleb128 0xd
 722 02c8 A6020000 		.4byte	0x2a6
 723 02cc 0B       		.uleb128 0xb
 724 02cd 63000000 		.4byte	0x63
 725 02d1 DC020000 		.4byte	0x2dc
 726 02d5 0C       		.uleb128 0xc
 727 02d6 97000000 		.4byte	0x97
 728 02da 21       		.byte	0x21
 729 02db 00       		.byte	0
 730 02dc 0E       		.uleb128 0xe
 731 02dd 3A030000 		.4byte	.LASF36
 732 02e1 03       		.byte	0x3
 733 02e2 F1       		.byte	0xf1
 734 02e3 CC020000 		.4byte	0x2cc
 735 02e7 05       		.uleb128 0x5
 736 02e8 03       		.byte	0x3
 737 02e9 00000000 		.4byte	USBFS_idSerialNumberStringDescriptor
 738 02ed 00       		.byte	0
 739              		.section	.debug_abbrev,"",%progbits
 740              	.Ldebug_abbrev0:
 741 0000 01       		.uleb128 0x1
ARM GAS  C:\Users\CALEBC~1\AppData\Local\Temp\ccC2Z5Vc.s 			page 14


 742 0001 11       		.uleb128 0x11
 743 0002 01       		.byte	0x1
 744 0003 25       		.uleb128 0x25
 745 0004 0E       		.uleb128 0xe
 746 0005 13       		.uleb128 0x13
 747 0006 0B       		.uleb128 0xb
 748 0007 03       		.uleb128 0x3
 749 0008 0E       		.uleb128 0xe
 750 0009 1B       		.uleb128 0x1b
 751 000a 0E       		.uleb128 0xe
 752 000b 10       		.uleb128 0x10
 753 000c 17       		.uleb128 0x17
 754 000d 00       		.byte	0
 755 000e 00       		.byte	0
 756 000f 02       		.uleb128 0x2
 757 0010 24       		.uleb128 0x24
 758 0011 00       		.byte	0
 759 0012 0B       		.uleb128 0xb
 760 0013 0B       		.uleb128 0xb
 761 0014 3E       		.uleb128 0x3e
 762 0015 0B       		.uleb128 0xb
 763 0016 03       		.uleb128 0x3
 764 0017 0E       		.uleb128 0xe
 765 0018 00       		.byte	0
 766 0019 00       		.byte	0
 767 001a 03       		.uleb128 0x3
 768 001b 24       		.uleb128 0x24
 769 001c 00       		.byte	0
 770 001d 0B       		.uleb128 0xb
 771 001e 0B       		.uleb128 0xb
 772 001f 3E       		.uleb128 0x3e
 773 0020 0B       		.uleb128 0xb
 774 0021 03       		.uleb128 0x3
 775 0022 08       		.uleb128 0x8
 776 0023 00       		.byte	0
 777 0024 00       		.byte	0
 778 0025 04       		.uleb128 0x4
 779 0026 16       		.uleb128 0x16
 780 0027 00       		.byte	0
 781 0028 03       		.uleb128 0x3
 782 0029 0E       		.uleb128 0xe
 783 002a 3A       		.uleb128 0x3a
 784 002b 0B       		.uleb128 0xb
 785 002c 3B       		.uleb128 0x3b
 786 002d 05       		.uleb128 0x5
 787 002e 49       		.uleb128 0x49
 788 002f 13       		.uleb128 0x13
 789 0030 00       		.byte	0
 790 0031 00       		.byte	0
 791 0032 05       		.uleb128 0x5
 792 0033 13       		.uleb128 0x13
 793 0034 01       		.byte	0x1
 794 0035 0B       		.uleb128 0xb
 795 0036 0B       		.uleb128 0xb
 796 0037 3A       		.uleb128 0x3a
 797 0038 0B       		.uleb128 0xb
 798 0039 3B       		.uleb128 0x3b
ARM GAS  C:\Users\CALEBC~1\AppData\Local\Temp\ccC2Z5Vc.s 			page 15


 799 003a 0B       		.uleb128 0xb
 800 003b 01       		.uleb128 0x1
 801 003c 13       		.uleb128 0x13
 802 003d 00       		.byte	0
 803 003e 00       		.byte	0
 804 003f 06       		.uleb128 0x6
 805 0040 0D       		.uleb128 0xd
 806 0041 00       		.byte	0
 807 0042 03       		.uleb128 0x3
 808 0043 0E       		.uleb128 0xe
 809 0044 3A       		.uleb128 0x3a
 810 0045 0B       		.uleb128 0xb
 811 0046 3B       		.uleb128 0x3b
 812 0047 0B       		.uleb128 0xb
 813 0048 49       		.uleb128 0x49
 814 0049 13       		.uleb128 0x13
 815 004a 38       		.uleb128 0x38
 816 004b 0B       		.uleb128 0xb
 817 004c 00       		.byte	0
 818 004d 00       		.byte	0
 819 004e 07       		.uleb128 0x7
 820 004f 16       		.uleb128 0x16
 821 0050 00       		.byte	0
 822 0051 03       		.uleb128 0x3
 823 0052 0E       		.uleb128 0xe
 824 0053 3A       		.uleb128 0x3a
 825 0054 0B       		.uleb128 0xb
 826 0055 3B       		.uleb128 0x3b
 827 0056 0B       		.uleb128 0xb
 828 0057 49       		.uleb128 0x49
 829 0058 13       		.uleb128 0x13
 830 0059 00       		.byte	0
 831 005a 00       		.byte	0
 832 005b 08       		.uleb128 0x8
 833 005c 0D       		.uleb128 0xd
 834 005d 00       		.byte	0
 835 005e 03       		.uleb128 0x3
 836 005f 08       		.uleb128 0x8
 837 0060 3A       		.uleb128 0x3a
 838 0061 0B       		.uleb128 0xb
 839 0062 3B       		.uleb128 0x3b
 840 0063 0B       		.uleb128 0xb
 841 0064 49       		.uleb128 0x49
 842 0065 13       		.uleb128 0x13
 843 0066 38       		.uleb128 0x38
 844 0067 0B       		.uleb128 0xb
 845 0068 00       		.byte	0
 846 0069 00       		.byte	0
 847 006a 09       		.uleb128 0x9
 848 006b 0F       		.uleb128 0xf
 849 006c 00       		.byte	0
 850 006d 0B       		.uleb128 0xb
 851 006e 0B       		.uleb128 0xb
 852 006f 49       		.uleb128 0x49
 853 0070 13       		.uleb128 0x13
 854 0071 00       		.byte	0
 855 0072 00       		.byte	0
ARM GAS  C:\Users\CALEBC~1\AppData\Local\Temp\ccC2Z5Vc.s 			page 16


 856 0073 0A       		.uleb128 0xa
 857 0074 26       		.uleb128 0x26
 858 0075 00       		.byte	0
 859 0076 00       		.byte	0
 860 0077 00       		.byte	0
 861 0078 0B       		.uleb128 0xb
 862 0079 01       		.uleb128 0x1
 863 007a 01       		.byte	0x1
 864 007b 49       		.uleb128 0x49
 865 007c 13       		.uleb128 0x13
 866 007d 01       		.uleb128 0x1
 867 007e 13       		.uleb128 0x13
 868 007f 00       		.byte	0
 869 0080 00       		.byte	0
 870 0081 0C       		.uleb128 0xc
 871 0082 21       		.uleb128 0x21
 872 0083 00       		.byte	0
 873 0084 49       		.uleb128 0x49
 874 0085 13       		.uleb128 0x13
 875 0086 2F       		.uleb128 0x2f
 876 0087 0B       		.uleb128 0xb
 877 0088 00       		.byte	0
 878 0089 00       		.byte	0
 879 008a 0D       		.uleb128 0xd
 880 008b 26       		.uleb128 0x26
 881 008c 00       		.byte	0
 882 008d 49       		.uleb128 0x49
 883 008e 13       		.uleb128 0x13
 884 008f 00       		.byte	0
 885 0090 00       		.byte	0
 886 0091 0E       		.uleb128 0xe
 887 0092 34       		.uleb128 0x34
 888 0093 00       		.byte	0
 889 0094 03       		.uleb128 0x3
 890 0095 0E       		.uleb128 0xe
 891 0096 3A       		.uleb128 0x3a
 892 0097 0B       		.uleb128 0xb
 893 0098 3B       		.uleb128 0x3b
 894 0099 0B       		.uleb128 0xb
 895 009a 49       		.uleb128 0x49
 896 009b 13       		.uleb128 0x13
 897 009c 3F       		.uleb128 0x3f
 898 009d 19       		.uleb128 0x19
 899 009e 02       		.uleb128 0x2
 900 009f 18       		.uleb128 0x18
 901 00a0 00       		.byte	0
 902 00a1 00       		.byte	0
 903 00a2 00       		.byte	0
 904              		.section	.debug_aranges,"",%progbits
 905 0000 14000000 		.4byte	0x14
 906 0004 0200     		.2byte	0x2
 907 0006 00000000 		.4byte	.Ldebug_info0
 908 000a 04       		.byte	0x4
 909 000b 00       		.byte	0
 910 000c 0000     		.2byte	0
 911 000e 0000     		.2byte	0
 912 0010 00000000 		.4byte	0
ARM GAS  C:\Users\CALEBC~1\AppData\Local\Temp\ccC2Z5Vc.s 			page 17


 913 0014 00000000 		.4byte	0
 914              		.section	.debug_line,"",%progbits
 915              	.Ldebug_line0:
 916 0000 59000000 		.section	.debug_str,"MS",%progbits,1
 916      02005300 
 916      00000201 
 916      FB0E0D00 
 916      01010101 
 917              	.LASF25:
 918 0000 55534246 		.ascii	"USBFS_DEVICE0_DESCR\000"
 918      535F4445 
 918      56494345 
 918      305F4445 
 918      53435200 
 919              	.LASF37:
 920 0014 474E5520 		.ascii	"GNU C11 5.4.1 20160609 (release) [ARM/embedded-5-br"
 920      43313120 
 920      352E342E 
 920      31203230 
 920      31363036 
 921 0047 616E6368 		.ascii	"anch revision 237715] -mcpu=cortex-m3 -mthumb -g -O"
 921      20726576 
 921      6973696F 
 921      6E203233 
 921      37373135 
 922 007a 30202D66 		.ascii	"0 -ffunction-sections -ffat-lto-objects\000"
 922      66756E63 
 922      74696F6E 
 922      2D736563 
 922      74696F6E 
 923              	.LASF31:
 924 00a2 55534246 		.ascii	"USBFS_TABLE\000"
 924      535F5441 
 924      424C4500 
 925              	.LASF39:
 926 00ae 433A5C55 		.ascii	"C:\\Users\\Caleb Cotter\\Documents\\GitHub\\3HC\\3H"
 926      73657273 
 926      5C43616C 
 926      65622043 
 926      6F747465 
 927 00db 435F4669 		.ascii	"C_Firmware\\USBFS_Bulk_Wraparound.cydsn\000"
 927      726D7761 
 927      72655C55 
 927      53424653 
 927      5F42756C 
 928              	.LASF3:
 929 0102 73686F72 		.ascii	"short unsigned int\000"
 929      7420756E 
 929      7369676E 
 929      65642069 
 929      6E7400
 930              	.LASF32:
 931 0115 55534246 		.ascii	"USBFS_SN_STRING_DESCRIPTOR\000"
 931      535F534E 
 931      5F535452 
 931      494E475F 
 931      44455343 
ARM GAS  C:\Users\CALEBC~1\AppData\Local\Temp\ccC2Z5Vc.s 			page 18


 932              	.LASF11:
 933 0130 666C6F61 		.ascii	"float\000"
 933      7400
 934              	.LASF17:
 935 0136 616C7453 		.ascii	"altSetting\000"
 935      65747469 
 935      6E6700
 936              	.LASF33:
 937 0141 55534246 		.ascii	"USBFS_STRING_DESCRIPTORS\000"
 937      535F5354 
 937      52494E47 
 937      5F444553 
 937      43524950 
 938              	.LASF19:
 939 015a 61747472 		.ascii	"attributes\000"
 939      69627574 
 939      657300
 940              	.LASF29:
 941 0165 55534246 		.ascii	"USBFS_DEVICE0_CONFIGURATION0_TABLE\000"
 941      535F4445 
 941      56494345 
 941      305F434F 
 941      4E464947 
 942              	.LASF18:
 943 0188 61646472 		.ascii	"addr\000"
 943      00
 944              	.LASF30:
 945 018d 55534246 		.ascii	"USBFS_DEVICE0_TABLE\000"
 945      535F4445 
 945      56494345 
 945      305F5441 
 945      424C4500 
 946              	.LASF1:
 947 01a1 756E7369 		.ascii	"unsigned char\000"
 947      676E6564 
 947      20636861 
 947      7200
 948              	.LASF12:
 949 01af 646F7562 		.ascii	"double\000"
 949      6C6500
 950              	.LASF10:
 951 01b6 75696E74 		.ascii	"uint16\000"
 951      313600
 952              	.LASF27:
 953 01bd 55534246 		.ascii	"USBFS_DEVICE0_CONFIGURATION0_EP_SETTINGS_TABLE\000"
 953      535F4445 
 953      56494345 
 953      305F434F 
 953      4E464947 
 954              	.LASF26:
 955 01ec 55534246 		.ascii	"USBFS_DEVICE0_CONFIGURATION0_DESCR\000"
 955      535F4445 
 955      56494345 
 955      305F434F 
 955      4E464947 
 956              	.LASF28:
 957 020f 55534246 		.ascii	"USBFS_DEVICE0_CONFIGURATION0_INTERFACE_CLASS\000"
ARM GAS  C:\Users\CALEBC~1\AppData\Local\Temp\ccC2Z5Vc.s 			page 19


 957      535F4445 
 957      56494345 
 957      305F434F 
 957      4E464947 
 958              	.LASF8:
 959 023c 756E7369 		.ascii	"unsigned int\000"
 959      676E6564 
 959      20696E74 
 959      00
 960              	.LASF7:
 961 0249 6C6F6E67 		.ascii	"long long unsigned int\000"
 961      206C6F6E 
 961      6720756E 
 961      7369676E 
 961      65642069 
 962              	.LASF38:
 963 0260 47656E65 		.ascii	"Generated_Source\\PSoC5\\USBFS_descr.c\000"
 963      72617465 
 963      645F536F 
 963      75726365 
 963      5C50536F 
 964              	.LASF23:
 965 0285 705F6C69 		.ascii	"p_list\000"
 965      737400
 966              	.LASF22:
 967 028c 545F5553 		.ascii	"T_USBFS_EP_SETTINGS_BLOCK\000"
 967      4246535F 
 967      45505F53 
 967      45545449 
 967      4E47535F 
 968              	.LASF5:
 969 02a6 6C6F6E67 		.ascii	"long unsigned int\000"
 969      20756E73 
 969      69676E65 
 969      6420696E 
 969      7400
 970              	.LASF15:
 971 02b8 73697A65 		.ascii	"sizetype\000"
 971      74797065 
 971      00
 972              	.LASF6:
 973 02c1 6C6F6E67 		.ascii	"long long int\000"
 973      206C6F6E 
 973      6720696E 
 973      7400
 974              	.LASF24:
 975 02cf 545F5553 		.ascii	"T_USBFS_LUT\000"
 975      4246535F 
 975      4C555400 
 976              	.LASF13:
 977 02db 63686172 		.ascii	"char\000"
 977      00
 978              	.LASF34:
 979 02e0 55534246 		.ascii	"USBFS_MSOS_DESCRIPTOR\000"
 979      535F4D53 
 979      4F535F44 
 979      45534352 
ARM GAS  C:\Users\CALEBC~1\AppData\Local\Temp\ccC2Z5Vc.s 			page 20


 979      4950544F 
 980              	.LASF20:
 981 02f6 62756666 		.ascii	"bufferSize\000"
 981      65725369 
 981      7A6500
 982              	.LASF2:
 983 0301 73686F72 		.ascii	"short int\000"
 983      7420696E 
 983      7400
 984              	.LASF35:
 985 030b 55534246 		.ascii	"USBFS_MSOS_CONFIGURATION_DESCR\000"
 985      535F4D53 
 985      4F535F43 
 985      4F4E4649 
 985      47555241 
 986              	.LASF9:
 987 032a 75696E74 		.ascii	"uint8\000"
 987      3800
 988              	.LASF16:
 989 0330 696E7465 		.ascii	"interface\000"
 989      72666163 
 989      6500
 990              	.LASF36:
 991 033a 55534246 		.ascii	"USBFS_idSerialNumberStringDescriptor\000"
 991      535F6964 
 991      53657269 
 991      616C4E75 
 991      6D626572 
 992              	.LASF4:
 993 035f 6C6F6E67 		.ascii	"long int\000"
 993      20696E74 
 993      00
 994              	.LASF14:
 995 0368 6C6F6E67 		.ascii	"long double\000"
 995      20646F75 
 995      626C6500 
 996              	.LASF0:
 997 0374 7369676E 		.ascii	"signed char\000"
 997      65642063 
 997      68617200 
 998              	.LASF21:
 999 0380 624D6973 		.ascii	"bMisc\000"
 999      6300
 1000              		.ident	"GCC: (GNU Tools for ARM Embedded Processors) 5.4.1 20160609 (release) [ARM/embedded-5-bran
