--------------- Build Started: 04/13/2020 14:53:43 Project: 3HC_Firmware_0_1, Configuration: ARM GCC 5.4-2016-q2-update Debug ---------------
The code generation step is up to date.
arm-none-eabi-gcc.exe -mcpu=cortex-m3 -mthumb -I. -IGenerated_Source\PSoC5 -Wa,-alh=.\CortexM3\ARM_GCC_541\Debug/main.lst -g -D DEBUG -D CY_CORE_ID=0 -Wall -ffunction-sections -ffat-lto-objects -Og -c main.c -o .\CortexM3\ARM_GCC_541\Debug\main.o
main.c: In function 'main':
main.c:216:40: warning: zero-length gnu_printf format string [-Wformat-zero-length]
                     sprintf(LCD_MSG[1],"");
                                        ^
main.c:216:40: warning: zero-length gnu_printf format string [-Wformat-zero-length]
In file included from main.c:24:0:
main.c: At top level:
config.h:32:14: warning: 'mag2coilMatrix' defined but not used [-Wunused-variable]
 static float mag2coilMatrix[3][3] =  {{ 1, 0, 0},
              ^
arm-none-eabi-gcc.exe -mcpu=cortex-m3 -mthumb -I. -IGenerated_Source\PSoC5 -Wa,-alh=.\CortexM3\ARM_GCC_541\Debug/NMEA0183.lst -g -D DEBUG -D CY_CORE_ID=0 -Wall -ffunction-sections -ffat-lto-objects -Og -c NMEA0183.c -o .\CortexM3\ARM_GCC_541\Debug\NMEA0183.o
NMEA0183.c: In function 'NMEA0183_EncodeMsg':
NMEA0183.c:71:13: warning: pointer targets in passing argument 1 of 'sprintf' differ in signedness [-Wpointer-sign]
     sprintf(msg,"$%s*%2x\n",temp,checksum);
             ^
In file included from c:\program files (x86)\cypress\psoc creator\4.2\psoc creator\import\gnu\arm\5.4.1\arm-none-eabi\include\string.h:10:0,
                 from Generated_Source\PSoC5/CyLib.h:22,
                 from Generated_Source\PSoC5/QuadDec.h:23,
                 from Generated_Source\PSoC5/project.h:23,
                 from NMEA0183.h:22,
                 from NMEA0183.c:19:
c:\program files (x86)\cypress\psoc creator\4.2\psoc creator\import\gnu\arm\5.4.1\arm-none-eabi\include\stdio.h:231:5: note: expected 'char * restrict' but argument is of type 'uint8 * {aka unsigned char *}'
 int _EXFUN(sprintf, (char *__restrict, const char *__restrict, ...)
     ^
arm-none-eabi-ar.exe -rs .\CortexM3\ARM_GCC_541\Debug\3HC_Firmware_0_1.a .\CortexM3\ARM_GCC_541\Debug\LCD.o .\CortexM3\ARM_GCC_541\Debug\LCD_PM.o .\CortexM3\ARM_GCC_541\Debug\QuadDec.o .\CortexM3\ARM_GCC_541\Debug\QuadDec_INT.o .\CortexM3\ARM_GCC_541\Debug\QuadDec_PM.o .\CortexM3\ARM_GCC_541\Debug\QUAD_A.o .\CortexM3\ARM_GCC_541\Debug\QUAD_B.o .\CortexM3\ARM_GCC_541\Debug\LCD_LCDPort.o .\CortexM3\ARM_GCC_541\Debug\QuadDec_isr.o .\CortexM3\ARM_GCC_541\Debug\QuadDec_Cnt16.o .\CortexM3\ARM_GCC_541\Debug\QuadDec_Cnt16_PM.o .\CortexM3\ARM_GCC_541\Debug\CyDmac.o .\CortexM3\ARM_GCC_541\Debug\CyFlash.o .\CortexM3\ARM_GCC_541\Debug\CyLib.o .\CortexM3\ARM_GCC_541\Debug\cyPm.o .\CortexM3\ARM_GCC_541\Debug\CySpc.o .\CortexM3\ARM_GCC_541\Debug\cyutils.o .\CortexM3\ARM_GCC_541\Debug\cy_em_eeprom.o .\CortexM3\ARM_GCC_541\Debug\UPDATE_UI.o .\CortexM3\ARM_GCC_541\Debug\UpdateTimer_UI.o .\CortexM3\ARM_GCC_541\Debug\UpdateTimer_UI_PM.o .\CortexM3\ARM_GCC_541\Debug\SCL.o .\CortexM3\ARM_GCC_541\Debug\X_PWM.o .\CortexM3\ARM_GCC_541\Debug\X_PWM_PM.o .\CortexM3\ARM_GCC_541\Debug\SDA.o .\CortexM3\ARM_GCC_541\Debug\Output_Enable.o .\CortexM3\ARM_GCC_541\Debug\Output_Enable_PM.o .\CortexM3\ARM_GCC_541\Debug\X_PWM_OUT.o .\CortexM3\ARM_GCC_541\Debug\Y_PWM.o .\CortexM3\ARM_GCC_541\Debug\Y_PWM_PM.o .\CortexM3\ARM_GCC_541\Debug\Y_PWM_OUT.o .\CortexM3\ARM_GCC_541\Debug\Z_PWM.o .\CortexM3\ARM_GCC_541\Debug\Z_PWM_PM.o .\CortexM3\ARM_GCC_541\Debug\Z_PWM_OUT.o .\CortexM3\ARM_GCC_541\Debug\X_DIR_OUT.o .\CortexM3\ARM_GCC_541\Debug\Y_DIR_OUT.o .\CortexM3\ARM_GCC_541\Debug\Z_DIR_OUT.o .\CortexM3\ARM_GCC_541\Debug\I2C_Module.o .\CortexM3\ARM_GCC_541\Debug\I2C_Module_BOOT.o .\CortexM3\ARM_GCC_541\Debug\I2C_Module_INT.o .\CortexM3\ARM_GCC_541\Debug\I2C_Module_PM.o .\CortexM3\ARM_GCC_541\Debug\I2C_Module_SLAVE.o .\CortexM3\ARM_GCC_541\Debug\I2C_Module_MASTER.o .\CortexM3\ARM_GCC_541\Debug\ADC.o .\CortexM3\ARM_GCC_541\Debug\ADC_PM.o .\CortexM3\ARM_GCC_541\Debug\ADC_INT.o .\CortexM3\ARM_GCC_541\Debug\ADC_AMux.o .\CortexM3\ARM_GCC_541\Debug\ADC_Ext_CP_Clk.o .\CortexM3\ARM_GCC_541\Debug\ADC_IRQ.o .\CortexM3\ARM_GCC_541\Debug\ADC_theACLK.o .\CortexM3\ARM_GCC_541\Debug\USBFS.o .\CortexM3\ARM_GCC_541\Debug\USBFS_audio.o .\CortexM3\ARM_GCC_541\Debug\USBFS_boot.o .\CortexM3\ARM_GCC_541\Debug\USBFS_cdc.o .\CortexM3\ARM_GCC_541\Debug\USBFS_cls.o .\CortexM3\ARM_GCC_541\Debug\USBFS_descr.o .\CortexM3\ARM_GCC_541\Debug\USBFS_drv.o .\CortexM3\ARM_GCC_541\Debug\USBFS_episr.o .\CortexM3\ARM_GCC_541\Debug\USBFS_hid.o .\CortexM3\ARM_GCC_541\Debug\USBFS_pm.o .\CortexM3\ARM_GCC_541\Debug\USBFS_std.o .\CortexM3\ARM_GCC_541\Debug\USBFS_vnd.o .\CortexM3\ARM_GCC_541\Debug\USBFS_midi.o .\CortexM3\ARM_GCC_541\Debug\USBFS_msc.o .\CortexM3\ARM_GCC_541\Debug\USBFS_Dm.o .\CortexM3\ARM_GCC_541\Debug\USBFS_Dp.o .\CortexM3\ARM_GCC_541\Debug\USBFS_ep2_dma.o .\CortexM3\ARM_GCC_541\Debug\USBFS_ep1_dma.o .\CortexM3\ARM_GCC_541\Debug\ENC_BTN.o .\CortexM3\ARM_GCC_541\Debug\XYZ_Direction.o .\CortexM3\ARM_GCC_541\Debug\XYZ_Direction_PM.o .\CortexM3\ARM_GCC_541\Debug\X_CURR_SENSE.o .\CortexM3\ARM_GCC_541\Debug\Y_CURR_SENSE.o .\CortexM3\ARM_GCC_541\Debug\Z_CURR_SENSE.o .\CortexM3\ARM_GCC_541\Debug\LCD_R.o .\CortexM3\ARM_GCC_541\Debug\LCD_Backlight.o .\CortexM3\ARM_GCC_541\Debug\LCD_Backlight_PM.o .\CortexM3\ARM_GCC_541\Debug\LCD_G.o .\CortexM3\ARM_GCC_541\Debug\LCD_B.o .\CortexM3\ARM_GCC_541\Debug\ENC_R.o .\CortexM3\ARM_GCC_541\Debug\ENC_Backlight.o .\CortexM3\ARM_GCC_541\Debug\ENC_Backlight_PM.o .\CortexM3\ARM_GCC_541\Debug\ENC_G.o .\CortexM3\ARM_GCC_541\Debug\ENC_B.o .\CortexM3\ARM_GCC_541\Debug\AMux.o .\CortexM3\ARM_GCC_541\Debug\ADC_SAMPLECURRSENSOR.o .\CortexM3\ARM_GCC_541\Debug\UI_CLK.o .\CortexM3\ARM_GCC_541\Debug\PID_CLK.o .\CortexM3\ARM_GCC_541\Debug\PID_Timer.o .\CortexM3\ARM_GCC_541\Debug\PID_Timer_PM.o .\CortexM3\ARM_GCC_541\Debug\PID_ISR.o .\CortexM3\ARM_GCC_541\Debug\BUTTON_RISING_EDGE.o .\CortexM3\ARM_GCC_541\Debug\CyBootAsmGnu.o
arm-none-eabi-ar.exe: creating .\CortexM3\ARM_GCC_541\Debug\3HC_Firmware_0_1.a
arm-none-eabi-gcc.exe -Wl,--start-group -o "C:\Users\Caleb Cotter\Documents\GitHub\3HC\3HC_Firmware\3HC_Firmware_0_1.cydsn\CortexM3\ARM_GCC_541\Debug\3HC_Firmware_0_1.elf" .\CortexM3\ARM_GCC_541\Debug\main.o .\CortexM3\ARM_GCC_541\Debug\I2C.o .\CortexM3\ARM_GCC_541\Debug\MPU9250.o .\CortexM3\ARM_GCC_541\Debug\NMEA0183.o .\CortexM3\ARM_GCC_541\Debug\matrixmath3.o .\CortexM3\ARM_GCC_541\Debug\cyfitter_cfg.o .\CortexM3\ARM_GCC_541\Debug\cymetadata.o .\CortexM3\ARM_GCC_541\Debug\Cm3Start.o .\CortexM3\ARM_GCC_541\Debug\3HC_Firmware_0_1.a "C:\Program Files (x86)\Cypress\PSoC Creator\4.2\PSoC Creator\psoc\content\cycomponentlibrary\CyComponentLibrary.cylib\CortexM3\ARM_GCC_541\Debug\CyComponentLibrary.a" -mcpu=cortex-m3 -mthumb -L Generated_Source\PSoC5 -Wl,-Map,.\CortexM3\ARM_GCC_541\Debug/3HC_Firmware_0_1.map -T Generated_Source\PSoC5\cm3gcc.ld -specs=nano.specs -u _printf_float -Wl,--gc-sections -u_printf_float -g -ffunction-sections -Og -ffat-lto-objects -Wl,--end-group
cyelftool.exe -C "C:\Users\Caleb Cotter\Documents\GitHub\3HC\3HC_Firmware\3HC_Firmware_0_1.cydsn\CortexM3\ARM_GCC_541\Debug\3HC_Firmware_0_1.elf" --flash_row_size 256 --flash_size 262144 --flash_offset 0x00000000
No ELF section .cychecksum found, creating one
Application checksum calculated and stored in ELF section .cychecksum
Checksum calculated and stored in ELF section .cymeta
cyelftool.exe -S "C:\Users\Caleb Cotter\Documents\GitHub\3HC\3HC_Firmware\3HC_Firmware_0_1.cydsn\CortexM3\ARM_GCC_541\Debug\3HC_Firmware_0_1.elf"
Flash used: 26076 of 262144 bytes (9.9%).
SRAM used: 3513 of 65536 bytes (5.4%). Stack: 2048 bytes. Heap: 512 bytes.
--------------- Build Succeeded: 04/13/2020 14:53:45 ---------------
