ARM GAS  C:\Users\CALEBC~1\AppData\Local\Temp\cc4uy3EY.s 			page 1


   1              		.syntax unified
   2              		.cpu cortex-m3
   3              		.fpu softvfp
   4              		.eabi_attribute 20, 1
   5              		.eabi_attribute 21, 1
   6              		.eabi_attribute 23, 3
   7              		.eabi_attribute 24, 1
   8              		.eabi_attribute 25, 1
   9              		.eabi_attribute 26, 1
  10              		.eabi_attribute 30, 1
  11              		.eabi_attribute 34, 1
  12              		.eabi_attribute 18, 4
  13              		.thumb
  14              		.syntax unified
  15              		.file	"PID.c"
  16              		.text
  17              	.Ltext0:
  18              		.cfi_sections	.debug_frame
  19              		.section	.text.PID_Init,"ax",%progbits
  20              		.align	2
  21              		.global	PID_Init
  22              		.thumb
  23              		.thumb_func
  24              		.type	PID_Init, %function
  25              	PID_Init:
  26              	.LFB63:
  27              		.file 1 "PID.c"
   1:PID.c         **** /* ========================================
   2:PID.c         ****  * FILE:   PID.c
   3:PID.c         ****  * AUTHOR: Caleb Cotter
   4:PID.c         ****  *
   5:PID.c         ****  * CREATED ON APRIL 14, 2020, 2:26 PM
   6:PID.c         ****  *
   7:PID.c         ****  * ========================================
   8:PID.c         ****  *
   9:PID.c         ****  * Copyright SLUGSAT, 2020
  10:PID.c         ****  * All Rights Reserved
  11:PID.c         ****  * UNPUBLISHED, LICENSED SOFTWARE.
  12:PID.c         ****  *
  13:PID.c         ****  * CONFIDENTIAL AND PROPRIETARY INFORMATION
  14:PID.c         ****  * WHICH IS THE PROPERTY OF SLUGSAT.
  15:PID.c         ****  *
  16:PID.c         ****  * ========================================
  17:PID.c         **** */
  18:PID.c         **** 
  19:PID.c         **** #include "PID.h"
  20:PID.c         **** 
  21:PID.c         **** typedef struct PID_Obj{
  22:PID.c         ****     float kp,ki,kd;
  23:PID.c         ****     float prev_error;
  24:PID.c         ****     float i_error;
  25:PID.c         **** }PID_Obj;
  26:PID.c         **** 
  27:PID.c         **** PID_Controller PID_Init(float kp, float ki, float kd){
  28              		.loc 1 27 0
  29              		.cfi_startproc
  30              		@ args = 0, pretend = 0, frame = 0
ARM GAS  C:\Users\CALEBC~1\AppData\Local\Temp\cc4uy3EY.s 			page 2


  31              		@ frame_needed = 0, uses_anonymous_args = 0
  32              	.LVL0:
  33 0000 70B5     		push	{r4, r5, r6, lr}
  34              		.cfi_def_cfa_offset 16
  35              		.cfi_offset 4, -16
  36              		.cfi_offset 5, -12
  37              		.cfi_offset 6, -8
  38              		.cfi_offset 14, -4
  39 0002 0646     		mov	r6, r0
  40 0004 0D46     		mov	r5, r1
  41 0006 1446     		mov	r4, r2
  28:PID.c         ****     PID_Controller c = malloc(sizeof(PID_Obj));
  42              		.loc 1 28 0
  43 0008 1420     		movs	r0, #20
  44              	.LVL1:
  45 000a FFF7FEFF 		bl	malloc
  46              	.LVL2:
  29:PID.c         ****     
  30:PID.c         ****     c->kp = kp;
  47              		.loc 1 30 0
  48 000e 0660     		str	r6, [r0]	@ float
  31:PID.c         ****     c->ki = ki;
  49              		.loc 1 31 0
  50 0010 4560     		str	r5, [r0, #4]	@ float
  32:PID.c         ****     c->kd = kd;
  51              		.loc 1 32 0
  52 0012 8460     		str	r4, [r0, #8]	@ float
  33:PID.c         ****     c->prev_error = 0;
  53              		.loc 1 33 0
  54 0014 0022     		movs	r2, #0
  55 0016 C260     		str	r2, [r0, #12]	@ float
  34:PID.c         ****     c->i_error = 0;
  56              		.loc 1 34 0
  57 0018 0261     		str	r2, [r0, #16]	@ float
  35:PID.c         ****     
  36:PID.c         ****     return c;
  37:PID.c         **** }
  58              		.loc 1 37 0
  59 001a 70BD     		pop	{r4, r5, r6, pc}
  60              		.cfi_endproc
  61              	.LFE63:
  62              		.size	PID_Init, .-PID_Init
  63              		.global	__aeabi_fsub
  64              		.global	__aeabi_fcmpgt
  65              		.global	__aeabi_fcmple
  66              		.global	__aeabi_fadd
  67              		.global	__aeabi_fmul
  68              		.section	.text.PID_Update,"ax",%progbits
  69              		.align	2
  70              		.global	PID_Update
  71              		.thumb
  72              		.thumb_func
  73              		.type	PID_Update, %function
  74              	PID_Update:
  75              	.LFB64:
  38:PID.c         **** 
  39:PID.c         **** float PID_Update(PID_Controller c, float pv, float sp){
ARM GAS  C:\Users\CALEBC~1\AppData\Local\Temp\cc4uy3EY.s 			page 3


  76              		.loc 1 39 0
  77              		.cfi_startproc
  78              		@ args = 0, pretend = 0, frame = 0
  79              		@ frame_needed = 0, uses_anonymous_args = 0
  80              	.LVL3:
  81 0000 2DE9F041 		push	{r4, r5, r6, r7, r8, lr}
  82              		.cfi_def_cfa_offset 24
  83              		.cfi_offset 4, -24
  84              		.cfi_offset 5, -20
  85              		.cfi_offset 6, -16
  86              		.cfi_offset 7, -12
  87              		.cfi_offset 8, -8
  88              		.cfi_offset 14, -4
  89 0004 0446     		mov	r4, r0
  40:PID.c         ****     float u, e;
  41:PID.c         ****     
  42:PID.c         ****     // Calculate Error
  43:PID.c         ****     e = sp-pv;
  90              		.loc 1 43 0
  91 0006 1046     		mov	r0, r2
  92              	.LVL4:
  93 0008 FFF7FEFF 		bl	__aeabi_fsub
  94              	.LVL5:
  95 000c 0546     		mov	r5, r0
  96              	.LVL6:
  44:PID.c         ****     
  45:PID.c         ****     // Integral Anti-Windup
  46:PID.c         ****     if(c->prev_error > 0 && e <= 0){
  97              		.loc 1 46 0
  98 000e E668     		ldr	r6, [r4, #12]	@ float
  99 0010 0021     		movs	r1, #0
 100 0012 3046     		mov	r0, r6
 101              	.LVL7:
 102 0014 FFF7FEFF 		bl	__aeabi_fcmpgt
 103              	.LVL8:
 104 0018 30B1     		cbz	r0, .L4
 105              		.loc 1 46 0 is_stmt 0 discriminator 1
 106 001a 0021     		movs	r1, #0
 107 001c 2846     		mov	r0, r5
 108 001e FFF7FEFF 		bl	__aeabi_fcmple
 109              	.LVL9:
 110 0022 08B1     		cbz	r0, .L4
  47:PID.c         ****         c->i_error = 0;
 111              		.loc 1 47 0 is_stmt 1
 112 0024 0023     		movs	r3, #0
 113 0026 2361     		str	r3, [r4, #16]	@ float
 114              	.L4:
  48:PID.c         ****     }
  49:PID.c         ****     
  50:PID.c         ****     // Compute Control
  51:PID.c         ****     c->i_error += e;
 115              		.loc 1 51 0
 116 0028 2169     		ldr	r1, [r4, #16]	@ float
 117 002a 2846     		mov	r0, r5
 118 002c FFF7FEFF 		bl	__aeabi_fadd
 119              	.LVL10:
 120 0030 0746     		mov	r7, r0
ARM GAS  C:\Users\CALEBC~1\AppData\Local\Temp\cc4uy3EY.s 			page 4


 121 0032 2061     		str	r0, [r4, #16]	@ float
  52:PID.c         ****     u = c->kp*e + c->ki*c->i_error + c->kd*(e-c->prev_error);
 122              		.loc 1 52 0
 123 0034 2168     		ldr	r1, [r4]	@ float
 124 0036 2846     		mov	r0, r5
 125 0038 FFF7FEFF 		bl	__aeabi_fmul
 126              	.LVL11:
 127 003c 8046     		mov	r8, r0
 128 003e 6168     		ldr	r1, [r4, #4]	@ float
 129 0040 3846     		mov	r0, r7
 130 0042 FFF7FEFF 		bl	__aeabi_fmul
 131              	.LVL12:
 132 0046 0146     		mov	r1, r0
 133 0048 4046     		mov	r0, r8
 134 004a FFF7FEFF 		bl	__aeabi_fadd
 135              	.LVL13:
 136 004e 0746     		mov	r7, r0
 137 0050 D4F80880 		ldr	r8, [r4, #8]	@ float
 138 0054 3146     		mov	r1, r6
 139 0056 2846     		mov	r0, r5
 140 0058 FFF7FEFF 		bl	__aeabi_fsub
 141              	.LVL14:
 142 005c 0146     		mov	r1, r0
 143 005e 4046     		mov	r0, r8
 144 0060 FFF7FEFF 		bl	__aeabi_fmul
 145              	.LVL15:
 146 0064 0146     		mov	r1, r0
 147 0066 3846     		mov	r0, r7
 148 0068 FFF7FEFF 		bl	__aeabi_fadd
 149              	.LVL16:
  53:PID.c         ****     
  54:PID.c         ****     // Store Error
  55:PID.c         ****     c->prev_error = e;
 150              		.loc 1 55 0
 151 006c E560     		str	r5, [r4, #12]	@ float
  56:PID.c         ****     
  57:PID.c         ****     return u;
  58:PID.c         **** }
 152              		.loc 1 58 0
 153 006e BDE8F081 		pop	{r4, r5, r6, r7, r8, pc}
 154              		.cfi_endproc
 155              	.LFE64:
 156              		.size	PID_Update, .-PID_Update
 157 0072 00BF     		.section	.text.PID_End,"ax",%progbits
 158              		.align	2
 159              		.global	PID_End
 160              		.thumb
 161              		.thumb_func
 162              		.type	PID_End, %function
 163              	PID_End:
 164              	.LFB65:
  59:PID.c         **** 
  60:PID.c         **** void PID_End(PID_Controller* controller){
 165              		.loc 1 60 0
 166              		.cfi_startproc
 167              		@ args = 0, pretend = 0, frame = 0
 168              		@ frame_needed = 0, uses_anonymous_args = 0
ARM GAS  C:\Users\CALEBC~1\AppData\Local\Temp\cc4uy3EY.s 			page 5


 169              	.LVL17:
  61:PID.c         ****     if(*controller != NULL && controller != NULL){
 170              		.loc 1 61 0
 171 0000 0368     		ldr	r3, [r0]
 172 0002 43B1     		cbz	r3, .L13
 173              		.loc 1 61 0 is_stmt 0 discriminator 1
 174 0004 38B1     		cbz	r0, .L13
  60:PID.c         ****     if(*controller != NULL && controller != NULL){
 175              		.loc 1 60 0 is_stmt 1
 176 0006 10B5     		push	{r4, lr}
 177              		.cfi_def_cfa_offset 8
 178              		.cfi_offset 4, -8
 179              		.cfi_offset 14, -4
 180 0008 0446     		mov	r4, r0
  62:PID.c         ****         free(*controller);
 181              		.loc 1 62 0
 182 000a 1846     		mov	r0, r3
 183              	.LVL18:
 184 000c FFF7FEFF 		bl	free
 185              	.LVL19:
  63:PID.c         ****         *controller = 0;
 186              		.loc 1 63 0
 187 0010 0023     		movs	r3, #0
 188 0012 2360     		str	r3, [r4]
 189 0014 10BD     		pop	{r4, pc}
 190              	.LVL20:
 191              	.L13:
 192              		.cfi_def_cfa_offset 0
 193              		.cfi_restore 4
 194              		.cfi_restore 14
 195 0016 7047     		bx	lr
 196              		.cfi_endproc
 197              	.LFE65:
 198              		.size	PID_End, .-PID_End
 199              		.text
 200              	.Letext0:
 201              		.file 2 "c:\\program files (x86)\\cypress\\psoc creator\\4.2\\psoc creator\\import\\gnu\\arm\\5.4.
 202              		.file 3 "c:\\program files (x86)\\cypress\\psoc creator\\4.2\\psoc creator\\import\\gnu\\arm\\5.4.
 203              		.file 4 "PID.h"
 204              		.file 5 "c:\\program files (x86)\\cypress\\psoc creator\\4.2\\psoc creator\\import\\gnu\\arm\\5.4.
 205              		.file 6 "Generated_Source\\PSoC5/core_cm3.h"
 206              		.section	.debug_info,"",%progbits
 207              	.Ldebug_info0:
 208 0000 0C020000 		.4byte	0x20c
 209 0004 0400     		.2byte	0x4
 210 0006 00000000 		.4byte	.Ldebug_abbrev0
 211 000a 04       		.byte	0x4
 212 000b 01       		.uleb128 0x1
 213 000c 3A000000 		.4byte	.LASF24
 214 0010 0C       		.byte	0xc
 215 0011 20010000 		.4byte	.LASF25
 216 0015 4A010000 		.4byte	.LASF26
 217 0019 00000000 		.4byte	.Ldebug_ranges0+0
 218 001d 00000000 		.4byte	0
 219 0021 00000000 		.4byte	.Ldebug_line0
 220 0025 02       		.uleb128 0x2
 221 0026 04       		.byte	0x4
ARM GAS  C:\Users\CALEBC~1\AppData\Local\Temp\cc4uy3EY.s 			page 6


 222 0027 04       		.byte	0x4
 223 0028 28000000 		.4byte	.LASF0
 224 002c 02       		.uleb128 0x2
 225 002d 01       		.byte	0x1
 226 002e 06       		.byte	0x6
 227 002f 2E000000 		.4byte	.LASF1
 228 0033 02       		.uleb128 0x2
 229 0034 01       		.byte	0x1
 230 0035 08       		.byte	0x8
 231 0036 02010000 		.4byte	.LASF2
 232 003a 02       		.uleb128 0x2
 233 003b 02       		.byte	0x2
 234 003c 05       		.byte	0x5
 235 003d CD010000 		.4byte	.LASF3
 236 0041 02       		.uleb128 0x2
 237 0042 02       		.byte	0x2
 238 0043 07       		.byte	0x7
 239 0044 E2000000 		.4byte	.LASF4
 240 0048 03       		.uleb128 0x3
 241 0049 08000000 		.4byte	.LASF10
 242 004d 02       		.byte	0x2
 243 004e 3F       		.byte	0x3f
 244 004f 53000000 		.4byte	0x53
 245 0053 02       		.uleb128 0x2
 246 0054 04       		.byte	0x4
 247 0055 05       		.byte	0x5
 248 0056 EE010000 		.4byte	.LASF5
 249 005a 02       		.uleb128 0x2
 250 005b 04       		.byte	0x4
 251 005c 07       		.byte	0x7
 252 005d D0000000 		.4byte	.LASF6
 253 0061 02       		.uleb128 0x2
 254 0062 08       		.byte	0x8
 255 0063 05       		.byte	0x5
 256 0064 AF010000 		.4byte	.LASF7
 257 0068 02       		.uleb128 0x2
 258 0069 08       		.byte	0x8
 259 006a 07       		.byte	0x7
 260 006b 33010000 		.4byte	.LASF8
 261 006f 04       		.uleb128 0x4
 262 0070 04       		.byte	0x4
 263 0071 05       		.byte	0x5
 264 0072 696E7400 		.ascii	"int\000"
 265 0076 02       		.uleb128 0x2
 266 0077 04       		.byte	0x4
 267 0078 07       		.byte	0x7
 268 0079 26010000 		.4byte	.LASF9
 269 007d 03       		.uleb128 0x3
 270 007e 99010000 		.4byte	.LASF11
 271 0082 03       		.byte	0x3
 272 0083 2C       		.byte	0x2c
 273 0084 48000000 		.4byte	0x48
 274 0088 02       		.uleb128 0x2
 275 0089 08       		.byte	0x8
 276 008a 04       		.byte	0x4
 277 008b 10010000 		.4byte	.LASF12
 278 008f 02       		.uleb128 0x2
ARM GAS  C:\Users\CALEBC~1\AppData\Local\Temp\cc4uy3EY.s 			page 7


 279 0090 01       		.byte	0x1
 280 0091 08       		.byte	0x8
 281 0092 BD010000 		.4byte	.LASF13
 282 0096 02       		.uleb128 0x2
 283 0097 08       		.byte	0x8
 284 0098 04       		.byte	0x4
 285 0099 F7010000 		.4byte	.LASF14
 286 009d 02       		.uleb128 0x2
 287 009e 04       		.byte	0x4
 288 009f 07       		.byte	0x7
 289 00a0 A1010000 		.4byte	.LASF15
 290 00a4 03       		.uleb128 0x3
 291 00a5 D7010000 		.4byte	.LASF16
 292 00a9 04       		.byte	0x4
 293 00aa 1A       		.byte	0x1a
 294 00ab AF000000 		.4byte	0xaf
 295 00af 05       		.uleb128 0x5
 296 00b0 04       		.byte	0x4
 297 00b1 B5000000 		.4byte	0xb5
 298 00b5 06       		.uleb128 0x6
 299 00b6 00000000 		.4byte	.LASF27
 300 00ba 14       		.byte	0x14
 301 00bb 01       		.byte	0x1
 302 00bc 15       		.byte	0x15
 303 00bd FB000000 		.4byte	0xfb
 304 00c1 07       		.uleb128 0x7
 305 00c2 6B7000   		.ascii	"kp\000"
 306 00c5 01       		.byte	0x1
 307 00c6 16       		.byte	0x16
 308 00c7 25000000 		.4byte	0x25
 309 00cb 00       		.byte	0
 310 00cc 07       		.uleb128 0x7
 311 00cd 6B6900   		.ascii	"ki\000"
 312 00d0 01       		.byte	0x1
 313 00d1 16       		.byte	0x16
 314 00d2 25000000 		.4byte	0x25
 315 00d6 04       		.byte	0x4
 316 00d7 07       		.uleb128 0x7
 317 00d8 6B6400   		.ascii	"kd\000"
 318 00db 01       		.byte	0x1
 319 00dc 16       		.byte	0x16
 320 00dd 25000000 		.4byte	0x25
 321 00e1 08       		.byte	0x8
 322 00e2 08       		.uleb128 0x8
 323 00e3 12000000 		.4byte	.LASF17
 324 00e7 01       		.byte	0x1
 325 00e8 17       		.byte	0x17
 326 00e9 25000000 		.4byte	0x25
 327 00ed 0C       		.byte	0xc
 328 00ee 08       		.uleb128 0x8
 329 00ef C8000000 		.4byte	.LASF18
 330 00f3 01       		.byte	0x1
 331 00f4 18       		.byte	0x18
 332 00f5 25000000 		.4byte	0x25
 333 00f9 10       		.byte	0x10
 334 00fa 00       		.byte	0
 335 00fb 09       		.uleb128 0x9
ARM GAS  C:\Users\CALEBC~1\AppData\Local\Temp\cc4uy3EY.s 			page 8


 336 00fc 17010000 		.4byte	.LASF19
 337 0100 01       		.byte	0x1
 338 0101 1B       		.byte	0x1b
 339 0102 A4000000 		.4byte	0xa4
 340 0106 00000000 		.4byte	.LFB63
 341 010a 1C000000 		.4byte	.LFE63-.LFB63
 342 010e 01       		.uleb128 0x1
 343 010f 9C       		.byte	0x9c
 344 0110 59010000 		.4byte	0x159
 345 0114 0A       		.uleb128 0xa
 346 0115 6B7000   		.ascii	"kp\000"
 347 0118 01       		.byte	0x1
 348 0119 1B       		.byte	0x1b
 349 011a 25000000 		.4byte	0x25
 350 011e 00000000 		.4byte	.LLST0
 351 0122 0A       		.uleb128 0xa
 352 0123 6B6900   		.ascii	"ki\000"
 353 0126 01       		.byte	0x1
 354 0127 1B       		.byte	0x1b
 355 0128 25000000 		.4byte	0x25
 356 012c 1E000000 		.4byte	.LLST1
 357 0130 0A       		.uleb128 0xa
 358 0131 6B6400   		.ascii	"kd\000"
 359 0134 01       		.byte	0x1
 360 0135 1B       		.byte	0x1b
 361 0136 25000000 		.4byte	0x25
 362 013a 3C000000 		.4byte	.LLST2
 363 013e 0B       		.uleb128 0xb
 364 013f 6300     		.ascii	"c\000"
 365 0141 01       		.byte	0x1
 366 0142 1C       		.byte	0x1c
 367 0143 A4000000 		.4byte	0xa4
 368 0147 01       		.uleb128 0x1
 369 0148 50       		.byte	0x50
 370 0149 0C       		.uleb128 0xc
 371 014a 0E000000 		.4byte	.LVL2
 372 014e F9010000 		.4byte	0x1f9
 373 0152 0D       		.uleb128 0xd
 374 0153 01       		.uleb128 0x1
 375 0154 50       		.byte	0x50
 376 0155 01       		.uleb128 0x1
 377 0156 44       		.byte	0x44
 378 0157 00       		.byte	0
 379 0158 00       		.byte	0
 380 0159 0E       		.uleb128 0xe
 381 015a 1D000000 		.4byte	.LASF20
 382 015e 01       		.byte	0x1
 383 015f 27       		.byte	0x27
 384 0160 25000000 		.4byte	0x25
 385 0164 00000000 		.4byte	.LFB64
 386 0168 72000000 		.4byte	.LFE64-.LFB64
 387 016c 01       		.uleb128 0x1
 388 016d 9C       		.byte	0x9c
 389 016e B4010000 		.4byte	0x1b4
 390 0172 0A       		.uleb128 0xa
 391 0173 6300     		.ascii	"c\000"
 392 0175 01       		.byte	0x1
ARM GAS  C:\Users\CALEBC~1\AppData\Local\Temp\cc4uy3EY.s 			page 9


 393 0176 27       		.byte	0x27
 394 0177 A4000000 		.4byte	0xa4
 395 017b 5A000000 		.4byte	.LLST3
 396 017f 0A       		.uleb128 0xa
 397 0180 707600   		.ascii	"pv\000"
 398 0183 01       		.byte	0x1
 399 0184 27       		.byte	0x27
 400 0185 25000000 		.4byte	0x25
 401 0189 78000000 		.4byte	.LLST4
 402 018d 0A       		.uleb128 0xa
 403 018e 737000   		.ascii	"sp\000"
 404 0191 01       		.byte	0x1
 405 0192 27       		.byte	0x27
 406 0193 25000000 		.4byte	0x25
 407 0197 9B000000 		.4byte	.LLST5
 408 019b 0B       		.uleb128 0xb
 409 019c 7500     		.ascii	"u\000"
 410 019e 01       		.byte	0x1
 411 019f 28       		.byte	0x28
 412 01a0 25000000 		.4byte	0x25
 413 01a4 01       		.uleb128 0x1
 414 01a5 50       		.byte	0x50
 415 01a6 0F       		.uleb128 0xf
 416 01a7 6500     		.ascii	"e\000"
 417 01a9 01       		.byte	0x1
 418 01aa 28       		.byte	0x28
 419 01ab 25000000 		.4byte	0x25
 420 01af BE000000 		.4byte	.LLST6
 421 01b3 00       		.byte	0
 422 01b4 10       		.uleb128 0x10
 423 01b5 E6010000 		.4byte	.LASF28
 424 01b9 01       		.byte	0x1
 425 01ba 3C       		.byte	0x3c
 426 01bb 00000000 		.4byte	.LFB65
 427 01bf 18000000 		.4byte	.LFE65-.LFB65
 428 01c3 01       		.uleb128 0x1
 429 01c4 9C       		.byte	0x9c
 430 01c5 E2010000 		.4byte	0x1e2
 431 01c9 11       		.uleb128 0x11
 432 01ca C2010000 		.4byte	.LASF21
 433 01ce 01       		.byte	0x1
 434 01cf 3C       		.byte	0x3c
 435 01d0 E2010000 		.4byte	0x1e2
 436 01d4 DC000000 		.4byte	.LLST7
 437 01d8 12       		.uleb128 0x12
 438 01d9 10000000 		.4byte	.LVL19
 439 01dd 04020000 		.4byte	0x204
 440 01e1 00       		.byte	0
 441 01e2 05       		.uleb128 0x5
 442 01e3 04       		.byte	0x4
 443 01e4 A4000000 		.4byte	0xa4
 444 01e8 13       		.uleb128 0x13
 445 01e9 F5000000 		.4byte	.LASF29
 446 01ed 06       		.byte	0x6
 447 01ee 1207     		.2byte	0x712
 448 01f0 F4010000 		.4byte	0x1f4
 449 01f4 14       		.uleb128 0x14
ARM GAS  C:\Users\CALEBC~1\AppData\Local\Temp\cc4uy3EY.s 			page 10


 450 01f5 7D000000 		.4byte	0x7d
 451 01f9 15       		.uleb128 0x15
 452 01fa 03020000 		.4byte	.LASF22
 453 01fe 03020000 		.4byte	.LASF22
 454 0202 05       		.byte	0x5
 455 0203 64       		.byte	0x64
 456 0204 15       		.uleb128 0x15
 457 0205 AA010000 		.4byte	.LASF23
 458 0209 AA010000 		.4byte	.LASF23
 459 020d 05       		.byte	0x5
 460 020e 59       		.byte	0x59
 461 020f 00       		.byte	0
 462              		.section	.debug_abbrev,"",%progbits
 463              	.Ldebug_abbrev0:
 464 0000 01       		.uleb128 0x1
 465 0001 11       		.uleb128 0x11
 466 0002 01       		.byte	0x1
 467 0003 25       		.uleb128 0x25
 468 0004 0E       		.uleb128 0xe
 469 0005 13       		.uleb128 0x13
 470 0006 0B       		.uleb128 0xb
 471 0007 03       		.uleb128 0x3
 472 0008 0E       		.uleb128 0xe
 473 0009 1B       		.uleb128 0x1b
 474 000a 0E       		.uleb128 0xe
 475 000b 55       		.uleb128 0x55
 476 000c 17       		.uleb128 0x17
 477 000d 11       		.uleb128 0x11
 478 000e 01       		.uleb128 0x1
 479 000f 10       		.uleb128 0x10
 480 0010 17       		.uleb128 0x17
 481 0011 00       		.byte	0
 482 0012 00       		.byte	0
 483 0013 02       		.uleb128 0x2
 484 0014 24       		.uleb128 0x24
 485 0015 00       		.byte	0
 486 0016 0B       		.uleb128 0xb
 487 0017 0B       		.uleb128 0xb
 488 0018 3E       		.uleb128 0x3e
 489 0019 0B       		.uleb128 0xb
 490 001a 03       		.uleb128 0x3
 491 001b 0E       		.uleb128 0xe
 492 001c 00       		.byte	0
 493 001d 00       		.byte	0
 494 001e 03       		.uleb128 0x3
 495 001f 16       		.uleb128 0x16
 496 0020 00       		.byte	0
 497 0021 03       		.uleb128 0x3
 498 0022 0E       		.uleb128 0xe
 499 0023 3A       		.uleb128 0x3a
 500 0024 0B       		.uleb128 0xb
 501 0025 3B       		.uleb128 0x3b
 502 0026 0B       		.uleb128 0xb
 503 0027 49       		.uleb128 0x49
 504 0028 13       		.uleb128 0x13
 505 0029 00       		.byte	0
 506 002a 00       		.byte	0
ARM GAS  C:\Users\CALEBC~1\AppData\Local\Temp\cc4uy3EY.s 			page 11


 507 002b 04       		.uleb128 0x4
 508 002c 24       		.uleb128 0x24
 509 002d 00       		.byte	0
 510 002e 0B       		.uleb128 0xb
 511 002f 0B       		.uleb128 0xb
 512 0030 3E       		.uleb128 0x3e
 513 0031 0B       		.uleb128 0xb
 514 0032 03       		.uleb128 0x3
 515 0033 08       		.uleb128 0x8
 516 0034 00       		.byte	0
 517 0035 00       		.byte	0
 518 0036 05       		.uleb128 0x5
 519 0037 0F       		.uleb128 0xf
 520 0038 00       		.byte	0
 521 0039 0B       		.uleb128 0xb
 522 003a 0B       		.uleb128 0xb
 523 003b 49       		.uleb128 0x49
 524 003c 13       		.uleb128 0x13
 525 003d 00       		.byte	0
 526 003e 00       		.byte	0
 527 003f 06       		.uleb128 0x6
 528 0040 13       		.uleb128 0x13
 529 0041 01       		.byte	0x1
 530 0042 03       		.uleb128 0x3
 531 0043 0E       		.uleb128 0xe
 532 0044 0B       		.uleb128 0xb
 533 0045 0B       		.uleb128 0xb
 534 0046 3A       		.uleb128 0x3a
 535 0047 0B       		.uleb128 0xb
 536 0048 3B       		.uleb128 0x3b
 537 0049 0B       		.uleb128 0xb
 538 004a 01       		.uleb128 0x1
 539 004b 13       		.uleb128 0x13
 540 004c 00       		.byte	0
 541 004d 00       		.byte	0
 542 004e 07       		.uleb128 0x7
 543 004f 0D       		.uleb128 0xd
 544 0050 00       		.byte	0
 545 0051 03       		.uleb128 0x3
 546 0052 08       		.uleb128 0x8
 547 0053 3A       		.uleb128 0x3a
 548 0054 0B       		.uleb128 0xb
 549 0055 3B       		.uleb128 0x3b
 550 0056 0B       		.uleb128 0xb
 551 0057 49       		.uleb128 0x49
 552 0058 13       		.uleb128 0x13
 553 0059 38       		.uleb128 0x38
 554 005a 0B       		.uleb128 0xb
 555 005b 00       		.byte	0
 556 005c 00       		.byte	0
 557 005d 08       		.uleb128 0x8
 558 005e 0D       		.uleb128 0xd
 559 005f 00       		.byte	0
 560 0060 03       		.uleb128 0x3
 561 0061 0E       		.uleb128 0xe
 562 0062 3A       		.uleb128 0x3a
 563 0063 0B       		.uleb128 0xb
ARM GAS  C:\Users\CALEBC~1\AppData\Local\Temp\cc4uy3EY.s 			page 12


 564 0064 3B       		.uleb128 0x3b
 565 0065 0B       		.uleb128 0xb
 566 0066 49       		.uleb128 0x49
 567 0067 13       		.uleb128 0x13
 568 0068 38       		.uleb128 0x38
 569 0069 0B       		.uleb128 0xb
 570 006a 00       		.byte	0
 571 006b 00       		.byte	0
 572 006c 09       		.uleb128 0x9
 573 006d 2E       		.uleb128 0x2e
 574 006e 01       		.byte	0x1
 575 006f 3F       		.uleb128 0x3f
 576 0070 19       		.uleb128 0x19
 577 0071 03       		.uleb128 0x3
 578 0072 0E       		.uleb128 0xe
 579 0073 3A       		.uleb128 0x3a
 580 0074 0B       		.uleb128 0xb
 581 0075 3B       		.uleb128 0x3b
 582 0076 0B       		.uleb128 0xb
 583 0077 27       		.uleb128 0x27
 584 0078 19       		.uleb128 0x19
 585 0079 49       		.uleb128 0x49
 586 007a 13       		.uleb128 0x13
 587 007b 11       		.uleb128 0x11
 588 007c 01       		.uleb128 0x1
 589 007d 12       		.uleb128 0x12
 590 007e 06       		.uleb128 0x6
 591 007f 40       		.uleb128 0x40
 592 0080 18       		.uleb128 0x18
 593 0081 9742     		.uleb128 0x2117
 594 0083 19       		.uleb128 0x19
 595 0084 01       		.uleb128 0x1
 596 0085 13       		.uleb128 0x13
 597 0086 00       		.byte	0
 598 0087 00       		.byte	0
 599 0088 0A       		.uleb128 0xa
 600 0089 05       		.uleb128 0x5
 601 008a 00       		.byte	0
 602 008b 03       		.uleb128 0x3
 603 008c 08       		.uleb128 0x8
 604 008d 3A       		.uleb128 0x3a
 605 008e 0B       		.uleb128 0xb
 606 008f 3B       		.uleb128 0x3b
 607 0090 0B       		.uleb128 0xb
 608 0091 49       		.uleb128 0x49
 609 0092 13       		.uleb128 0x13
 610 0093 02       		.uleb128 0x2
 611 0094 17       		.uleb128 0x17
 612 0095 00       		.byte	0
 613 0096 00       		.byte	0
 614 0097 0B       		.uleb128 0xb
 615 0098 34       		.uleb128 0x34
 616 0099 00       		.byte	0
 617 009a 03       		.uleb128 0x3
 618 009b 08       		.uleb128 0x8
 619 009c 3A       		.uleb128 0x3a
 620 009d 0B       		.uleb128 0xb
ARM GAS  C:\Users\CALEBC~1\AppData\Local\Temp\cc4uy3EY.s 			page 13


 621 009e 3B       		.uleb128 0x3b
 622 009f 0B       		.uleb128 0xb
 623 00a0 49       		.uleb128 0x49
 624 00a1 13       		.uleb128 0x13
 625 00a2 02       		.uleb128 0x2
 626 00a3 18       		.uleb128 0x18
 627 00a4 00       		.byte	0
 628 00a5 00       		.byte	0
 629 00a6 0C       		.uleb128 0xc
 630 00a7 898201   		.uleb128 0x4109
 631 00aa 01       		.byte	0x1
 632 00ab 11       		.uleb128 0x11
 633 00ac 01       		.uleb128 0x1
 634 00ad 31       		.uleb128 0x31
 635 00ae 13       		.uleb128 0x13
 636 00af 00       		.byte	0
 637 00b0 00       		.byte	0
 638 00b1 0D       		.uleb128 0xd
 639 00b2 8A8201   		.uleb128 0x410a
 640 00b5 00       		.byte	0
 641 00b6 02       		.uleb128 0x2
 642 00b7 18       		.uleb128 0x18
 643 00b8 9142     		.uleb128 0x2111
 644 00ba 18       		.uleb128 0x18
 645 00bb 00       		.byte	0
 646 00bc 00       		.byte	0
 647 00bd 0E       		.uleb128 0xe
 648 00be 2E       		.uleb128 0x2e
 649 00bf 01       		.byte	0x1
 650 00c0 3F       		.uleb128 0x3f
 651 00c1 19       		.uleb128 0x19
 652 00c2 03       		.uleb128 0x3
 653 00c3 0E       		.uleb128 0xe
 654 00c4 3A       		.uleb128 0x3a
 655 00c5 0B       		.uleb128 0xb
 656 00c6 3B       		.uleb128 0x3b
 657 00c7 0B       		.uleb128 0xb
 658 00c8 27       		.uleb128 0x27
 659 00c9 19       		.uleb128 0x19
 660 00ca 49       		.uleb128 0x49
 661 00cb 13       		.uleb128 0x13
 662 00cc 11       		.uleb128 0x11
 663 00cd 01       		.uleb128 0x1
 664 00ce 12       		.uleb128 0x12
 665 00cf 06       		.uleb128 0x6
 666 00d0 40       		.uleb128 0x40
 667 00d1 18       		.uleb128 0x18
 668 00d2 9642     		.uleb128 0x2116
 669 00d4 19       		.uleb128 0x19
 670 00d5 01       		.uleb128 0x1
 671 00d6 13       		.uleb128 0x13
 672 00d7 00       		.byte	0
 673 00d8 00       		.byte	0
 674 00d9 0F       		.uleb128 0xf
 675 00da 34       		.uleb128 0x34
 676 00db 00       		.byte	0
 677 00dc 03       		.uleb128 0x3
ARM GAS  C:\Users\CALEBC~1\AppData\Local\Temp\cc4uy3EY.s 			page 14


 678 00dd 08       		.uleb128 0x8
 679 00de 3A       		.uleb128 0x3a
 680 00df 0B       		.uleb128 0xb
 681 00e0 3B       		.uleb128 0x3b
 682 00e1 0B       		.uleb128 0xb
 683 00e2 49       		.uleb128 0x49
 684 00e3 13       		.uleb128 0x13
 685 00e4 02       		.uleb128 0x2
 686 00e5 17       		.uleb128 0x17
 687 00e6 00       		.byte	0
 688 00e7 00       		.byte	0
 689 00e8 10       		.uleb128 0x10
 690 00e9 2E       		.uleb128 0x2e
 691 00ea 01       		.byte	0x1
 692 00eb 3F       		.uleb128 0x3f
 693 00ec 19       		.uleb128 0x19
 694 00ed 03       		.uleb128 0x3
 695 00ee 0E       		.uleb128 0xe
 696 00ef 3A       		.uleb128 0x3a
 697 00f0 0B       		.uleb128 0xb
 698 00f1 3B       		.uleb128 0x3b
 699 00f2 0B       		.uleb128 0xb
 700 00f3 27       		.uleb128 0x27
 701 00f4 19       		.uleb128 0x19
 702 00f5 11       		.uleb128 0x11
 703 00f6 01       		.uleb128 0x1
 704 00f7 12       		.uleb128 0x12
 705 00f8 06       		.uleb128 0x6
 706 00f9 40       		.uleb128 0x40
 707 00fa 18       		.uleb128 0x18
 708 00fb 9742     		.uleb128 0x2117
 709 00fd 19       		.uleb128 0x19
 710 00fe 01       		.uleb128 0x1
 711 00ff 13       		.uleb128 0x13
 712 0100 00       		.byte	0
 713 0101 00       		.byte	0
 714 0102 11       		.uleb128 0x11
 715 0103 05       		.uleb128 0x5
 716 0104 00       		.byte	0
 717 0105 03       		.uleb128 0x3
 718 0106 0E       		.uleb128 0xe
 719 0107 3A       		.uleb128 0x3a
 720 0108 0B       		.uleb128 0xb
 721 0109 3B       		.uleb128 0x3b
 722 010a 0B       		.uleb128 0xb
 723 010b 49       		.uleb128 0x49
 724 010c 13       		.uleb128 0x13
 725 010d 02       		.uleb128 0x2
 726 010e 17       		.uleb128 0x17
 727 010f 00       		.byte	0
 728 0110 00       		.byte	0
 729 0111 12       		.uleb128 0x12
 730 0112 898201   		.uleb128 0x4109
 731 0115 00       		.byte	0
 732 0116 11       		.uleb128 0x11
 733 0117 01       		.uleb128 0x1
 734 0118 31       		.uleb128 0x31
ARM GAS  C:\Users\CALEBC~1\AppData\Local\Temp\cc4uy3EY.s 			page 15


 735 0119 13       		.uleb128 0x13
 736 011a 00       		.byte	0
 737 011b 00       		.byte	0
 738 011c 13       		.uleb128 0x13
 739 011d 34       		.uleb128 0x34
 740 011e 00       		.byte	0
 741 011f 03       		.uleb128 0x3
 742 0120 0E       		.uleb128 0xe
 743 0121 3A       		.uleb128 0x3a
 744 0122 0B       		.uleb128 0xb
 745 0123 3B       		.uleb128 0x3b
 746 0124 05       		.uleb128 0x5
 747 0125 49       		.uleb128 0x49
 748 0126 13       		.uleb128 0x13
 749 0127 3F       		.uleb128 0x3f
 750 0128 19       		.uleb128 0x19
 751 0129 3C       		.uleb128 0x3c
 752 012a 19       		.uleb128 0x19
 753 012b 00       		.byte	0
 754 012c 00       		.byte	0
 755 012d 14       		.uleb128 0x14
 756 012e 35       		.uleb128 0x35
 757 012f 00       		.byte	0
 758 0130 49       		.uleb128 0x49
 759 0131 13       		.uleb128 0x13
 760 0132 00       		.byte	0
 761 0133 00       		.byte	0
 762 0134 15       		.uleb128 0x15
 763 0135 2E       		.uleb128 0x2e
 764 0136 00       		.byte	0
 765 0137 3F       		.uleb128 0x3f
 766 0138 19       		.uleb128 0x19
 767 0139 3C       		.uleb128 0x3c
 768 013a 19       		.uleb128 0x19
 769 013b 6E       		.uleb128 0x6e
 770 013c 0E       		.uleb128 0xe
 771 013d 03       		.uleb128 0x3
 772 013e 0E       		.uleb128 0xe
 773 013f 3A       		.uleb128 0x3a
 774 0140 0B       		.uleb128 0xb
 775 0141 3B       		.uleb128 0x3b
 776 0142 0B       		.uleb128 0xb
 777 0143 00       		.byte	0
 778 0144 00       		.byte	0
 779 0145 00       		.byte	0
 780              		.section	.debug_loc,"",%progbits
 781              	.Ldebug_loc0:
 782              	.LLST0:
 783 0000 00000000 		.4byte	.LVL0
 784 0004 0A000000 		.4byte	.LVL1
 785 0008 0100     		.2byte	0x1
 786 000a 50       		.byte	0x50
 787 000b 0A000000 		.4byte	.LVL1
 788 000f 1C000000 		.4byte	.LFE63
 789 0013 0100     		.2byte	0x1
 790 0015 56       		.byte	0x56
 791 0016 00000000 		.4byte	0
ARM GAS  C:\Users\CALEBC~1\AppData\Local\Temp\cc4uy3EY.s 			page 16


 792 001a 00000000 		.4byte	0
 793              	.LLST1:
 794 001e 00000000 		.4byte	.LVL0
 795 0022 0D000000 		.4byte	.LVL2-1
 796 0026 0100     		.2byte	0x1
 797 0028 51       		.byte	0x51
 798 0029 0D000000 		.4byte	.LVL2-1
 799 002d 1C000000 		.4byte	.LFE63
 800 0031 0100     		.2byte	0x1
 801 0033 55       		.byte	0x55
 802 0034 00000000 		.4byte	0
 803 0038 00000000 		.4byte	0
 804              	.LLST2:
 805 003c 00000000 		.4byte	.LVL0
 806 0040 0D000000 		.4byte	.LVL2-1
 807 0044 0100     		.2byte	0x1
 808 0046 52       		.byte	0x52
 809 0047 0D000000 		.4byte	.LVL2-1
 810 004b 1C000000 		.4byte	.LFE63
 811 004f 0100     		.2byte	0x1
 812 0051 54       		.byte	0x54
 813 0052 00000000 		.4byte	0
 814 0056 00000000 		.4byte	0
 815              	.LLST3:
 816 005a 00000000 		.4byte	.LVL3
 817 005e 08000000 		.4byte	.LVL4
 818 0062 0100     		.2byte	0x1
 819 0064 50       		.byte	0x50
 820 0065 08000000 		.4byte	.LVL4
 821 0069 72000000 		.4byte	.LFE64
 822 006d 0100     		.2byte	0x1
 823 006f 54       		.byte	0x54
 824 0070 00000000 		.4byte	0
 825 0074 00000000 		.4byte	0
 826              	.LLST4:
 827 0078 00000000 		.4byte	.LVL3
 828 007c 0B000000 		.4byte	.LVL5-1
 829 0080 0100     		.2byte	0x1
 830 0082 51       		.byte	0x51
 831 0083 0B000000 		.4byte	.LVL5-1
 832 0087 72000000 		.4byte	.LFE64
 833 008b 0600     		.2byte	0x6
 834 008d F3       		.byte	0xf3
 835 008e 03       		.uleb128 0x3
 836 008f F5       		.byte	0xf5
 837 0090 01       		.uleb128 0x1
 838 0091 25       		.uleb128 0x25
 839 0092 9F       		.byte	0x9f
 840 0093 00000000 		.4byte	0
 841 0097 00000000 		.4byte	0
 842              	.LLST5:
 843 009b 00000000 		.4byte	.LVL3
 844 009f 0B000000 		.4byte	.LVL5-1
 845 00a3 0100     		.2byte	0x1
 846 00a5 52       		.byte	0x52
 847 00a6 0B000000 		.4byte	.LVL5-1
 848 00aa 72000000 		.4byte	.LFE64
ARM GAS  C:\Users\CALEBC~1\AppData\Local\Temp\cc4uy3EY.s 			page 17


 849 00ae 0600     		.2byte	0x6
 850 00b0 F3       		.byte	0xf3
 851 00b1 03       		.uleb128 0x3
 852 00b2 F5       		.byte	0xf5
 853 00b3 02       		.uleb128 0x2
 854 00b4 25       		.uleb128 0x25
 855 00b5 9F       		.byte	0x9f
 856 00b6 00000000 		.4byte	0
 857 00ba 00000000 		.4byte	0
 858              	.LLST6:
 859 00be 0E000000 		.4byte	.LVL6
 860 00c2 14000000 		.4byte	.LVL7
 861 00c6 0100     		.2byte	0x1
 862 00c8 50       		.byte	0x50
 863 00c9 14000000 		.4byte	.LVL7
 864 00cd 72000000 		.4byte	.LFE64
 865 00d1 0100     		.2byte	0x1
 866 00d3 55       		.byte	0x55
 867 00d4 00000000 		.4byte	0
 868 00d8 00000000 		.4byte	0
 869              	.LLST7:
 870 00dc 00000000 		.4byte	.LVL17
 871 00e0 0C000000 		.4byte	.LVL18
 872 00e4 0100     		.2byte	0x1
 873 00e6 50       		.byte	0x50
 874 00e7 0C000000 		.4byte	.LVL18
 875 00eb 16000000 		.4byte	.LVL20
 876 00ef 0100     		.2byte	0x1
 877 00f1 54       		.byte	0x54
 878 00f2 16000000 		.4byte	.LVL20
 879 00f6 18000000 		.4byte	.LFE65
 880 00fa 0100     		.2byte	0x1
 881 00fc 50       		.byte	0x50
 882 00fd 00000000 		.4byte	0
 883 0101 00000000 		.4byte	0
 884              		.section	.debug_aranges,"",%progbits
 885 0000 2C000000 		.4byte	0x2c
 886 0004 0200     		.2byte	0x2
 887 0006 00000000 		.4byte	.Ldebug_info0
 888 000a 04       		.byte	0x4
 889 000b 00       		.byte	0
 890 000c 0000     		.2byte	0
 891 000e 0000     		.2byte	0
 892 0010 00000000 		.4byte	.LFB63
 893 0014 1C000000 		.4byte	.LFE63-.LFB63
 894 0018 00000000 		.4byte	.LFB64
 895 001c 72000000 		.4byte	.LFE64-.LFB64
 896 0020 00000000 		.4byte	.LFB65
 897 0024 18000000 		.4byte	.LFE65-.LFB65
 898 0028 00000000 		.4byte	0
 899 002c 00000000 		.4byte	0
 900              		.section	.debug_ranges,"",%progbits
 901              	.Ldebug_ranges0:
 902 0000 00000000 		.4byte	.LFB63
 903 0004 1C000000 		.4byte	.LFE63
 904 0008 00000000 		.4byte	.LFB64
 905 000c 72000000 		.4byte	.LFE64
ARM GAS  C:\Users\CALEBC~1\AppData\Local\Temp\cc4uy3EY.s 			page 18


 906 0010 00000000 		.4byte	.LFB65
 907 0014 18000000 		.4byte	.LFE65
 908 0018 00000000 		.4byte	0
 909 001c 00000000 		.4byte	0
 910              		.section	.debug_line,"",%progbits
 911              	.Ldebug_line0:
 912 0000 0F020000 		.section	.debug_str,"MS",%progbits,1
 912      0200BB01 
 912      00000201 
 912      FB0E0D00 
 912      01010101 
 913              	.LASF27:
 914 0000 5049445F 		.ascii	"PID_Obj\000"
 914      4F626A00 
 915              	.LASF10:
 916 0008 5F5F696E 		.ascii	"__int32_t\000"
 916      7433325F 
 916      7400
 917              	.LASF17:
 918 0012 70726576 		.ascii	"prev_error\000"
 918      5F657272 
 918      6F7200
 919              	.LASF20:
 920 001d 5049445F 		.ascii	"PID_Update\000"
 920      55706461 
 920      746500
 921              	.LASF0:
 922 0028 666C6F61 		.ascii	"float\000"
 922      7400
 923              	.LASF1:
 924 002e 7369676E 		.ascii	"signed char\000"
 924      65642063 
 924      68617200 
 925              	.LASF24:
 926 003a 474E5520 		.ascii	"GNU C11 5.4.1 20160609 (release) [ARM/embedded-5-br"
 926      43313120 
 926      352E342E 
 926      31203230 
 926      31363036 
 927 006d 616E6368 		.ascii	"anch revision 237715] -mcpu=cortex-m3 -mthumb -g -O"
 927      20726576 
 927      6973696F 
 927      6E203233 
 927      37373135 
 928 00a0 67202D66 		.ascii	"g -ffunction-sections -ffat-lto-objects\000"
 928      66756E63 
 928      74696F6E 
 928      2D736563 
 928      74696F6E 
 929              	.LASF18:
 930 00c8 695F6572 		.ascii	"i_error\000"
 930      726F7200 
 931              	.LASF6:
 932 00d0 6C6F6E67 		.ascii	"long unsigned int\000"
 932      20756E73 
 932      69676E65 
 932      6420696E 
ARM GAS  C:\Users\CALEBC~1\AppData\Local\Temp\cc4uy3EY.s 			page 19


 932      7400
 933              	.LASF4:
 934 00e2 73686F72 		.ascii	"short unsigned int\000"
 934      7420756E 
 934      7369676E 
 934      65642069 
 934      6E7400
 935              	.LASF29:
 936 00f5 49544D5F 		.ascii	"ITM_RxBuffer\000"
 936      52784275 
 936      66666572 
 936      00
 937              	.LASF2:
 938 0102 756E7369 		.ascii	"unsigned char\000"
 938      676E6564 
 938      20636861 
 938      7200
 939              	.LASF12:
 940 0110 646F7562 		.ascii	"double\000"
 940      6C6500
 941              	.LASF19:
 942 0117 5049445F 		.ascii	"PID_Init\000"
 942      496E6974 
 942      00
 943              	.LASF25:
 944 0120 5049442E 		.ascii	"PID.c\000"
 944      6300
 945              	.LASF9:
 946 0126 756E7369 		.ascii	"unsigned int\000"
 946      676E6564 
 946      20696E74 
 946      00
 947              	.LASF8:
 948 0133 6C6F6E67 		.ascii	"long long unsigned int\000"
 948      206C6F6E 
 948      6720756E 
 948      7369676E 
 948      65642069 
 949              	.LASF26:
 950 014a 433A5C55 		.ascii	"C:\\Users\\Caleb Cotter\\Documents\\GitHub\\3HC\\3H"
 950      73657273 
 950      5C43616C 
 950      65622043 
 950      6F747465 
 951 0177 435F4669 		.ascii	"C_Firmware\\3HC_Firmware_0_1.cydsn\000"
 951      726D7761 
 951      72655C33 
 951      48435F46 
 951      69726D77 
 952              	.LASF11:
 953 0199 696E7433 		.ascii	"int32_t\000"
 953      325F7400 
 954              	.LASF15:
 955 01a1 73697A65 		.ascii	"sizetype\000"
 955      74797065 
 955      00
 956              	.LASF23:
ARM GAS  C:\Users\CALEBC~1\AppData\Local\Temp\cc4uy3EY.s 			page 20


 957 01aa 66726565 		.ascii	"free\000"
 957      00
 958              	.LASF7:
 959 01af 6C6F6E67 		.ascii	"long long int\000"
 959      206C6F6E 
 959      6720696E 
 959      7400
 960              	.LASF13:
 961 01bd 63686172 		.ascii	"char\000"
 961      00
 962              	.LASF21:
 963 01c2 636F6E74 		.ascii	"controller\000"
 963      726F6C6C 
 963      657200
 964              	.LASF3:
 965 01cd 73686F72 		.ascii	"short int\000"
 965      7420696E 
 965      7400
 966              	.LASF16:
 967 01d7 5049445F 		.ascii	"PID_Controller\000"
 967      436F6E74 
 967      726F6C6C 
 967      657200
 968              	.LASF28:
 969 01e6 5049445F 		.ascii	"PID_End\000"
 969      456E6400 
 970              	.LASF5:
 971 01ee 6C6F6E67 		.ascii	"long int\000"
 971      20696E74 
 971      00
 972              	.LASF14:
 973 01f7 6C6F6E67 		.ascii	"long double\000"
 973      20646F75 
 973      626C6500 
 974              	.LASF22:
 975 0203 6D616C6C 		.ascii	"malloc\000"
 975      6F6300
 976              		.ident	"GCC: (GNU Tools for ARM Embedded Processors) 5.4.1 20160609 (release) [ARM/embedded-5-bran
