ARM GAS  C:\Users\CALEBC~1\AppData\Local\Temp\cciTXWcI.s 			page 1


   1              		.syntax unified
   2              		.cpu cortex-m3
   3              		.fpu softvfp
   4              		.eabi_attribute 20, 1
   5              		.eabi_attribute 21, 1
   6              		.eabi_attribute 23, 3
   7              		.eabi_attribute 24, 1
   8              		.eabi_attribute 25, 1
   9              		.eabi_attribute 26, 1
  10              		.eabi_attribute 30, 1
  11              		.eabi_attribute 34, 1
  12              		.eabi_attribute 18, 4
  13              		.thumb
  14              		.syntax unified
  15              		.file	"USBFS_descr.c"
  16              		.text
  17              	.Ltext0:
  18              		.cfi_sections	.debug_frame
  19              		.comm	USBFS_idSerialNumberStringDescriptor,34,4
  20              		.global	USBFS_MSOS_CONFIGURATION_DESCR
  21              		.global	USBFS_MSOS_DESCRIPTOR
  22              		.global	USBFS_TABLE
  23              		.global	USBFS_DEVICE0_TABLE
  24              		.global	USBFS_DEVICE0_CONFIGURATION0_TABLE
  25              		.global	USBFS_DEVICE0_CONFIGURATION0_INTERFACE_CLASS
  26              		.global	USBFS_DEVICE0_CONFIGURATION0_EP_SETTINGS_TABLE
  27              		.global	USBFS_SN_STRING_DESCRIPTOR
  28              		.global	USBFS_STRING_DESCRIPTORS
  29              		.global	USBFS_DEVICE0_CONFIGURATION0_DESCR
  30              		.global	USBFS_DEVICE0_DESCR
  31              		.section	.rodata
  32              		.align	2
  33              		.type	USBFS_MSOS_CONFIGURATION_DESCR, %object
  34              		.size	USBFS_MSOS_CONFIGURATION_DESCR, 40
  35              	USBFS_MSOS_CONFIGURATION_DESCR:
  36 0000 28       		.byte	40
  37 0001 00       		.byte	0
  38 0002 00       		.byte	0
  39 0003 00       		.byte	0
  40 0004 00       		.byte	0
  41 0005 01       		.byte	1
  42 0006 04       		.byte	4
  43 0007 00       		.byte	0
  44 0008 01       		.byte	1
  45 0009 00       		.byte	0
  46 000a 00       		.byte	0
  47 000b 00       		.byte	0
  48 000c 00       		.byte	0
  49 000d 00       		.byte	0
  50 000e 00       		.byte	0
  51 000f 00       		.byte	0
  52 0010 00       		.byte	0
  53 0011 01       		.byte	1
  54 0012 43       		.byte	67
  55 0013 59       		.byte	89
  56 0014 55       		.byte	85
  57 0015 53       		.byte	83
ARM GAS  C:\Users\CALEBC~1\AppData\Local\Temp\cciTXWcI.s 			page 2


  58 0016 42       		.byte	66
  59 0017 00       		.byte	0
  60 0018 00       		.byte	0
  61 0019 00       		.byte	0
  62 001a 30       		.byte	48
  63 001b 30       		.byte	48
  64 001c 30       		.byte	48
  65 001d 30       		.byte	48
  66 001e 31       		.byte	49
  67 001f 00       		.byte	0
  68 0020 00       		.byte	0
  69 0021 00       		.byte	0
  70 0022 00       		.byte	0
  71 0023 00       		.byte	0
  72 0024 00       		.byte	0
  73 0025 00       		.byte	0
  74 0026 00       		.byte	0
  75 0027 00       		.byte	0
  76              		.type	USBFS_MSOS_DESCRIPTOR, %object
  77              		.size	USBFS_MSOS_DESCRIPTOR, 18
  78              	USBFS_MSOS_DESCRIPTOR:
  79 0028 12       		.byte	18
  80 0029 03       		.byte	3
  81 002a 4D       		.byte	77
  82 002b 00       		.byte	0
  83 002c 53       		.byte	83
  84 002d 00       		.byte	0
  85 002e 46       		.byte	70
  86 002f 00       		.byte	0
  87 0030 54       		.byte	84
  88 0031 00       		.byte	0
  89 0032 31       		.byte	49
  90 0033 00       		.byte	0
  91 0034 30       		.byte	48
  92 0035 00       		.byte	0
  93 0036 30       		.byte	48
  94 0037 00       		.byte	0
  95 0038 01       		.byte	1
  96 0039 00       		.byte	0
  97 003a 0000     		.space	2
  98              		.type	USBFS_TABLE, %object
  99              		.size	USBFS_TABLE, 8
 100              	USBFS_TABLE:
 101 003c 01       		.byte	1
 102 003d 000000   		.space	3
 103 0040 00000000 		.word	USBFS_DEVICE0_TABLE
 104              		.type	USBFS_DEVICE0_TABLE, %object
 105              		.size	USBFS_DEVICE0_TABLE, 24
 106              	USBFS_DEVICE0_TABLE:
 107 0044 01       		.byte	1
 108 0045 000000   		.space	3
 109 0048 00000000 		.word	USBFS_DEVICE0_DESCR
 110 004c 00       		.byte	0
 111 004d 000000   		.space	3
 112 0050 00000000 		.word	0
 113 0054 01       		.byte	1
 114 0055 000000   		.space	3
ARM GAS  C:\Users\CALEBC~1\AppData\Local\Temp\cciTXWcI.s 			page 3


 115 0058 00000000 		.word	USBFS_DEVICE0_CONFIGURATION0_TABLE
 116              		.type	USBFS_DEVICE0_CONFIGURATION0_TABLE, %object
 117              		.size	USBFS_DEVICE0_CONFIGURATION0_TABLE, 32
 118              	USBFS_DEVICE0_CONFIGURATION0_TABLE:
 119 005c 01       		.byte	1
 120 005d 000000   		.space	3
 121 0060 00000000 		.word	USBFS_DEVICE0_CONFIGURATION0_DESCR
 122 0064 02       		.byte	2
 123 0065 000000   		.space	3
 124 0068 00000000 		.word	USBFS_DEVICE0_CONFIGURATION0_EP_SETTINGS_TABLE
 125 006c 00       		.byte	0
 126 006d 000000   		.space	3
 127 0070 00000000 		.word	0
 128 0074 00       		.byte	0
 129 0075 000000   		.space	3
 130 0078 00000000 		.word	USBFS_DEVICE0_CONFIGURATION0_INTERFACE_CLASS
 131              		.type	USBFS_DEVICE0_CONFIGURATION0_INTERFACE_CLASS, %object
 132              		.size	USBFS_DEVICE0_CONFIGURATION0_INTERFACE_CLASS, 1
 133              	USBFS_DEVICE0_CONFIGURATION0_INTERFACE_CLASS:
 134 007c FF       		.byte	-1
 135 007d 000000   		.space	3
 136              		.type	USBFS_DEVICE0_CONFIGURATION0_EP_SETTINGS_TABLE, %object
 137              		.size	USBFS_DEVICE0_CONFIGURATION0_EP_SETTINGS_TABLE, 16
 138              	USBFS_DEVICE0_CONFIGURATION0_EP_SETTINGS_TABLE:
 139 0080 00       		.byte	0
 140 0081 00       		.byte	0
 141 0082 81       		.byte	-127
 142 0083 02       		.byte	2
 143 0084 4000     		.short	64
 144 0086 FF       		.byte	-1
 145 0087 00       		.space	1
 146 0088 00       		.byte	0
 147 0089 00       		.byte	0
 148 008a 02       		.byte	2
 149 008b 02       		.byte	2
 150 008c 4000     		.short	64
 151 008e FF       		.byte	-1
 152 008f 00       		.space	1
 153              		.type	USBFS_SN_STRING_DESCRIPTOR, %object
 154              		.size	USBFS_SN_STRING_DESCRIPTOR, 2
 155              	USBFS_SN_STRING_DESCRIPTOR:
 156 0090 02       		.byte	2
 157 0091 03       		.byte	3
 158 0092 0000     		.space	2
 159              		.type	USBFS_STRING_DESCRIPTORS, %object
 160              		.size	USBFS_STRING_DESCRIPTORS, 151
 161              	USBFS_STRING_DESCRIPTORS:
 162 0094 04       		.byte	4
 163 0095 03       		.byte	3
 164 0096 09       		.byte	9
 165 0097 04       		.byte	4
 166 0098 2C       		.byte	44
 167 0099 03       		.byte	3
 168 009a 43       		.byte	67
 169 009b 00       		.byte	0
 170 009c 79       		.byte	121
 171 009d 00       		.byte	0
ARM GAS  C:\Users\CALEBC~1\AppData\Local\Temp\cciTXWcI.s 			page 4


 172 009e 70       		.byte	112
 173 009f 00       		.byte	0
 174 00a0 72       		.byte	114
 175 00a1 00       		.byte	0
 176 00a2 65       		.byte	101
 177 00a3 00       		.byte	0
 178 00a4 73       		.byte	115
 179 00a5 00       		.byte	0
 180 00a6 73       		.byte	115
 181 00a7 00       		.byte	0
 182 00a8 20       		.byte	32
 183 00a9 00       		.byte	0
 184 00aa 53       		.byte	83
 185 00ab 00       		.byte	0
 186 00ac 65       		.byte	101
 187 00ad 00       		.byte	0
 188 00ae 6D       		.byte	109
 189 00af 00       		.byte	0
 190 00b0 69       		.byte	105
 191 00b1 00       		.byte	0
 192 00b2 63       		.byte	99
 193 00b3 00       		.byte	0
 194 00b4 6F       		.byte	111
 195 00b5 00       		.byte	0
 196 00b6 6E       		.byte	110
 197 00b7 00       		.byte	0
 198 00b8 64       		.byte	100
 199 00b9 00       		.byte	0
 200 00ba 75       		.byte	117
 201 00bb 00       		.byte	0
 202 00bc 63       		.byte	99
 203 00bd 00       		.byte	0
 204 00be 74       		.byte	116
 205 00bf 00       		.byte	0
 206 00c0 6F       		.byte	111
 207 00c1 00       		.byte	0
 208 00c2 72       		.byte	114
 209 00c3 00       		.byte	0
 210 00c4 4A       		.byte	74
 211 00c5 03       		.byte	3
 212 00c6 47       		.byte	71
 213 00c7 00       		.byte	0
 214 00c8 65       		.byte	101
 215 00c9 00       		.byte	0
 216 00ca 6E       		.byte	110
 217 00cb 00       		.byte	0
 218 00cc 65       		.byte	101
 219 00cd 00       		.byte	0
 220 00ce 72       		.byte	114
 221 00cf 00       		.byte	0
 222 00d0 69       		.byte	105
 223 00d1 00       		.byte	0
 224 00d2 63       		.byte	99
 225 00d3 00       		.byte	0
 226 00d4 20       		.byte	32
 227 00d5 00       		.byte	0
 228 00d6 55       		.byte	85
ARM GAS  C:\Users\CALEBC~1\AppData\Local\Temp\cciTXWcI.s 			page 5


 229 00d7 00       		.byte	0
 230 00d8 53       		.byte	83
 231 00d9 00       		.byte	0
 232 00da 42       		.byte	66
 233 00db 00       		.byte	0
 234 00dc 20       		.byte	32
 235 00dd 00       		.byte	0
 236 00de 42       		.byte	66
 237 00df 00       		.byte	0
 238 00e0 75       		.byte	117
 239 00e1 00       		.byte	0
 240 00e2 6C       		.byte	108
 241 00e3 00       		.byte	0
 242 00e4 6B       		.byte	107
 243 00e5 00       		.byte	0
 244 00e6 20       		.byte	32
 245 00e7 00       		.byte	0
 246 00e8 57       		.byte	87
 247 00e9 00       		.byte	0
 248 00ea 72       		.byte	114
 249 00eb 00       		.byte	0
 250 00ec 61       		.byte	97
 251 00ed 00       		.byte	0
 252 00ee 70       		.byte	112
 253 00ef 00       		.byte	0
 254 00f0 61       		.byte	97
 255 00f1 00       		.byte	0
 256 00f2 72       		.byte	114
 257 00f3 00       		.byte	0
 258 00f4 6F       		.byte	111
 259 00f5 00       		.byte	0
 260 00f6 75       		.byte	117
 261 00f7 00       		.byte	0
 262 00f8 6E       		.byte	110
 263 00f9 00       		.byte	0
 264 00fa 64       		.byte	100
 265 00fb 00       		.byte	0
 266 00fc 20       		.byte	32
 267 00fd 00       		.byte	0
 268 00fe 54       		.byte	84
 269 00ff 00       		.byte	0
 270 0100 72       		.byte	114
 271 0101 00       		.byte	0
 272 0102 61       		.byte	97
 273 0103 00       		.byte	0
 274 0104 6E       		.byte	110
 275 0105 00       		.byte	0
 276 0106 73       		.byte	115
 277 0107 00       		.byte	0
 278 0108 66       		.byte	102
 279 0109 00       		.byte	0
 280 010a 65       		.byte	101
 281 010b 00       		.byte	0
 282 010c 72       		.byte	114
 283 010d 00       		.byte	0
 284 010e 12       		.byte	18
 285 010f 03       		.byte	3
ARM GAS  C:\Users\CALEBC~1\AppData\Local\Temp\cciTXWcI.s 			page 6


 286 0110 75       		.byte	117
 287 0111 00       		.byte	0
 288 0112 73       		.byte	115
 289 0113 00       		.byte	0
 290 0114 62       		.byte	98
 291 0115 00       		.byte	0
 292 0116 5F       		.byte	95
 293 0117 00       		.byte	0
 294 0118 65       		.byte	101
 295 0119 00       		.byte	0
 296 011a 63       		.byte	99
 297 011b 00       		.byte	0
 298 011c 68       		.byte	104
 299 011d 00       		.byte	0
 300 011e 6F       		.byte	111
 301 011f 00       		.byte	0
 302 0120 0A       		.byte	10
 303 0121 03       		.byte	3
 304 0122 6D       		.byte	109
 305 0123 00       		.byte	0
 306 0124 61       		.byte	97
 307 0125 00       		.byte	0
 308 0126 69       		.byte	105
 309 0127 00       		.byte	0
 310 0128 6E       		.byte	110
 311 0129 00       		.byte	0
 312 012a 00       		.byte	0
 313 012b 00       		.space	1
 314              		.type	USBFS_DEVICE0_CONFIGURATION0_DESCR, %object
 315              		.size	USBFS_DEVICE0_CONFIGURATION0_DESCR, 32
 316              	USBFS_DEVICE0_CONFIGURATION0_DESCR:
 317 012c 09       		.byte	9
 318 012d 02       		.byte	2
 319 012e 20       		.byte	32
 320 012f 00       		.byte	0
 321 0130 01       		.byte	1
 322 0131 01       		.byte	1
 323 0132 04       		.byte	4
 324 0133 80       		.byte	-128
 325 0134 19       		.byte	25
 326 0135 09       		.byte	9
 327 0136 04       		.byte	4
 328 0137 00       		.byte	0
 329 0138 00       		.byte	0
 330 0139 02       		.byte	2
 331 013a FF       		.byte	-1
 332 013b 00       		.byte	0
 333 013c 00       		.byte	0
 334 013d 04       		.byte	4
 335 013e 07       		.byte	7
 336 013f 05       		.byte	5
 337 0140 81       		.byte	-127
 338 0141 02       		.byte	2
 339 0142 40       		.byte	64
 340 0143 00       		.byte	0
 341 0144 00       		.byte	0
 342 0145 07       		.byte	7
ARM GAS  C:\Users\CALEBC~1\AppData\Local\Temp\cciTXWcI.s 			page 7


 343 0146 05       		.byte	5
 344 0147 02       		.byte	2
 345 0148 02       		.byte	2
 346 0149 40       		.byte	64
 347 014a 00       		.byte	0
 348 014b 00       		.byte	0
 349              		.type	USBFS_DEVICE0_DESCR, %object
 350              		.size	USBFS_DEVICE0_DESCR, 18
 351              	USBFS_DEVICE0_DESCR:
 352 014c 12       		.byte	18
 353 014d 01       		.byte	1
 354 014e 00       		.byte	0
 355 014f 02       		.byte	2
 356 0150 FF       		.byte	-1
 357 0151 00       		.byte	0
 358 0152 00       		.byte	0
 359 0153 08       		.byte	8
 360 0154 B4       		.byte	-76
 361 0155 04       		.byte	4
 362 0156 80       		.byte	-128
 363 0157 00       		.byte	0
 364 0158 00       		.byte	0
 365 0159 00       		.byte	0
 366 015a 01       		.byte	1
 367 015b 03       		.byte	3
 368 015c 80       		.byte	-128
 369 015d 01       		.byte	1
 370              		.text
 371              	.Letext0:
 372              		.file 1 "Generated_Source\\PSoC5\\cytypes.h"
 373              		.file 2 "Generated_Source\\PSoC5\\USBFS.h"
 374              		.file 3 "Generated_Source\\PSoC5\\USBFS_descr.c"
 375              		.section	.debug_info,"",%progbits
 376              	.Ldebug_info0:
 377 0000 EA020000 		.4byte	0x2ea
 378 0004 0400     		.2byte	0x4
 379 0006 00000000 		.4byte	.Ldebug_abbrev0
 380 000a 04       		.byte	0x4
 381 000b 01       		.uleb128 0x1
 382 000c A5000000 		.4byte	.LASF37
 383 0010 0C       		.byte	0xc
 384 0011 1E020000 		.4byte	.LASF38
 385 0015 64020000 		.4byte	.LASF39
 386 0019 00000000 		.4byte	.Ldebug_line0
 387 001d 02       		.uleb128 0x2
 388 001e 01       		.byte	0x1
 389 001f 06       		.byte	0x6
 390 0020 6F030000 		.4byte	.LASF0
 391 0024 02       		.uleb128 0x2
 392 0025 01       		.byte	0x1
 393 0026 08       		.byte	0x8
 394 0027 7A010000 		.4byte	.LASF1
 395 002b 02       		.uleb128 0x2
 396 002c 02       		.byte	0x2
 397 002d 05       		.byte	0x5
 398 002e FC020000 		.4byte	.LASF2
 399 0032 02       		.uleb128 0x2
ARM GAS  C:\Users\CALEBC~1\AppData\Local\Temp\cciTXWcI.s 			page 8


 400 0033 02       		.byte	0x2
 401 0034 07       		.byte	0x7
 402 0035 4D000000 		.4byte	.LASF3
 403 0039 02       		.uleb128 0x2
 404 003a 04       		.byte	0x4
 405 003b 05       		.byte	0x5
 406 003c 5A030000 		.4byte	.LASF4
 407 0040 02       		.uleb128 0x2
 408 0041 04       		.byte	0x4
 409 0042 07       		.byte	0x7
 410 0043 E8010000 		.4byte	.LASF5
 411 0047 02       		.uleb128 0x2
 412 0048 08       		.byte	0x8
 413 0049 05       		.byte	0x5
 414 004a BC020000 		.4byte	.LASF6
 415 004e 02       		.uleb128 0x2
 416 004f 08       		.byte	0x8
 417 0050 07       		.byte	0x7
 418 0051 07020000 		.4byte	.LASF7
 419 0055 03       		.uleb128 0x3
 420 0056 04       		.byte	0x4
 421 0057 05       		.byte	0x5
 422 0058 696E7400 		.ascii	"int\000"
 423 005c 02       		.uleb128 0x2
 424 005d 04       		.byte	0x4
 425 005e 07       		.byte	0x7
 426 005f FA010000 		.4byte	.LASF8
 427 0063 04       		.uleb128 0x4
 428 0064 25030000 		.4byte	.LASF9
 429 0068 01       		.byte	0x1
 430 0069 E401     		.2byte	0x1e4
 431 006b 24000000 		.4byte	0x24
 432 006f 04       		.uleb128 0x4
 433 0070 8F010000 		.4byte	.LASF10
 434 0074 01       		.byte	0x1
 435 0075 E501     		.2byte	0x1e5
 436 0077 32000000 		.4byte	0x32
 437 007b 02       		.uleb128 0x2
 438 007c 04       		.byte	0x4
 439 007d 04       		.byte	0x4
 440 007e 7B000000 		.4byte	.LASF11
 441 0082 02       		.uleb128 0x2
 442 0083 08       		.byte	0x8
 443 0084 04       		.byte	0x4
 444 0085 88010000 		.4byte	.LASF12
 445 0089 02       		.uleb128 0x2
 446 008a 01       		.byte	0x1
 447 008b 08       		.byte	0x8
 448 008c D6020000 		.4byte	.LASF13
 449 0090 02       		.uleb128 0x2
 450 0091 08       		.byte	0x8
 451 0092 04       		.byte	0x4
 452 0093 63030000 		.4byte	.LASF14
 453 0097 02       		.uleb128 0x2
 454 0098 04       		.byte	0x4
 455 0099 07       		.byte	0x7
 456 009a B3020000 		.4byte	.LASF15
ARM GAS  C:\Users\CALEBC~1\AppData\Local\Temp\cciTXWcI.s 			page 9


 457 009e 05       		.uleb128 0x5
 458 009f 08       		.byte	0x8
 459 00a0 02       		.byte	0x2
 460 00a1 9A       		.byte	0x9a
 461 00a2 EF000000 		.4byte	0xef
 462 00a6 06       		.uleb128 0x6
 463 00a7 2B030000 		.4byte	.LASF16
 464 00ab 02       		.byte	0x2
 465 00ac 9C       		.byte	0x9c
 466 00ad 63000000 		.4byte	0x63
 467 00b1 00       		.byte	0
 468 00b2 06       		.uleb128 0x6
 469 00b3 81000000 		.4byte	.LASF17
 470 00b7 02       		.byte	0x2
 471 00b8 9D       		.byte	0x9d
 472 00b9 63000000 		.4byte	0x63
 473 00bd 01       		.byte	0x1
 474 00be 06       		.uleb128 0x6
 475 00bf 61010000 		.4byte	.LASF18
 476 00c3 02       		.byte	0x2
 477 00c4 9E       		.byte	0x9e
 478 00c5 63000000 		.4byte	0x63
 479 00c9 02       		.byte	0x2
 480 00ca 06       		.uleb128 0x6
 481 00cb 33010000 		.4byte	.LASF19
 482 00cf 02       		.byte	0x2
 483 00d0 9F       		.byte	0x9f
 484 00d1 63000000 		.4byte	0x63
 485 00d5 03       		.byte	0x3
 486 00d6 06       		.uleb128 0x6
 487 00d7 F1020000 		.4byte	.LASF20
 488 00db 02       		.byte	0x2
 489 00dc A0       		.byte	0xa0
 490 00dd 6F000000 		.4byte	0x6f
 491 00e1 04       		.byte	0x4
 492 00e2 06       		.uleb128 0x6
 493 00e3 7B030000 		.4byte	.LASF21
 494 00e7 02       		.byte	0x2
 495 00e8 A1       		.byte	0xa1
 496 00e9 63000000 		.4byte	0x63
 497 00ed 06       		.byte	0x6
 498 00ee 00       		.byte	0
 499 00ef 07       		.uleb128 0x7
 500 00f0 4A020000 		.4byte	.LASF22
 501 00f4 02       		.byte	0x2
 502 00f5 A2       		.byte	0xa2
 503 00f6 9E000000 		.4byte	0x9e
 504 00fa 05       		.uleb128 0x5
 505 00fb 08       		.byte	0x8
 506 00fc 02       		.byte	0x2
 507 00fd B1       		.byte	0xb1
 508 00fe 19010000 		.4byte	0x119
 509 0102 08       		.uleb128 0x8
 510 0103 6300     		.ascii	"c\000"
 511 0105 02       		.byte	0x2
 512 0106 B3       		.byte	0xb3
 513 0107 63000000 		.4byte	0x63
ARM GAS  C:\Users\CALEBC~1\AppData\Local\Temp\cciTXWcI.s 			page 10


 514 010b 00       		.byte	0
 515 010c 06       		.uleb128 0x6
 516 010d 43020000 		.4byte	.LASF23
 517 0111 02       		.byte	0x2
 518 0112 B4       		.byte	0xb4
 519 0113 19010000 		.4byte	0x119
 520 0117 04       		.byte	0x4
 521 0118 00       		.byte	0
 522 0119 09       		.uleb128 0x9
 523 011a 04       		.byte	0x4
 524 011b 1F010000 		.4byte	0x11f
 525 011f 0A       		.uleb128 0xa
 526 0120 07       		.uleb128 0x7
 527 0121 CA020000 		.4byte	.LASF24
 528 0125 02       		.byte	0x2
 529 0126 B5       		.byte	0xb5
 530 0127 FA000000 		.4byte	0xfa
 531 012b 0B       		.uleb128 0xb
 532 012c 3B010000 		.4byte	0x13b
 533 0130 3B010000 		.4byte	0x13b
 534 0134 0C       		.uleb128 0xc
 535 0135 97000000 		.4byte	0x97
 536 0139 11       		.byte	0x11
 537 013a 00       		.byte	0
 538 013b 0D       		.uleb128 0xd
 539 013c 63000000 		.4byte	0x63
 540 0140 0E       		.uleb128 0xe
 541 0141 00000000 		.4byte	.LASF25
 542 0145 03       		.byte	0x3
 543 0146 24       		.byte	0x24
 544 0147 51010000 		.4byte	0x151
 545 014b 05       		.uleb128 0x5
 546 014c 03       		.byte	0x3
 547 014d 00000000 		.4byte	USBFS_DEVICE0_DESCR
 548 0151 0D       		.uleb128 0xd
 549 0152 2B010000 		.4byte	0x12b
 550 0156 0B       		.uleb128 0xb
 551 0157 3B010000 		.4byte	0x13b
 552 015b 66010000 		.4byte	0x166
 553 015f 0C       		.uleb128 0xc
 554 0160 97000000 		.4byte	0x97
 555 0164 1F       		.byte	0x1f
 556 0165 00       		.byte	0
 557 0166 0E       		.uleb128 0xe
 558 0167 C5010000 		.4byte	.LASF26
 559 016b 03       		.byte	0x3
 560 016c 37       		.byte	0x37
 561 016d 77010000 		.4byte	0x177
 562 0171 05       		.uleb128 0x5
 563 0172 03       		.byte	0x3
 564 0173 00000000 		.4byte	USBFS_DEVICE0_CONFIGURATION0_DESCR
 565 0177 0D       		.uleb128 0xd
 566 0178 56010000 		.4byte	0x156
 567 017c 0B       		.uleb128 0xb
 568 017d 8C010000 		.4byte	0x18c
 569 0181 8C010000 		.4byte	0x18c
 570 0185 0C       		.uleb128 0xc
ARM GAS  C:\Users\CALEBC~1\AppData\Local\Temp\cciTXWcI.s 			page 11


 571 0186 97000000 		.4byte	0x97
 572 018a 01       		.byte	0x1
 573 018b 00       		.byte	0
 574 018c 0D       		.uleb128 0xd
 575 018d EF000000 		.4byte	0xef
 576 0191 0E       		.uleb128 0xe
 577 0192 96010000 		.4byte	.LASF27
 578 0196 03       		.byte	0x3
 579 0197 A4       		.byte	0xa4
 580 0198 A2010000 		.4byte	0x1a2
 581 019c 05       		.uleb128 0x5
 582 019d 03       		.byte	0x3
 583 019e 00000000 		.4byte	USBFS_DEVICE0_CONFIGURATION0_EP_SETTINGS_TABLE
 584 01a2 0D       		.uleb128 0xd
 585 01a3 7C010000 		.4byte	0x17c
 586 01a7 0B       		.uleb128 0xb
 587 01a8 3B010000 		.4byte	0x13b
 588 01ac B7010000 		.4byte	0x1b7
 589 01b0 0C       		.uleb128 0xc
 590 01b1 97000000 		.4byte	0x97
 591 01b5 00       		.byte	0
 592 01b6 00       		.byte	0
 593 01b7 0E       		.uleb128 0xe
 594 01b8 14000000 		.4byte	.LASF28
 595 01bc 03       		.byte	0x3
 596 01bd A9       		.byte	0xa9
 597 01be C8010000 		.4byte	0x1c8
 598 01c2 05       		.uleb128 0x5
 599 01c3 03       		.byte	0x3
 600 01c4 00000000 		.4byte	USBFS_DEVICE0_CONFIGURATION0_INTERFACE_CLASS
 601 01c8 0D       		.uleb128 0xd
 602 01c9 A7010000 		.4byte	0x1a7
 603 01cd 0B       		.uleb128 0xb
 604 01ce DD010000 		.4byte	0x1dd
 605 01d2 DD010000 		.4byte	0x1dd
 606 01d6 0C       		.uleb128 0xc
 607 01d7 97000000 		.4byte	0x97
 608 01db 03       		.byte	0x3
 609 01dc 00       		.byte	0
 610 01dd 0D       		.uleb128 0xd
 611 01de 20010000 		.4byte	0x120
 612 01e2 0E       		.uleb128 0xe
 613 01e3 3E010000 		.4byte	.LASF29
 614 01e7 03       		.byte	0x3
 615 01e8 B1       		.byte	0xb1
 616 01e9 F3010000 		.4byte	0x1f3
 617 01ed 05       		.uleb128 0x5
 618 01ee 03       		.byte	0x3
 619 01ef 00000000 		.4byte	USBFS_DEVICE0_CONFIGURATION0_TABLE
 620 01f3 0D       		.uleb128 0xd
 621 01f4 CD010000 		.4byte	0x1cd
 622 01f8 0B       		.uleb128 0xb
 623 01f9 DD010000 		.4byte	0x1dd
 624 01fd 08020000 		.4byte	0x208
 625 0201 0C       		.uleb128 0xc
 626 0202 97000000 		.4byte	0x97
 627 0206 02       		.byte	0x2
ARM GAS  C:\Users\CALEBC~1\AppData\Local\Temp\cciTXWcI.s 			page 12


 628 0207 00       		.byte	0
 629 0208 0E       		.uleb128 0xe
 630 0209 66010000 		.4byte	.LASF30
 631 020d 03       		.byte	0x3
 632 020e BB       		.byte	0xbb
 633 020f 19020000 		.4byte	0x219
 634 0213 05       		.uleb128 0x5
 635 0214 03       		.byte	0x3
 636 0215 00000000 		.4byte	USBFS_DEVICE0_TABLE
 637 0219 0D       		.uleb128 0xd
 638 021a F8010000 		.4byte	0x1f8
 639 021e 0B       		.uleb128 0xb
 640 021f DD010000 		.4byte	0x1dd
 641 0223 2E020000 		.4byte	0x22e
 642 0227 0C       		.uleb128 0xc
 643 0228 97000000 		.4byte	0x97
 644 022c 00       		.byte	0
 645 022d 00       		.byte	0
 646 022e 0E       		.uleb128 0xe
 647 022f 41000000 		.4byte	.LASF31
 648 0233 03       		.byte	0x3
 649 0234 C3       		.byte	0xc3
 650 0235 3F020000 		.4byte	0x23f
 651 0239 05       		.uleb128 0x5
 652 023a 03       		.byte	0x3
 653 023b 00000000 		.4byte	USBFS_TABLE
 654 023f 0D       		.uleb128 0xd
 655 0240 1E020000 		.4byte	0x21e
 656 0244 0B       		.uleb128 0xb
 657 0245 3B010000 		.4byte	0x13b
 658 0249 54020000 		.4byte	0x254
 659 024d 0C       		.uleb128 0xc
 660 024e 97000000 		.4byte	0x97
 661 0252 01       		.byte	0x1
 662 0253 00       		.byte	0
 663 0254 0E       		.uleb128 0xe
 664 0255 60000000 		.4byte	.LASF32
 665 0259 03       		.byte	0x3
 666 025a 95       		.byte	0x95
 667 025b 65020000 		.4byte	0x265
 668 025f 05       		.uleb128 0x5
 669 0260 03       		.byte	0x3
 670 0261 00000000 		.4byte	USBFS_SN_STRING_DESCRIPTOR
 671 0265 0D       		.uleb128 0xd
 672 0266 44020000 		.4byte	0x244
 673 026a 0B       		.uleb128 0xb
 674 026b 3B010000 		.4byte	0x13b
 675 026f 7A020000 		.4byte	0x27a
 676 0273 0C       		.uleb128 0xc
 677 0274 97000000 		.4byte	0x97
 678 0278 96       		.byte	0x96
 679 0279 00       		.byte	0
 680 027a 0E       		.uleb128 0xe
 681 027b 8C000000 		.4byte	.LASF33
 682 027f 03       		.byte	0x3
 683 0280 63       		.byte	0x63
 684 0281 8B020000 		.4byte	0x28b
ARM GAS  C:\Users\CALEBC~1\AppData\Local\Temp\cciTXWcI.s 			page 13


 685 0285 05       		.uleb128 0x5
 686 0286 03       		.byte	0x3
 687 0287 00000000 		.4byte	USBFS_STRING_DESCRIPTORS
 688 028b 0D       		.uleb128 0xd
 689 028c 6A020000 		.4byte	0x26a
 690 0290 0E       		.uleb128 0xe
 691 0291 DB020000 		.4byte	.LASF34
 692 0295 03       		.byte	0x3
 693 0296 D3       		.byte	0xd3
 694 0297 A1020000 		.4byte	0x2a1
 695 029b 05       		.uleb128 0x5
 696 029c 03       		.byte	0x3
 697 029d 00000000 		.4byte	USBFS_MSOS_DESCRIPTOR
 698 02a1 0D       		.uleb128 0xd
 699 02a2 2B010000 		.4byte	0x12b
 700 02a6 0B       		.uleb128 0xb
 701 02a7 3B010000 		.4byte	0x13b
 702 02ab B6020000 		.4byte	0x2b6
 703 02af 0C       		.uleb128 0xc
 704 02b0 97000000 		.4byte	0x97
 705 02b4 27       		.byte	0x27
 706 02b5 00       		.byte	0
 707 02b6 0E       		.uleb128 0xe
 708 02b7 06030000 		.4byte	.LASF35
 709 02bb 03       		.byte	0x3
 710 02bc DE       		.byte	0xde
 711 02bd C7020000 		.4byte	0x2c7
 712 02c1 05       		.uleb128 0x5
 713 02c2 03       		.byte	0x3
 714 02c3 00000000 		.4byte	USBFS_MSOS_CONFIGURATION_DESCR
 715 02c7 0D       		.uleb128 0xd
 716 02c8 A6020000 		.4byte	0x2a6
 717 02cc 0B       		.uleb128 0xb
 718 02cd 63000000 		.4byte	0x63
 719 02d1 DC020000 		.4byte	0x2dc
 720 02d5 0C       		.uleb128 0xc
 721 02d6 97000000 		.4byte	0x97
 722 02da 21       		.byte	0x21
 723 02db 00       		.byte	0
 724 02dc 0E       		.uleb128 0xe
 725 02dd 35030000 		.4byte	.LASF36
 726 02e1 03       		.byte	0x3
 727 02e2 F1       		.byte	0xf1
 728 02e3 CC020000 		.4byte	0x2cc
 729 02e7 05       		.uleb128 0x5
 730 02e8 03       		.byte	0x3
 731 02e9 00000000 		.4byte	USBFS_idSerialNumberStringDescriptor
 732 02ed 00       		.byte	0
 733              		.section	.debug_abbrev,"",%progbits
 734              	.Ldebug_abbrev0:
 735 0000 01       		.uleb128 0x1
 736 0001 11       		.uleb128 0x11
 737 0002 01       		.byte	0x1
 738 0003 25       		.uleb128 0x25
 739 0004 0E       		.uleb128 0xe
 740 0005 13       		.uleb128 0x13
 741 0006 0B       		.uleb128 0xb
ARM GAS  C:\Users\CALEBC~1\AppData\Local\Temp\cciTXWcI.s 			page 14


 742 0007 03       		.uleb128 0x3
 743 0008 0E       		.uleb128 0xe
 744 0009 1B       		.uleb128 0x1b
 745 000a 0E       		.uleb128 0xe
 746 000b 10       		.uleb128 0x10
 747 000c 17       		.uleb128 0x17
 748 000d 00       		.byte	0
 749 000e 00       		.byte	0
 750 000f 02       		.uleb128 0x2
 751 0010 24       		.uleb128 0x24
 752 0011 00       		.byte	0
 753 0012 0B       		.uleb128 0xb
 754 0013 0B       		.uleb128 0xb
 755 0014 3E       		.uleb128 0x3e
 756 0015 0B       		.uleb128 0xb
 757 0016 03       		.uleb128 0x3
 758 0017 0E       		.uleb128 0xe
 759 0018 00       		.byte	0
 760 0019 00       		.byte	0
 761 001a 03       		.uleb128 0x3
 762 001b 24       		.uleb128 0x24
 763 001c 00       		.byte	0
 764 001d 0B       		.uleb128 0xb
 765 001e 0B       		.uleb128 0xb
 766 001f 3E       		.uleb128 0x3e
 767 0020 0B       		.uleb128 0xb
 768 0021 03       		.uleb128 0x3
 769 0022 08       		.uleb128 0x8
 770 0023 00       		.byte	0
 771 0024 00       		.byte	0
 772 0025 04       		.uleb128 0x4
 773 0026 16       		.uleb128 0x16
 774 0027 00       		.byte	0
 775 0028 03       		.uleb128 0x3
 776 0029 0E       		.uleb128 0xe
 777 002a 3A       		.uleb128 0x3a
 778 002b 0B       		.uleb128 0xb
 779 002c 3B       		.uleb128 0x3b
 780 002d 05       		.uleb128 0x5
 781 002e 49       		.uleb128 0x49
 782 002f 13       		.uleb128 0x13
 783 0030 00       		.byte	0
 784 0031 00       		.byte	0
 785 0032 05       		.uleb128 0x5
 786 0033 13       		.uleb128 0x13
 787 0034 01       		.byte	0x1
 788 0035 0B       		.uleb128 0xb
 789 0036 0B       		.uleb128 0xb
 790 0037 3A       		.uleb128 0x3a
 791 0038 0B       		.uleb128 0xb
 792 0039 3B       		.uleb128 0x3b
 793 003a 0B       		.uleb128 0xb
 794 003b 01       		.uleb128 0x1
 795 003c 13       		.uleb128 0x13
 796 003d 00       		.byte	0
 797 003e 00       		.byte	0
 798 003f 06       		.uleb128 0x6
ARM GAS  C:\Users\CALEBC~1\AppData\Local\Temp\cciTXWcI.s 			page 15


 799 0040 0D       		.uleb128 0xd
 800 0041 00       		.byte	0
 801 0042 03       		.uleb128 0x3
 802 0043 0E       		.uleb128 0xe
 803 0044 3A       		.uleb128 0x3a
 804 0045 0B       		.uleb128 0xb
 805 0046 3B       		.uleb128 0x3b
 806 0047 0B       		.uleb128 0xb
 807 0048 49       		.uleb128 0x49
 808 0049 13       		.uleb128 0x13
 809 004a 38       		.uleb128 0x38
 810 004b 0B       		.uleb128 0xb
 811 004c 00       		.byte	0
 812 004d 00       		.byte	0
 813 004e 07       		.uleb128 0x7
 814 004f 16       		.uleb128 0x16
 815 0050 00       		.byte	0
 816 0051 03       		.uleb128 0x3
 817 0052 0E       		.uleb128 0xe
 818 0053 3A       		.uleb128 0x3a
 819 0054 0B       		.uleb128 0xb
 820 0055 3B       		.uleb128 0x3b
 821 0056 0B       		.uleb128 0xb
 822 0057 49       		.uleb128 0x49
 823 0058 13       		.uleb128 0x13
 824 0059 00       		.byte	0
 825 005a 00       		.byte	0
 826 005b 08       		.uleb128 0x8
 827 005c 0D       		.uleb128 0xd
 828 005d 00       		.byte	0
 829 005e 03       		.uleb128 0x3
 830 005f 08       		.uleb128 0x8
 831 0060 3A       		.uleb128 0x3a
 832 0061 0B       		.uleb128 0xb
 833 0062 3B       		.uleb128 0x3b
 834 0063 0B       		.uleb128 0xb
 835 0064 49       		.uleb128 0x49
 836 0065 13       		.uleb128 0x13
 837 0066 38       		.uleb128 0x38
 838 0067 0B       		.uleb128 0xb
 839 0068 00       		.byte	0
 840 0069 00       		.byte	0
 841 006a 09       		.uleb128 0x9
 842 006b 0F       		.uleb128 0xf
 843 006c 00       		.byte	0
 844 006d 0B       		.uleb128 0xb
 845 006e 0B       		.uleb128 0xb
 846 006f 49       		.uleb128 0x49
 847 0070 13       		.uleb128 0x13
 848 0071 00       		.byte	0
 849 0072 00       		.byte	0
 850 0073 0A       		.uleb128 0xa
 851 0074 26       		.uleb128 0x26
 852 0075 00       		.byte	0
 853 0076 00       		.byte	0
 854 0077 00       		.byte	0
 855 0078 0B       		.uleb128 0xb
ARM GAS  C:\Users\CALEBC~1\AppData\Local\Temp\cciTXWcI.s 			page 16


 856 0079 01       		.uleb128 0x1
 857 007a 01       		.byte	0x1
 858 007b 49       		.uleb128 0x49
 859 007c 13       		.uleb128 0x13
 860 007d 01       		.uleb128 0x1
 861 007e 13       		.uleb128 0x13
 862 007f 00       		.byte	0
 863 0080 00       		.byte	0
 864 0081 0C       		.uleb128 0xc
 865 0082 21       		.uleb128 0x21
 866 0083 00       		.byte	0
 867 0084 49       		.uleb128 0x49
 868 0085 13       		.uleb128 0x13
 869 0086 2F       		.uleb128 0x2f
 870 0087 0B       		.uleb128 0xb
 871 0088 00       		.byte	0
 872 0089 00       		.byte	0
 873 008a 0D       		.uleb128 0xd
 874 008b 26       		.uleb128 0x26
 875 008c 00       		.byte	0
 876 008d 49       		.uleb128 0x49
 877 008e 13       		.uleb128 0x13
 878 008f 00       		.byte	0
 879 0090 00       		.byte	0
 880 0091 0E       		.uleb128 0xe
 881 0092 34       		.uleb128 0x34
 882 0093 00       		.byte	0
 883 0094 03       		.uleb128 0x3
 884 0095 0E       		.uleb128 0xe
 885 0096 3A       		.uleb128 0x3a
 886 0097 0B       		.uleb128 0xb
 887 0098 3B       		.uleb128 0x3b
 888 0099 0B       		.uleb128 0xb
 889 009a 49       		.uleb128 0x49
 890 009b 13       		.uleb128 0x13
 891 009c 3F       		.uleb128 0x3f
 892 009d 19       		.uleb128 0x19
 893 009e 02       		.uleb128 0x2
 894 009f 18       		.uleb128 0x18
 895 00a0 00       		.byte	0
 896 00a1 00       		.byte	0
 897 00a2 00       		.byte	0
 898              		.section	.debug_aranges,"",%progbits
 899 0000 14000000 		.4byte	0x14
 900 0004 0200     		.2byte	0x2
 901 0006 00000000 		.4byte	.Ldebug_info0
 902 000a 04       		.byte	0x4
 903 000b 00       		.byte	0
 904 000c 0000     		.2byte	0
 905 000e 0000     		.2byte	0
 906 0010 00000000 		.4byte	0
 907 0014 00000000 		.4byte	0
 908              		.section	.debug_line,"",%progbits
 909              	.Ldebug_line0:
 910 0000 59000000 		.section	.debug_str,"MS",%progbits,1
 910      02005300 
 910      00000201 
ARM GAS  C:\Users\CALEBC~1\AppData\Local\Temp\cciTXWcI.s 			page 17


 910      FB0E0D00 
 910      01010101 
 911              	.LASF25:
 912 0000 55534246 		.ascii	"USBFS_DEVICE0_DESCR\000"
 912      535F4445 
 912      56494345 
 912      305F4445 
 912      53435200 
 913              	.LASF28:
 914 0014 55534246 		.ascii	"USBFS_DEVICE0_CONFIGURATION0_INTERFACE_CLASS\000"
 914      535F4445 
 914      56494345 
 914      305F434F 
 914      4E464947 
 915              	.LASF31:
 916 0041 55534246 		.ascii	"USBFS_TABLE\000"
 916      535F5441 
 916      424C4500 
 917              	.LASF3:
 918 004d 73686F72 		.ascii	"short unsigned int\000"
 918      7420756E 
 918      7369676E 
 918      65642069 
 918      6E7400
 919              	.LASF32:
 920 0060 55534246 		.ascii	"USBFS_SN_STRING_DESCRIPTOR\000"
 920      535F534E 
 920      5F535452 
 920      494E475F 
 920      44455343 
 921              	.LASF11:
 922 007b 666C6F61 		.ascii	"float\000"
 922      7400
 923              	.LASF17:
 924 0081 616C7453 		.ascii	"altSetting\000"
 924      65747469 
 924      6E6700
 925              	.LASF33:
 926 008c 55534246 		.ascii	"USBFS_STRING_DESCRIPTORS\000"
 926      535F5354 
 926      52494E47 
 926      5F444553 
 926      43524950 
 927              	.LASF37:
 928 00a5 474E5520 		.ascii	"GNU C11 5.4.1 20160609 (release) [ARM/embedded-5-br"
 928      43313120 
 928      352E342E 
 928      31203230 
 928      31363036 
 929 00d8 616E6368 		.ascii	"anch revision 237715] -mcpu=cortex-m3 -mthumb -g -O"
 929      20726576 
 929      6973696F 
 929      6E203233 
 929      37373135 
 930 010b 67202D66 		.ascii	"g -ffunction-sections -ffat-lto-objects\000"
 930      66756E63 
 930      74696F6E 
ARM GAS  C:\Users\CALEBC~1\AppData\Local\Temp\cciTXWcI.s 			page 18


 930      2D736563 
 930      74696F6E 
 931              	.LASF19:
 932 0133 61747472 		.ascii	"attributes\000"
 932      69627574 
 932      657300
 933              	.LASF29:
 934 013e 55534246 		.ascii	"USBFS_DEVICE0_CONFIGURATION0_TABLE\000"
 934      535F4445 
 934      56494345 
 934      305F434F 
 934      4E464947 
 935              	.LASF18:
 936 0161 61646472 		.ascii	"addr\000"
 936      00
 937              	.LASF30:
 938 0166 55534246 		.ascii	"USBFS_DEVICE0_TABLE\000"
 938      535F4445 
 938      56494345 
 938      305F5441 
 938      424C4500 
 939              	.LASF1:
 940 017a 756E7369 		.ascii	"unsigned char\000"
 940      676E6564 
 940      20636861 
 940      7200
 941              	.LASF12:
 942 0188 646F7562 		.ascii	"double\000"
 942      6C6500
 943              	.LASF10:
 944 018f 75696E74 		.ascii	"uint16\000"
 944      313600
 945              	.LASF27:
 946 0196 55534246 		.ascii	"USBFS_DEVICE0_CONFIGURATION0_EP_SETTINGS_TABLE\000"
 946      535F4445 
 946      56494345 
 946      305F434F 
 946      4E464947 
 947              	.LASF26:
 948 01c5 55534246 		.ascii	"USBFS_DEVICE0_CONFIGURATION0_DESCR\000"
 948      535F4445 
 948      56494345 
 948      305F434F 
 948      4E464947 
 949              	.LASF5:
 950 01e8 6C6F6E67 		.ascii	"long unsigned int\000"
 950      20756E73 
 950      69676E65 
 950      6420696E 
 950      7400
 951              	.LASF8:
 952 01fa 756E7369 		.ascii	"unsigned int\000"
 952      676E6564 
 952      20696E74 
 952      00
 953              	.LASF7:
 954 0207 6C6F6E67 		.ascii	"long long unsigned int\000"
ARM GAS  C:\Users\CALEBC~1\AppData\Local\Temp\cciTXWcI.s 			page 19


 954      206C6F6E 
 954      6720756E 
 954      7369676E 
 954      65642069 
 955              	.LASF38:
 956 021e 47656E65 		.ascii	"Generated_Source\\PSoC5\\USBFS_descr.c\000"
 956      72617465 
 956      645F536F 
 956      75726365 
 956      5C50536F 
 957              	.LASF23:
 958 0243 705F6C69 		.ascii	"p_list\000"
 958      737400
 959              	.LASF22:
 960 024a 545F5553 		.ascii	"T_USBFS_EP_SETTINGS_BLOCK\000"
 960      4246535F 
 960      45505F53 
 960      45545449 
 960      4E47535F 
 961              	.LASF39:
 962 0264 433A5C55 		.ascii	"C:\\Users\\Caleb Cotter\\Documents\\GitHub\\3HC\\3H"
 962      73657273 
 962      5C43616C 
 962      65622043 
 962      6F747465 
 963 0291 435F4669 		.ascii	"C_Firmware\\3HC_Firmware_0_1.cydsn\000"
 963      726D7761 
 963      72655C33 
 963      48435F46 
 963      69726D77 
 964              	.LASF15:
 965 02b3 73697A65 		.ascii	"sizetype\000"
 965      74797065 
 965      00
 966              	.LASF6:
 967 02bc 6C6F6E67 		.ascii	"long long int\000"
 967      206C6F6E 
 967      6720696E 
 967      7400
 968              	.LASF24:
 969 02ca 545F5553 		.ascii	"T_USBFS_LUT\000"
 969      4246535F 
 969      4C555400 
 970              	.LASF13:
 971 02d6 63686172 		.ascii	"char\000"
 971      00
 972              	.LASF34:
 973 02db 55534246 		.ascii	"USBFS_MSOS_DESCRIPTOR\000"
 973      535F4D53 
 973      4F535F44 
 973      45534352 
 973      4950544F 
 974              	.LASF20:
 975 02f1 62756666 		.ascii	"bufferSize\000"
 975      65725369 
 975      7A6500
 976              	.LASF2:
ARM GAS  C:\Users\CALEBC~1\AppData\Local\Temp\cciTXWcI.s 			page 20


 977 02fc 73686F72 		.ascii	"short int\000"
 977      7420696E 
 977      7400
 978              	.LASF35:
 979 0306 55534246 		.ascii	"USBFS_MSOS_CONFIGURATION_DESCR\000"
 979      535F4D53 
 979      4F535F43 
 979      4F4E4649 
 979      47555241 
 980              	.LASF9:
 981 0325 75696E74 		.ascii	"uint8\000"
 981      3800
 982              	.LASF16:
 983 032b 696E7465 		.ascii	"interface\000"
 983      72666163 
 983      6500
 984              	.LASF36:
 985 0335 55534246 		.ascii	"USBFS_idSerialNumberStringDescriptor\000"
 985      535F6964 
 985      53657269 
 985      616C4E75 
 985      6D626572 
 986              	.LASF4:
 987 035a 6C6F6E67 		.ascii	"long int\000"
 987      20696E74 
 987      00
 988              	.LASF14:
 989 0363 6C6F6E67 		.ascii	"long double\000"
 989      20646F75 
 989      626C6500 
 990              	.LASF0:
 991 036f 7369676E 		.ascii	"signed char\000"
 991      65642063 
 991      68617200 
 992              	.LASF21:
 993 037b 624D6973 		.ascii	"bMisc\000"
 993      6300
 994              		.ident	"GCC: (GNU Tools for ARM Embedded Processors) 5.4.1 20160609 (release) [ARM/embedded-5-bran
