ARM GAS  C:\Users\CALEBC~1\AppData\Local\Temp\cc0CRXBR.s 			page 1


   1              		.syntax unified
   2              		.cpu cortex-m3
   3              		.fpu softvfp
   4              		.eabi_attribute 20, 1
   5              		.eabi_attribute 21, 1
   6              		.eabi_attribute 23, 3
   7              		.eabi_attribute 24, 1
   8              		.eabi_attribute 25, 1
   9              		.eabi_attribute 26, 1
  10              		.eabi_attribute 30, 1
  11              		.eabi_attribute 34, 1
  12              		.eabi_attribute 18, 4
  13              		.thumb
  14              		.syntax unified
  15              		.file	"ValveTimer_PM.c"
  16              		.text
  17              	.Ltext0:
  18              		.cfi_sections	.debug_frame
  19              		.section	.text.ValveTimer_SaveConfig,"ax",%progbits
  20              		.align	2
  21              		.global	ValveTimer_SaveConfig
  22              		.thumb
  23              		.thumb_func
  24              		.type	ValveTimer_SaveConfig, %function
  25              	ValveTimer_SaveConfig:
  26              	.LFB0:
  27              		.file 1 "Generated_Source\\PSoC5\\ValveTimer_PM.c"
   1:Generated_Source\PSoC5/ValveTimer_PM.c **** /*******************************************************************************
   2:Generated_Source\PSoC5/ValveTimer_PM.c **** * File Name: ValveTimer_PM.c
   3:Generated_Source\PSoC5/ValveTimer_PM.c **** * Version 2.80
   4:Generated_Source\PSoC5/ValveTimer_PM.c **** *
   5:Generated_Source\PSoC5/ValveTimer_PM.c **** *  Description:
   6:Generated_Source\PSoC5/ValveTimer_PM.c **** *     This file provides the power management source code to API for the
   7:Generated_Source\PSoC5/ValveTimer_PM.c **** *     Timer.
   8:Generated_Source\PSoC5/ValveTimer_PM.c **** *
   9:Generated_Source\PSoC5/ValveTimer_PM.c **** *   Note:
  10:Generated_Source\PSoC5/ValveTimer_PM.c **** *     None
  11:Generated_Source\PSoC5/ValveTimer_PM.c **** *
  12:Generated_Source\PSoC5/ValveTimer_PM.c **** *******************************************************************************
  13:Generated_Source\PSoC5/ValveTimer_PM.c **** * Copyright 2008-2017, Cypress Semiconductor Corporation.  All rights reserved.
  14:Generated_Source\PSoC5/ValveTimer_PM.c **** * You may use this file only in accordance with the license, terms, conditions,
  15:Generated_Source\PSoC5/ValveTimer_PM.c **** * disclaimers, and limitations in the end user license agreement accompanying
  16:Generated_Source\PSoC5/ValveTimer_PM.c **** * the software package with which this file was provided.
  17:Generated_Source\PSoC5/ValveTimer_PM.c **** ********************************************************************************/
  18:Generated_Source\PSoC5/ValveTimer_PM.c **** 
  19:Generated_Source\PSoC5/ValveTimer_PM.c **** #include "ValveTimer.h"
  20:Generated_Source\PSoC5/ValveTimer_PM.c **** 
  21:Generated_Source\PSoC5/ValveTimer_PM.c **** static ValveTimer_backupStruct ValveTimer_backup;
  22:Generated_Source\PSoC5/ValveTimer_PM.c **** 
  23:Generated_Source\PSoC5/ValveTimer_PM.c **** 
  24:Generated_Source\PSoC5/ValveTimer_PM.c **** /*******************************************************************************
  25:Generated_Source\PSoC5/ValveTimer_PM.c **** * Function Name: ValveTimer_SaveConfig
  26:Generated_Source\PSoC5/ValveTimer_PM.c **** ********************************************************************************
  27:Generated_Source\PSoC5/ValveTimer_PM.c **** *
  28:Generated_Source\PSoC5/ValveTimer_PM.c **** * Summary:
  29:Generated_Source\PSoC5/ValveTimer_PM.c **** *     Save the current user configuration
  30:Generated_Source\PSoC5/ValveTimer_PM.c **** *
ARM GAS  C:\Users\CALEBC~1\AppData\Local\Temp\cc0CRXBR.s 			page 2


  31:Generated_Source\PSoC5/ValveTimer_PM.c **** * Parameters:
  32:Generated_Source\PSoC5/ValveTimer_PM.c **** *  void
  33:Generated_Source\PSoC5/ValveTimer_PM.c **** *
  34:Generated_Source\PSoC5/ValveTimer_PM.c **** * Return:
  35:Generated_Source\PSoC5/ValveTimer_PM.c **** *  void
  36:Generated_Source\PSoC5/ValveTimer_PM.c **** *
  37:Generated_Source\PSoC5/ValveTimer_PM.c **** * Global variables:
  38:Generated_Source\PSoC5/ValveTimer_PM.c **** *  ValveTimer_backup:  Variables of this global structure are modified to
  39:Generated_Source\PSoC5/ValveTimer_PM.c **** *  store the values of non retention configuration registers when Sleep() API is
  40:Generated_Source\PSoC5/ValveTimer_PM.c **** *  called.
  41:Generated_Source\PSoC5/ValveTimer_PM.c **** *
  42:Generated_Source\PSoC5/ValveTimer_PM.c **** *******************************************************************************/
  43:Generated_Source\PSoC5/ValveTimer_PM.c **** void ValveTimer_SaveConfig(void) 
  44:Generated_Source\PSoC5/ValveTimer_PM.c **** {
  28              		.loc 1 44 0
  29              		.cfi_startproc
  30              		@ args = 0, pretend = 0, frame = 0
  31              		@ frame_needed = 0, uses_anonymous_args = 0
  32 0000 10B5     		push	{r4, lr}
  33              		.cfi_def_cfa_offset 8
  34              		.cfi_offset 4, -8
  35              		.cfi_offset 14, -4
  45:Generated_Source\PSoC5/ValveTimer_PM.c ****     #if (!ValveTimer_UsingFixedFunction)
  46:Generated_Source\PSoC5/ValveTimer_PM.c ****         ValveTimer_backup.TimerUdb = ValveTimer_ReadCounter();
  36              		.loc 1 46 0
  37 0002 FFF7FEFF 		bl	ValveTimer_ReadCounter
  38              	.LVL0:
  39 0006 044C     		ldr	r4, .L3
  40 0008 6080     		strh	r0, [r4, #2]	@ movhi
  47:Generated_Source\PSoC5/ValveTimer_PM.c ****         ValveTimer_backup.InterruptMaskValue = ValveTimer_STATUS_MASK;
  41              		.loc 1 47 0
  42 000a 044B     		ldr	r3, .L3+4
  43 000c 1B78     		ldrb	r3, [r3]	@ zero_extendqisi2
  44 000e 2371     		strb	r3, [r4, #4]
  48:Generated_Source\PSoC5/ValveTimer_PM.c ****         #if (ValveTimer_UsingHWCaptureCounter)
  49:Generated_Source\PSoC5/ValveTimer_PM.c ****             ValveTimer_backup.TimerCaptureCounter = ValveTimer_ReadCaptureCount();
  50:Generated_Source\PSoC5/ValveTimer_PM.c ****         #endif /* Back Up capture counter register  */
  51:Generated_Source\PSoC5/ValveTimer_PM.c **** 
  52:Generated_Source\PSoC5/ValveTimer_PM.c ****         #if(!ValveTimer_UDB_CONTROL_REG_REMOVED)
  53:Generated_Source\PSoC5/ValveTimer_PM.c ****             ValveTimer_backup.TimerControlRegister = ValveTimer_ReadControlRegister();
  45              		.loc 1 53 0
  46 0010 FFF7FEFF 		bl	ValveTimer_ReadControlRegister
  47              	.LVL1:
  48 0014 6071     		strb	r0, [r4, #5]
  49 0016 10BD     		pop	{r4, pc}
  50              	.L4:
  51              		.align	2
  52              	.L3:
  53 0018 00000000 		.word	.LANCHOR0
  54 001c 87640040 		.word	1073767559
  55              		.cfi_endproc
  56              	.LFE0:
  57              		.size	ValveTimer_SaveConfig, .-ValveTimer_SaveConfig
  58              		.section	.text.ValveTimer_RestoreConfig,"ax",%progbits
  59              		.align	2
  60              		.global	ValveTimer_RestoreConfig
  61              		.thumb
ARM GAS  C:\Users\CALEBC~1\AppData\Local\Temp\cc0CRXBR.s 			page 3


  62              		.thumb_func
  63              		.type	ValveTimer_RestoreConfig, %function
  64              	ValveTimer_RestoreConfig:
  65              	.LFB1:
  54:Generated_Source\PSoC5/ValveTimer_PM.c ****         #endif /* Backup the enable state of the Timer component */
  55:Generated_Source\PSoC5/ValveTimer_PM.c ****     #endif /* Backup non retention registers in UDB implementation. All fixed function registers ar
  56:Generated_Source\PSoC5/ValveTimer_PM.c **** }
  57:Generated_Source\PSoC5/ValveTimer_PM.c **** 
  58:Generated_Source\PSoC5/ValveTimer_PM.c **** 
  59:Generated_Source\PSoC5/ValveTimer_PM.c **** /*******************************************************************************
  60:Generated_Source\PSoC5/ValveTimer_PM.c **** * Function Name: ValveTimer_RestoreConfig
  61:Generated_Source\PSoC5/ValveTimer_PM.c **** ********************************************************************************
  62:Generated_Source\PSoC5/ValveTimer_PM.c **** *
  63:Generated_Source\PSoC5/ValveTimer_PM.c **** * Summary:
  64:Generated_Source\PSoC5/ValveTimer_PM.c **** *  Restores the current user configuration.
  65:Generated_Source\PSoC5/ValveTimer_PM.c **** *
  66:Generated_Source\PSoC5/ValveTimer_PM.c **** * Parameters:
  67:Generated_Source\PSoC5/ValveTimer_PM.c **** *  void
  68:Generated_Source\PSoC5/ValveTimer_PM.c **** *
  69:Generated_Source\PSoC5/ValveTimer_PM.c **** * Return:
  70:Generated_Source\PSoC5/ValveTimer_PM.c **** *  void
  71:Generated_Source\PSoC5/ValveTimer_PM.c **** *
  72:Generated_Source\PSoC5/ValveTimer_PM.c **** * Global variables:
  73:Generated_Source\PSoC5/ValveTimer_PM.c **** *  ValveTimer_backup:  Variables of this global structure are used to
  74:Generated_Source\PSoC5/ValveTimer_PM.c **** *  restore the values of non retention registers on wakeup from sleep mode.
  75:Generated_Source\PSoC5/ValveTimer_PM.c **** *
  76:Generated_Source\PSoC5/ValveTimer_PM.c **** *******************************************************************************/
  77:Generated_Source\PSoC5/ValveTimer_PM.c **** void ValveTimer_RestoreConfig(void) 
  78:Generated_Source\PSoC5/ValveTimer_PM.c **** {   
  66              		.loc 1 78 0
  67              		.cfi_startproc
  68              		@ args = 0, pretend = 0, frame = 0
  69              		@ frame_needed = 0, uses_anonymous_args = 0
  70 0000 10B5     		push	{r4, lr}
  71              		.cfi_def_cfa_offset 8
  72              		.cfi_offset 4, -8
  73              		.cfi_offset 14, -4
  79:Generated_Source\PSoC5/ValveTimer_PM.c ****     #if (!ValveTimer_UsingFixedFunction)
  80:Generated_Source\PSoC5/ValveTimer_PM.c **** 
  81:Generated_Source\PSoC5/ValveTimer_PM.c ****         ValveTimer_WriteCounter(ValveTimer_backup.TimerUdb);
  74              		.loc 1 81 0
  75 0002 054C     		ldr	r4, .L7
  76 0004 6088     		ldrh	r0, [r4, #2]
  77 0006 FFF7FEFF 		bl	ValveTimer_WriteCounter
  78              	.LVL2:
  82:Generated_Source\PSoC5/ValveTimer_PM.c ****         ValveTimer_STATUS_MASK =ValveTimer_backup.InterruptMaskValue;
  79              		.loc 1 82 0
  80 000a 2279     		ldrb	r2, [r4, #4]	@ zero_extendqisi2
  81 000c 034B     		ldr	r3, .L7+4
  82 000e 1A70     		strb	r2, [r3]
  83:Generated_Source\PSoC5/ValveTimer_PM.c ****         #if (ValveTimer_UsingHWCaptureCounter)
  84:Generated_Source\PSoC5/ValveTimer_PM.c ****             ValveTimer_SetCaptureCount(ValveTimer_backup.TimerCaptureCounter);
  85:Generated_Source\PSoC5/ValveTimer_PM.c ****         #endif /* Restore Capture counter register*/
  86:Generated_Source\PSoC5/ValveTimer_PM.c **** 
  87:Generated_Source\PSoC5/ValveTimer_PM.c ****         #if(!ValveTimer_UDB_CONTROL_REG_REMOVED)
  88:Generated_Source\PSoC5/ValveTimer_PM.c ****             ValveTimer_WriteControlRegister(ValveTimer_backup.TimerControlRegister);
  83              		.loc 1 88 0
ARM GAS  C:\Users\CALEBC~1\AppData\Local\Temp\cc0CRXBR.s 			page 4


  84 0010 6079     		ldrb	r0, [r4, #5]	@ zero_extendqisi2
  85 0012 FFF7FEFF 		bl	ValveTimer_WriteControlRegister
  86              	.LVL3:
  87 0016 10BD     		pop	{r4, pc}
  88              	.L8:
  89              		.align	2
  90              	.L7:
  91 0018 00000000 		.word	.LANCHOR0
  92 001c 87640040 		.word	1073767559
  93              		.cfi_endproc
  94              	.LFE1:
  95              		.size	ValveTimer_RestoreConfig, .-ValveTimer_RestoreConfig
  96              		.section	.text.ValveTimer_Sleep,"ax",%progbits
  97              		.align	2
  98              		.global	ValveTimer_Sleep
  99              		.thumb
 100              		.thumb_func
 101              		.type	ValveTimer_Sleep, %function
 102              	ValveTimer_Sleep:
 103              	.LFB2:
  89:Generated_Source\PSoC5/ValveTimer_PM.c ****         #endif /* Restore the enable state of the Timer component */
  90:Generated_Source\PSoC5/ValveTimer_PM.c ****     #endif /* Restore non retention registers in the UDB implementation only */
  91:Generated_Source\PSoC5/ValveTimer_PM.c **** }
  92:Generated_Source\PSoC5/ValveTimer_PM.c **** 
  93:Generated_Source\PSoC5/ValveTimer_PM.c **** 
  94:Generated_Source\PSoC5/ValveTimer_PM.c **** /*******************************************************************************
  95:Generated_Source\PSoC5/ValveTimer_PM.c **** * Function Name: ValveTimer_Sleep
  96:Generated_Source\PSoC5/ValveTimer_PM.c **** ********************************************************************************
  97:Generated_Source\PSoC5/ValveTimer_PM.c **** *
  98:Generated_Source\PSoC5/ValveTimer_PM.c **** * Summary:
  99:Generated_Source\PSoC5/ValveTimer_PM.c **** *     Stop and Save the user configuration
 100:Generated_Source\PSoC5/ValveTimer_PM.c **** *
 101:Generated_Source\PSoC5/ValveTimer_PM.c **** * Parameters:
 102:Generated_Source\PSoC5/ValveTimer_PM.c **** *  void
 103:Generated_Source\PSoC5/ValveTimer_PM.c **** *
 104:Generated_Source\PSoC5/ValveTimer_PM.c **** * Return:
 105:Generated_Source\PSoC5/ValveTimer_PM.c **** *  void
 106:Generated_Source\PSoC5/ValveTimer_PM.c **** *
 107:Generated_Source\PSoC5/ValveTimer_PM.c **** * Global variables:
 108:Generated_Source\PSoC5/ValveTimer_PM.c **** *  ValveTimer_backup.TimerEnableState:  Is modified depending on the
 109:Generated_Source\PSoC5/ValveTimer_PM.c **** *  enable state of the block before entering sleep mode.
 110:Generated_Source\PSoC5/ValveTimer_PM.c **** *
 111:Generated_Source\PSoC5/ValveTimer_PM.c **** *******************************************************************************/
 112:Generated_Source\PSoC5/ValveTimer_PM.c **** void ValveTimer_Sleep(void) 
 113:Generated_Source\PSoC5/ValveTimer_PM.c **** {
 104              		.loc 1 113 0
 105              		.cfi_startproc
 106              		@ args = 0, pretend = 0, frame = 0
 107              		@ frame_needed = 0, uses_anonymous_args = 0
 108 0000 08B5     		push	{r3, lr}
 109              		.cfi_def_cfa_offset 8
 110              		.cfi_offset 3, -8
 111              		.cfi_offset 14, -4
 114:Generated_Source\PSoC5/ValveTimer_PM.c ****     #if(!ValveTimer_UDB_CONTROL_REG_REMOVED)
 115:Generated_Source\PSoC5/ValveTimer_PM.c ****         /* Save Counter's enable state */
 116:Generated_Source\PSoC5/ValveTimer_PM.c ****         if(ValveTimer_CTRL_ENABLE == (ValveTimer_CONTROL & ValveTimer_CTRL_ENABLE))
 112              		.loc 1 116 0
ARM GAS  C:\Users\CALEBC~1\AppData\Local\Temp\cc0CRXBR.s 			page 5


 113 0002 084B     		ldr	r3, .L13
 114 0004 1B78     		ldrb	r3, [r3]	@ zero_extendqisi2
 115 0006 13F0800F 		tst	r3, #128
 116 000a 03D0     		beq	.L10
 117:Generated_Source\PSoC5/ValveTimer_PM.c ****         {
 118:Generated_Source\PSoC5/ValveTimer_PM.c ****             /* Timer is enabled */
 119:Generated_Source\PSoC5/ValveTimer_PM.c ****             ValveTimer_backup.TimerEnableState = 1u;
 117              		.loc 1 119 0
 118 000c 0122     		movs	r2, #1
 119 000e 064B     		ldr	r3, .L13+4
 120 0010 1A70     		strb	r2, [r3]
 121 0012 02E0     		b	.L11
 122              	.L10:
 120:Generated_Source\PSoC5/ValveTimer_PM.c ****         }
 121:Generated_Source\PSoC5/ValveTimer_PM.c ****         else
 122:Generated_Source\PSoC5/ValveTimer_PM.c ****         {
 123:Generated_Source\PSoC5/ValveTimer_PM.c ****             /* Timer is disabled */
 124:Generated_Source\PSoC5/ValveTimer_PM.c ****             ValveTimer_backup.TimerEnableState = 0u;
 123              		.loc 1 124 0
 124 0014 0022     		movs	r2, #0
 125 0016 044B     		ldr	r3, .L13+4
 126 0018 1A70     		strb	r2, [r3]
 127              	.L11:
 125:Generated_Source\PSoC5/ValveTimer_PM.c ****         }
 126:Generated_Source\PSoC5/ValveTimer_PM.c ****     #endif /* Back up enable state from the Timer control register */
 127:Generated_Source\PSoC5/ValveTimer_PM.c ****     ValveTimer_Stop();
 128              		.loc 1 127 0
 129 001a FFF7FEFF 		bl	ValveTimer_Stop
 130              	.LVL4:
 128:Generated_Source\PSoC5/ValveTimer_PM.c ****     ValveTimer_SaveConfig();
 131              		.loc 1 128 0
 132 001e FFF7FEFF 		bl	ValveTimer_SaveConfig
 133              	.LVL5:
 134 0022 08BD     		pop	{r3, pc}
 135              	.L14:
 136              		.align	2
 137              	.L13:
 138 0024 77640040 		.word	1073767543
 139 0028 00000000 		.word	.LANCHOR0
 140              		.cfi_endproc
 141              	.LFE2:
 142              		.size	ValveTimer_Sleep, .-ValveTimer_Sleep
 143              		.section	.text.ValveTimer_Wakeup,"ax",%progbits
 144              		.align	2
 145              		.global	ValveTimer_Wakeup
 146              		.thumb
 147              		.thumb_func
 148              		.type	ValveTimer_Wakeup, %function
 149              	ValveTimer_Wakeup:
 150              	.LFB3:
 129:Generated_Source\PSoC5/ValveTimer_PM.c **** }
 130:Generated_Source\PSoC5/ValveTimer_PM.c **** 
 131:Generated_Source\PSoC5/ValveTimer_PM.c **** 
 132:Generated_Source\PSoC5/ValveTimer_PM.c **** /*******************************************************************************
 133:Generated_Source\PSoC5/ValveTimer_PM.c **** * Function Name: ValveTimer_Wakeup
 134:Generated_Source\PSoC5/ValveTimer_PM.c **** ********************************************************************************
 135:Generated_Source\PSoC5/ValveTimer_PM.c **** *
ARM GAS  C:\Users\CALEBC~1\AppData\Local\Temp\cc0CRXBR.s 			page 6


 136:Generated_Source\PSoC5/ValveTimer_PM.c **** * Summary:
 137:Generated_Source\PSoC5/ValveTimer_PM.c **** *  Restores and enables the user configuration
 138:Generated_Source\PSoC5/ValveTimer_PM.c **** *
 139:Generated_Source\PSoC5/ValveTimer_PM.c **** * Parameters:
 140:Generated_Source\PSoC5/ValveTimer_PM.c **** *  void
 141:Generated_Source\PSoC5/ValveTimer_PM.c **** *
 142:Generated_Source\PSoC5/ValveTimer_PM.c **** * Return:
 143:Generated_Source\PSoC5/ValveTimer_PM.c **** *  void
 144:Generated_Source\PSoC5/ValveTimer_PM.c **** *
 145:Generated_Source\PSoC5/ValveTimer_PM.c **** * Global variables:
 146:Generated_Source\PSoC5/ValveTimer_PM.c **** *  ValveTimer_backup.enableState:  Is used to restore the enable state of
 147:Generated_Source\PSoC5/ValveTimer_PM.c **** *  block on wakeup from sleep mode.
 148:Generated_Source\PSoC5/ValveTimer_PM.c **** *
 149:Generated_Source\PSoC5/ValveTimer_PM.c **** *******************************************************************************/
 150:Generated_Source\PSoC5/ValveTimer_PM.c **** void ValveTimer_Wakeup(void) 
 151:Generated_Source\PSoC5/ValveTimer_PM.c **** {
 151              		.loc 1 151 0
 152              		.cfi_startproc
 153              		@ args = 0, pretend = 0, frame = 0
 154              		@ frame_needed = 0, uses_anonymous_args = 0
 155 0000 08B5     		push	{r3, lr}
 156              		.cfi_def_cfa_offset 8
 157              		.cfi_offset 3, -8
 158              		.cfi_offset 14, -4
 152:Generated_Source\PSoC5/ValveTimer_PM.c ****     ValveTimer_RestoreConfig();
 159              		.loc 1 152 0
 160 0002 FFF7FEFF 		bl	ValveTimer_RestoreConfig
 161              	.LVL6:
 153:Generated_Source\PSoC5/ValveTimer_PM.c ****     #if(!ValveTimer_UDB_CONTROL_REG_REMOVED)
 154:Generated_Source\PSoC5/ValveTimer_PM.c ****         if(ValveTimer_backup.TimerEnableState == 1u)
 162              		.loc 1 154 0
 163 0006 034B     		ldr	r3, .L18
 164 0008 1B78     		ldrb	r3, [r3]	@ zero_extendqisi2
 165 000a 012B     		cmp	r3, #1
 166 000c 01D1     		bne	.L15
 155:Generated_Source\PSoC5/ValveTimer_PM.c ****         {     /* Enable Timer's operation */
 156:Generated_Source\PSoC5/ValveTimer_PM.c ****                 ValveTimer_Enable();
 167              		.loc 1 156 0
 168 000e FFF7FEFF 		bl	ValveTimer_Enable
 169              	.LVL7:
 170              	.L15:
 171 0012 08BD     		pop	{r3, pc}
 172              	.L19:
 173              		.align	2
 174              	.L18:
 175 0014 00000000 		.word	.LANCHOR0
 176              		.cfi_endproc
 177              	.LFE3:
 178              		.size	ValveTimer_Wakeup, .-ValveTimer_Wakeup
 179              		.bss
 180              		.align	2
 181              		.set	.LANCHOR0,. + 0
 182              		.type	ValveTimer_backup, %object
 183              		.size	ValveTimer_backup, 6
 184              	ValveTimer_backup:
 185 0000 00000000 		.space	6
 185      0000
ARM GAS  C:\Users\CALEBC~1\AppData\Local\Temp\cc0CRXBR.s 			page 7


 186              		.text
 187              	.Letext0:
 188              		.file 2 "Generated_Source\\PSoC5\\cytypes.h"
 189              		.file 3 "Generated_Source\\PSoC5\\ValveTimer.h"
 190              		.section	.debug_info,"",%progbits
 191              	.Ldebug_info0:
 192 0000 EB010000 		.4byte	0x1eb
 193 0004 0400     		.2byte	0x4
 194 0006 00000000 		.4byte	.Ldebug_abbrev0
 195 000a 04       		.byte	0x4
 196 000b 01       		.uleb128 0x1
 197 000c F4000000 		.4byte	.LASF32
 198 0010 0C       		.byte	0xc
 199 0011 B7010000 		.4byte	.LASF33
 200 0015 86000000 		.4byte	.LASF34
 201 0019 00000000 		.4byte	.Ldebug_ranges0+0
 202 001d 00000000 		.4byte	0
 203 0021 00000000 		.4byte	.Ldebug_line0
 204 0025 02       		.uleb128 0x2
 205 0026 01       		.byte	0x1
 206 0027 06       		.byte	0x6
 207 0028 A5020000 		.4byte	.LASF0
 208 002c 02       		.uleb128 0x2
 209 002d 01       		.byte	0x1
 210 002e 08       		.byte	0x8
 211 002f E6000000 		.4byte	.LASF1
 212 0033 02       		.uleb128 0x2
 213 0034 02       		.byte	0x2
 214 0035 05       		.byte	0x5
 215 0036 74020000 		.4byte	.LASF2
 216 003a 02       		.uleb128 0x2
 217 003b 02       		.byte	0x2
 218 003c 07       		.byte	0x7
 219 003d 3F000000 		.4byte	.LASF3
 220 0041 02       		.uleb128 0x2
 221 0042 04       		.byte	0x4
 222 0043 05       		.byte	0x5
 223 0044 90020000 		.4byte	.LASF4
 224 0048 02       		.uleb128 0x2
 225 0049 04       		.byte	0x4
 226 004a 07       		.byte	0x7
 227 004b 87010000 		.4byte	.LASF5
 228 004f 02       		.uleb128 0x2
 229 0050 08       		.byte	0x8
 230 0051 05       		.byte	0x5
 231 0052 61020000 		.4byte	.LASF6
 232 0056 02       		.uleb128 0x2
 233 0057 08       		.byte	0x8
 234 0058 07       		.byte	0x7
 235 0059 29020000 		.4byte	.LASF7
 236 005d 03       		.uleb128 0x3
 237 005e 04       		.byte	0x4
 238 005f 05       		.byte	0x5
 239 0060 696E7400 		.ascii	"int\000"
 240 0064 02       		.uleb128 0x2
 241 0065 04       		.byte	0x4
 242 0066 07       		.byte	0x7
ARM GAS  C:\Users\CALEBC~1\AppData\Local\Temp\cc0CRXBR.s 			page 8


 243 0067 05020000 		.4byte	.LASF8
 244 006b 04       		.uleb128 0x4
 245 006c 99010000 		.4byte	.LASF9
 246 0070 02       		.byte	0x2
 247 0071 E401     		.2byte	0x1e4
 248 0073 2C000000 		.4byte	0x2c
 249 0077 04       		.uleb128 0x4
 250 0078 DE010000 		.4byte	.LASF10
 251 007c 02       		.byte	0x2
 252 007d E501     		.2byte	0x1e5
 253 007f 3A000000 		.4byte	0x3a
 254 0083 02       		.uleb128 0x2
 255 0084 04       		.byte	0x4
 256 0085 04       		.byte	0x4
 257 0086 39000000 		.4byte	.LASF11
 258 008a 02       		.uleb128 0x2
 259 008b 08       		.byte	0x8
 260 008c 04       		.byte	0x4
 261 008d B0010000 		.4byte	.LASF12
 262 0091 02       		.uleb128 0x2
 263 0092 01       		.byte	0x1
 264 0093 08       		.byte	0x8
 265 0094 6F020000 		.4byte	.LASF13
 266 0098 04       		.uleb128 0x4
 267 0099 82010000 		.4byte	.LASF14
 268 009d 02       		.byte	0x2
 269 009e 8E02     		.2byte	0x28e
 270 00a0 A4000000 		.4byte	0xa4
 271 00a4 05       		.uleb128 0x5
 272 00a5 6B000000 		.4byte	0x6b
 273 00a9 02       		.uleb128 0x2
 274 00aa 08       		.byte	0x8
 275 00ab 04       		.byte	0x4
 276 00ac 99020000 		.4byte	.LASF15
 277 00b0 02       		.uleb128 0x2
 278 00b1 04       		.byte	0x4
 279 00b2 07       		.byte	0x7
 280 00b3 58020000 		.4byte	.LASF16
 281 00b7 06       		.uleb128 0x6
 282 00b8 06       		.byte	0x6
 283 00b9 03       		.byte	0x3
 284 00ba 43       		.byte	0x43
 285 00bb F0000000 		.4byte	0xf0
 286 00bf 07       		.uleb128 0x7
 287 00c0 10000000 		.4byte	.LASF17
 288 00c4 03       		.byte	0x3
 289 00c5 45       		.byte	0x45
 290 00c6 6B000000 		.4byte	0x6b
 291 00ca 00       		.byte	0
 292 00cb 07       		.uleb128 0x7
 293 00cc 64000000 		.4byte	.LASF18
 294 00d0 03       		.byte	0x3
 295 00d1 48       		.byte	0x48
 296 00d2 77000000 		.4byte	0x77
 297 00d6 02       		.byte	0x2
 298 00d7 07       		.uleb128 0x7
 299 00d8 E6020000 		.4byte	.LASF19
ARM GAS  C:\Users\CALEBC~1\AppData\Local\Temp\cc0CRXBR.s 			page 9


 300 00dc 03       		.byte	0x3
 301 00dd 49       		.byte	0x49
 302 00de 6B000000 		.4byte	0x6b
 303 00e2 04       		.byte	0x4
 304 00e3 07       		.uleb128 0x7
 305 00e4 F9020000 		.4byte	.LASF20
 306 00e8 03       		.byte	0x3
 307 00e9 4F       		.byte	0x4f
 308 00ea 6B000000 		.4byte	0x6b
 309 00ee 05       		.byte	0x5
 310 00ef 00       		.byte	0
 311 00f0 08       		.uleb128 0x8
 312 00f1 21000000 		.4byte	.LASF21
 313 00f5 03       		.byte	0x3
 314 00f6 53       		.byte	0x53
 315 00f7 B7000000 		.4byte	0xb7
 316 00fb 09       		.uleb128 0x9
 317 00fc B1020000 		.4byte	.LASF22
 318 0100 01       		.byte	0x1
 319 0101 2B       		.byte	0x2b
 320 0102 00000000 		.4byte	.LFB0
 321 0106 20000000 		.4byte	.LFE0-.LFB0
 322 010a 01       		.uleb128 0x1
 323 010b 9C       		.byte	0x9c
 324 010c 23010000 		.4byte	0x123
 325 0110 0A       		.uleb128 0xa
 326 0111 06000000 		.4byte	.LVL0
 327 0115 AC010000 		.4byte	0x1ac
 328 0119 0A       		.uleb128 0xa
 329 011a 14000000 		.4byte	.LVL1
 330 011e B7010000 		.4byte	0x1b7
 331 0122 00       		.byte	0
 332 0123 09       		.uleb128 0x9
 333 0124 6D000000 		.4byte	.LASF23
 334 0128 01       		.byte	0x1
 335 0129 4D       		.byte	0x4d
 336 012a 00000000 		.4byte	.LFB1
 337 012e 20000000 		.4byte	.LFE1-.LFB1
 338 0132 01       		.uleb128 0x1
 339 0133 9C       		.byte	0x9c
 340 0134 4B010000 		.4byte	0x14b
 341 0138 0A       		.uleb128 0xa
 342 0139 0A000000 		.4byte	.LVL2
 343 013d C2010000 		.4byte	0x1c2
 344 0141 0A       		.uleb128 0xa
 345 0142 16000000 		.4byte	.LVL3
 346 0146 CD010000 		.4byte	0x1cd
 347 014a 00       		.byte	0
 348 014b 09       		.uleb128 0x9
 349 014c 9F010000 		.4byte	.LASF24
 350 0150 01       		.byte	0x1
 351 0151 70       		.byte	0x70
 352 0152 00000000 		.4byte	.LFB2
 353 0156 2C000000 		.4byte	.LFE2-.LFB2
 354 015a 01       		.uleb128 0x1
 355 015b 9C       		.byte	0x9c
 356 015c 73010000 		.4byte	0x173
ARM GAS  C:\Users\CALEBC~1\AppData\Local\Temp\cc0CRXBR.s 			page 10


 357 0160 0A       		.uleb128 0xa
 358 0161 1E000000 		.4byte	.LVL4
 359 0165 D8010000 		.4byte	0x1d8
 360 0169 0A       		.uleb128 0xa
 361 016a 22000000 		.4byte	.LVL5
 362 016e FB000000 		.4byte	0xfb
 363 0172 00       		.byte	0
 364 0173 09       		.uleb128 0x9
 365 0174 D4000000 		.4byte	.LASF25
 366 0178 01       		.byte	0x1
 367 0179 96       		.byte	0x96
 368 017a 00000000 		.4byte	.LFB3
 369 017e 18000000 		.4byte	.LFE3-.LFB3
 370 0182 01       		.uleb128 0x1
 371 0183 9C       		.byte	0x9c
 372 0184 9B010000 		.4byte	0x19b
 373 0188 0A       		.uleb128 0xa
 374 0189 06000000 		.4byte	.LVL6
 375 018d 23010000 		.4byte	0x123
 376 0191 0A       		.uleb128 0xa
 377 0192 12000000 		.4byte	.LVL7
 378 0196 E3010000 		.4byte	0x1e3
 379 019a 00       		.byte	0
 380 019b 0B       		.uleb128 0xb
 381 019c 52000000 		.4byte	.LASF35
 382 01a0 01       		.byte	0x1
 383 01a1 15       		.byte	0x15
 384 01a2 F0000000 		.4byte	0xf0
 385 01a6 05       		.uleb128 0x5
 386 01a7 03       		.byte	0x3
 387 01a8 00000000 		.4byte	ValveTimer_backup
 388 01ac 0C       		.uleb128 0xc
 389 01ad 12020000 		.4byte	.LASF26
 390 01b1 12020000 		.4byte	.LASF26
 391 01b5 03       		.byte	0x3
 392 01b6 69       		.byte	0x69
 393 01b7 0C       		.uleb128 0xc
 394 01b8 C7020000 		.4byte	.LASF27
 395 01bc C7020000 		.4byte	.LASF27
 396 01c0 03       		.byte	0x3
 397 01c1 63       		.byte	0x63
 398 01c2 0C       		.uleb128 0xc
 399 01c3 40020000 		.4byte	.LASF28
 400 01c7 40020000 		.4byte	.LASF28
 401 01cb 03       		.byte	0x3
 402 01cc 6A       		.byte	0x6a
 403 01cd 0C       		.uleb128 0xc
 404 01ce E5010000 		.4byte	.LASF29
 405 01d2 E5010000 		.4byte	.LASF29
 406 01d6 03       		.byte	0x3
 407 01d7 64       		.byte	0x64
 408 01d8 0C       		.uleb128 0xc
 409 01d9 00000000 		.4byte	.LASF30
 410 01dd 00000000 		.4byte	.LASF30
 411 01e1 03       		.byte	0x3
 412 01e2 5B       		.byte	0x5b
 413 01e3 0C       		.uleb128 0xc
ARM GAS  C:\Users\CALEBC~1\AppData\Local\Temp\cc0CRXBR.s 			page 11


 414 01e4 7E020000 		.4byte	.LASF31
 415 01e8 7E020000 		.4byte	.LASF31
 416 01ec 03       		.byte	0x3
 417 01ed 8B       		.byte	0x8b
 418 01ee 00       		.byte	0
 419              		.section	.debug_abbrev,"",%progbits
 420              	.Ldebug_abbrev0:
 421 0000 01       		.uleb128 0x1
 422 0001 11       		.uleb128 0x11
 423 0002 01       		.byte	0x1
 424 0003 25       		.uleb128 0x25
 425 0004 0E       		.uleb128 0xe
 426 0005 13       		.uleb128 0x13
 427 0006 0B       		.uleb128 0xb
 428 0007 03       		.uleb128 0x3
 429 0008 0E       		.uleb128 0xe
 430 0009 1B       		.uleb128 0x1b
 431 000a 0E       		.uleb128 0xe
 432 000b 55       		.uleb128 0x55
 433 000c 17       		.uleb128 0x17
 434 000d 11       		.uleb128 0x11
 435 000e 01       		.uleb128 0x1
 436 000f 10       		.uleb128 0x10
 437 0010 17       		.uleb128 0x17
 438 0011 00       		.byte	0
 439 0012 00       		.byte	0
 440 0013 02       		.uleb128 0x2
 441 0014 24       		.uleb128 0x24
 442 0015 00       		.byte	0
 443 0016 0B       		.uleb128 0xb
 444 0017 0B       		.uleb128 0xb
 445 0018 3E       		.uleb128 0x3e
 446 0019 0B       		.uleb128 0xb
 447 001a 03       		.uleb128 0x3
 448 001b 0E       		.uleb128 0xe
 449 001c 00       		.byte	0
 450 001d 00       		.byte	0
 451 001e 03       		.uleb128 0x3
 452 001f 24       		.uleb128 0x24
 453 0020 00       		.byte	0
 454 0021 0B       		.uleb128 0xb
 455 0022 0B       		.uleb128 0xb
 456 0023 3E       		.uleb128 0x3e
 457 0024 0B       		.uleb128 0xb
 458 0025 03       		.uleb128 0x3
 459 0026 08       		.uleb128 0x8
 460 0027 00       		.byte	0
 461 0028 00       		.byte	0
 462 0029 04       		.uleb128 0x4
 463 002a 16       		.uleb128 0x16
 464 002b 00       		.byte	0
 465 002c 03       		.uleb128 0x3
 466 002d 0E       		.uleb128 0xe
 467 002e 3A       		.uleb128 0x3a
 468 002f 0B       		.uleb128 0xb
 469 0030 3B       		.uleb128 0x3b
 470 0031 05       		.uleb128 0x5
ARM GAS  C:\Users\CALEBC~1\AppData\Local\Temp\cc0CRXBR.s 			page 12


 471 0032 49       		.uleb128 0x49
 472 0033 13       		.uleb128 0x13
 473 0034 00       		.byte	0
 474 0035 00       		.byte	0
 475 0036 05       		.uleb128 0x5
 476 0037 35       		.uleb128 0x35
 477 0038 00       		.byte	0
 478 0039 49       		.uleb128 0x49
 479 003a 13       		.uleb128 0x13
 480 003b 00       		.byte	0
 481 003c 00       		.byte	0
 482 003d 06       		.uleb128 0x6
 483 003e 13       		.uleb128 0x13
 484 003f 01       		.byte	0x1
 485 0040 0B       		.uleb128 0xb
 486 0041 0B       		.uleb128 0xb
 487 0042 3A       		.uleb128 0x3a
 488 0043 0B       		.uleb128 0xb
 489 0044 3B       		.uleb128 0x3b
 490 0045 0B       		.uleb128 0xb
 491 0046 01       		.uleb128 0x1
 492 0047 13       		.uleb128 0x13
 493 0048 00       		.byte	0
 494 0049 00       		.byte	0
 495 004a 07       		.uleb128 0x7
 496 004b 0D       		.uleb128 0xd
 497 004c 00       		.byte	0
 498 004d 03       		.uleb128 0x3
 499 004e 0E       		.uleb128 0xe
 500 004f 3A       		.uleb128 0x3a
 501 0050 0B       		.uleb128 0xb
 502 0051 3B       		.uleb128 0x3b
 503 0052 0B       		.uleb128 0xb
 504 0053 49       		.uleb128 0x49
 505 0054 13       		.uleb128 0x13
 506 0055 38       		.uleb128 0x38
 507 0056 0B       		.uleb128 0xb
 508 0057 00       		.byte	0
 509 0058 00       		.byte	0
 510 0059 08       		.uleb128 0x8
 511 005a 16       		.uleb128 0x16
 512 005b 00       		.byte	0
 513 005c 03       		.uleb128 0x3
 514 005d 0E       		.uleb128 0xe
 515 005e 3A       		.uleb128 0x3a
 516 005f 0B       		.uleb128 0xb
 517 0060 3B       		.uleb128 0x3b
 518 0061 0B       		.uleb128 0xb
 519 0062 49       		.uleb128 0x49
 520 0063 13       		.uleb128 0x13
 521 0064 00       		.byte	0
 522 0065 00       		.byte	0
 523 0066 09       		.uleb128 0x9
 524 0067 2E       		.uleb128 0x2e
 525 0068 01       		.byte	0x1
 526 0069 3F       		.uleb128 0x3f
 527 006a 19       		.uleb128 0x19
ARM GAS  C:\Users\CALEBC~1\AppData\Local\Temp\cc0CRXBR.s 			page 13


 528 006b 03       		.uleb128 0x3
 529 006c 0E       		.uleb128 0xe
 530 006d 3A       		.uleb128 0x3a
 531 006e 0B       		.uleb128 0xb
 532 006f 3B       		.uleb128 0x3b
 533 0070 0B       		.uleb128 0xb
 534 0071 27       		.uleb128 0x27
 535 0072 19       		.uleb128 0x19
 536 0073 11       		.uleb128 0x11
 537 0074 01       		.uleb128 0x1
 538 0075 12       		.uleb128 0x12
 539 0076 06       		.uleb128 0x6
 540 0077 40       		.uleb128 0x40
 541 0078 18       		.uleb128 0x18
 542 0079 9742     		.uleb128 0x2117
 543 007b 19       		.uleb128 0x19
 544 007c 01       		.uleb128 0x1
 545 007d 13       		.uleb128 0x13
 546 007e 00       		.byte	0
 547 007f 00       		.byte	0
 548 0080 0A       		.uleb128 0xa
 549 0081 898201   		.uleb128 0x4109
 550 0084 00       		.byte	0
 551 0085 11       		.uleb128 0x11
 552 0086 01       		.uleb128 0x1
 553 0087 31       		.uleb128 0x31
 554 0088 13       		.uleb128 0x13
 555 0089 00       		.byte	0
 556 008a 00       		.byte	0
 557 008b 0B       		.uleb128 0xb
 558 008c 34       		.uleb128 0x34
 559 008d 00       		.byte	0
 560 008e 03       		.uleb128 0x3
 561 008f 0E       		.uleb128 0xe
 562 0090 3A       		.uleb128 0x3a
 563 0091 0B       		.uleb128 0xb
 564 0092 3B       		.uleb128 0x3b
 565 0093 0B       		.uleb128 0xb
 566 0094 49       		.uleb128 0x49
 567 0095 13       		.uleb128 0x13
 568 0096 02       		.uleb128 0x2
 569 0097 18       		.uleb128 0x18
 570 0098 00       		.byte	0
 571 0099 00       		.byte	0
 572 009a 0C       		.uleb128 0xc
 573 009b 2E       		.uleb128 0x2e
 574 009c 00       		.byte	0
 575 009d 3F       		.uleb128 0x3f
 576 009e 19       		.uleb128 0x19
 577 009f 3C       		.uleb128 0x3c
 578 00a0 19       		.uleb128 0x19
 579 00a1 6E       		.uleb128 0x6e
 580 00a2 0E       		.uleb128 0xe
 581 00a3 03       		.uleb128 0x3
 582 00a4 0E       		.uleb128 0xe
 583 00a5 3A       		.uleb128 0x3a
 584 00a6 0B       		.uleb128 0xb
ARM GAS  C:\Users\CALEBC~1\AppData\Local\Temp\cc0CRXBR.s 			page 14


 585 00a7 3B       		.uleb128 0x3b
 586 00a8 0B       		.uleb128 0xb
 587 00a9 00       		.byte	0
 588 00aa 00       		.byte	0
 589 00ab 00       		.byte	0
 590              		.section	.debug_aranges,"",%progbits
 591 0000 34000000 		.4byte	0x34
 592 0004 0200     		.2byte	0x2
 593 0006 00000000 		.4byte	.Ldebug_info0
 594 000a 04       		.byte	0x4
 595 000b 00       		.byte	0
 596 000c 0000     		.2byte	0
 597 000e 0000     		.2byte	0
 598 0010 00000000 		.4byte	.LFB0
 599 0014 20000000 		.4byte	.LFE0-.LFB0
 600 0018 00000000 		.4byte	.LFB1
 601 001c 20000000 		.4byte	.LFE1-.LFB1
 602 0020 00000000 		.4byte	.LFB2
 603 0024 2C000000 		.4byte	.LFE2-.LFB2
 604 0028 00000000 		.4byte	.LFB3
 605 002c 18000000 		.4byte	.LFE3-.LFB3
 606 0030 00000000 		.4byte	0
 607 0034 00000000 		.4byte	0
 608              		.section	.debug_ranges,"",%progbits
 609              	.Ldebug_ranges0:
 610 0000 00000000 		.4byte	.LFB0
 611 0004 20000000 		.4byte	.LFE0
 612 0008 00000000 		.4byte	.LFB1
 613 000c 20000000 		.4byte	.LFE1
 614 0010 00000000 		.4byte	.LFB2
 615 0014 2C000000 		.4byte	.LFE2
 616 0018 00000000 		.4byte	.LFB3
 617 001c 18000000 		.4byte	.LFE3
 618 0020 00000000 		.4byte	0
 619 0024 00000000 		.4byte	0
 620              		.section	.debug_line,"",%progbits
 621              	.Ldebug_line0:
 622 0000 AD000000 		.section	.debug_str,"MS",%progbits,1
 622      02005A00 
 622      00000201 
 622      FB0E0D00 
 622      01010101 
 623              	.LASF30:
 624 0000 56616C76 		.ascii	"ValveTimer_Stop\000"
 624      6554696D 
 624      65725F53 
 624      746F7000 
 625              	.LASF17:
 626 0010 54696D65 		.ascii	"TimerEnableState\000"
 626      72456E61 
 626      626C6553 
 626      74617465 
 626      00
 627              	.LASF21:
 628 0021 56616C76 		.ascii	"ValveTimer_backupStruct\000"
 628      6554696D 
 628      65725F62 
ARM GAS  C:\Users\CALEBC~1\AppData\Local\Temp\cc0CRXBR.s 			page 15


 628      61636B75 
 628      70537472 
 629              	.LASF11:
 630 0039 666C6F61 		.ascii	"float\000"
 630      7400
 631              	.LASF3:
 632 003f 73686F72 		.ascii	"short unsigned int\000"
 632      7420756E 
 632      7369676E 
 632      65642069 
 632      6E7400
 633              	.LASF35:
 634 0052 56616C76 		.ascii	"ValveTimer_backup\000"
 634      6554696D 
 634      65725F62 
 634      61636B75 
 634      7000
 635              	.LASF18:
 636 0064 54696D65 		.ascii	"TimerUdb\000"
 636      72556462 
 636      00
 637              	.LASF23:
 638 006d 56616C76 		.ascii	"ValveTimer_RestoreConfig\000"
 638      6554696D 
 638      65725F52 
 638      6573746F 
 638      7265436F 
 639              	.LASF34:
 640 0086 433A5C55 		.ascii	"C:\\Users\\Caleb Cotter\\Cotter Labs\\NitroDoser De"
 640      73657273 
 640      5C43616C 
 640      65622043 
 640      6F747465 
 641 00b5 76656C6F 		.ascii	"velopment\\NitroDose_0.01.cydsn\000"
 641      706D656E 
 641      745C4E69 
 641      74726F44 
 641      6F73655F 
 642              	.LASF25:
 643 00d4 56616C76 		.ascii	"ValveTimer_Wakeup\000"
 643      6554696D 
 643      65725F57 
 643      616B6575 
 643      7000
 644              	.LASF1:
 645 00e6 756E7369 		.ascii	"unsigned char\000"
 645      676E6564 
 645      20636861 
 645      7200
 646              	.LASF32:
 647 00f4 474E5520 		.ascii	"GNU C11 5.4.1 20160609 (release) [ARM/embedded-5-br"
 647      43313120 
 647      352E342E 
 647      31203230 
 647      31363036 
 648 0127 616E6368 		.ascii	"anch revision 237715] -mcpu=cortex-m3 -mthumb -g -O"
 648      20726576 
ARM GAS  C:\Users\CALEBC~1\AppData\Local\Temp\cc0CRXBR.s 			page 16


 648      6973696F 
 648      6E203233 
 648      37373135 
 649 015a 67202D66 		.ascii	"g -ffunction-sections -ffat-lto-objects\000"
 649      66756E63 
 649      74696F6E 
 649      2D736563 
 649      74696F6E 
 650              	.LASF14:
 651 0182 72656738 		.ascii	"reg8\000"
 651      00
 652              	.LASF5:
 653 0187 6C6F6E67 		.ascii	"long unsigned int\000"
 653      20756E73 
 653      69676E65 
 653      6420696E 
 653      7400
 654              	.LASF9:
 655 0199 75696E74 		.ascii	"uint8\000"
 655      3800
 656              	.LASF24:
 657 019f 56616C76 		.ascii	"ValveTimer_Sleep\000"
 657      6554696D 
 657      65725F53 
 657      6C656570 
 657      00
 658              	.LASF12:
 659 01b0 646F7562 		.ascii	"double\000"
 659      6C6500
 660              	.LASF33:
 661 01b7 47656E65 		.ascii	"Generated_Source\\PSoC5\\ValveTimer_PM.c\000"
 661      72617465 
 661      645F536F 
 661      75726365 
 661      5C50536F 
 662              	.LASF10:
 663 01de 75696E74 		.ascii	"uint16\000"
 663      313600
 664              	.LASF29:
 665 01e5 56616C76 		.ascii	"ValveTimer_WriteControlRegister\000"
 665      6554696D 
 665      65725F57 
 665      72697465 
 665      436F6E74 
 666              	.LASF8:
 667 0205 756E7369 		.ascii	"unsigned int\000"
 667      676E6564 
 667      20696E74 
 667      00
 668              	.LASF26:
 669 0212 56616C76 		.ascii	"ValveTimer_ReadCounter\000"
 669      6554696D 
 669      65725F52 
 669      65616443 
 669      6F756E74 
 670              	.LASF7:
 671 0229 6C6F6E67 		.ascii	"long long unsigned int\000"
ARM GAS  C:\Users\CALEBC~1\AppData\Local\Temp\cc0CRXBR.s 			page 17


 671      206C6F6E 
 671      6720756E 
 671      7369676E 
 671      65642069 
 672              	.LASF28:
 673 0240 56616C76 		.ascii	"ValveTimer_WriteCounter\000"
 673      6554696D 
 673      65725F57 
 673      72697465 
 673      436F756E 
 674              	.LASF16:
 675 0258 73697A65 		.ascii	"sizetype\000"
 675      74797065 
 675      00
 676              	.LASF6:
 677 0261 6C6F6E67 		.ascii	"long long int\000"
 677      206C6F6E 
 677      6720696E 
 677      7400
 678              	.LASF13:
 679 026f 63686172 		.ascii	"char\000"
 679      00
 680              	.LASF2:
 681 0274 73686F72 		.ascii	"short int\000"
 681      7420696E 
 681      7400
 682              	.LASF31:
 683 027e 56616C76 		.ascii	"ValveTimer_Enable\000"
 683      6554696D 
 683      65725F45 
 683      6E61626C 
 683      6500
 684              	.LASF4:
 685 0290 6C6F6E67 		.ascii	"long int\000"
 685      20696E74 
 685      00
 686              	.LASF15:
 687 0299 6C6F6E67 		.ascii	"long double\000"
 687      20646F75 
 687      626C6500 
 688              	.LASF0:
 689 02a5 7369676E 		.ascii	"signed char\000"
 689      65642063 
 689      68617200 
 690              	.LASF22:
 691 02b1 56616C76 		.ascii	"ValveTimer_SaveConfig\000"
 691      6554696D 
 691      65725F53 
 691      61766543 
 691      6F6E6669 
 692              	.LASF27:
 693 02c7 56616C76 		.ascii	"ValveTimer_ReadControlRegister\000"
 693      6554696D 
 693      65725F52 
 693      65616443 
 693      6F6E7472 
 694              	.LASF19:
ARM GAS  C:\Users\CALEBC~1\AppData\Local\Temp\cc0CRXBR.s 			page 18


 695 02e6 496E7465 		.ascii	"InterruptMaskValue\000"
 695      72727570 
 695      744D6173 
 695      6B56616C 
 695      756500
 696              	.LASF20:
 697 02f9 54696D65 		.ascii	"TimerControlRegister\000"
 697      72436F6E 
 697      74726F6C 
 697      52656769 
 697      73746572 
 698              		.ident	"GCC: (GNU Tools for ARM Embedded Processors) 5.4.1 20160609 (release) [ARM/embedded-5-bran
