--------------- Build Started: 02/21/2020 16:31:25 Project: USBFS_Bulk_Wraparound, Configuration: ARM GCC 5.4-2016-q2-update Debug ---------------
cydsfit.exe -.appdatapath "C:\Users\Caleb Cotter\AppData\Local\Cypress Semiconductor\PSoC Creator\4.2" -.fdsnotice -.fdswarpdepfile=warp_dependencies.txt -.fdselabdepfile=elab_dependencies.txt -.fdsbldfile=generated_files.txt -.fdsreffile=referenced_files.txt -p "C:\Users\Caleb Cotter\Documents\GitHub\3HC\3HC_Firmware\USBFS_Bulk_Wraparound.cydsn\USBFS_Bulk_Wraparound.cyprj" -d CY8C5888LTI-LP097 -s "C:\Users\Caleb Cotter\Documents\GitHub\3HC\3HC_Firmware\USBFS_Bulk_Wraparound.cydsn\Generated_Source\PSoC5" -- -yv2 -q10 -ygs -o2 -v3 -.fftcfgtype=LE
Elaborating Design...
HDL Generation...
Synthesis...
Tech Mapping...
Analog Placement...
Analog Routing...
Analog Code Generation...
Digital Placement...
Digital Routing...
Bitstream Generation...
Bitstream Verification...
Static timing analysis...
API Generation...
Dependency Generation...
Cleanup...
arm-none-eabi-gcc.exe -mcpu=cortex-m3 -mthumb -I. -IGenerated_Source\PSoC5 -Wa,-alh=.\ARM_GCC_541\Debug/main.lst -g -ffunction-sections -ffat-lto-objects -O0 -c main.c -o .\ARM_GCC_541\Debug\main.o
arm-none-eabi-gcc.exe -mcpu=cortex-m3 -mthumb -I. -IGenerated_Source\PSoC5 -Wa,-alh=.\ARM_GCC_541\Debug/cyfitter_cfg.lst -g -ffunction-sections -ffat-lto-objects -O0 -c Generated_Source\PSoC5\cyfitter_cfg.c -o .\ARM_GCC_541\Debug\cyfitter_cfg.o
arm-none-eabi-gcc.exe -mcpu=cortex-m3 -mthumb -I. -IGenerated_Source\PSoC5 -Wa,-alh=.\ARM_GCC_541\Debug/cymetadata.lst -g -ffunction-sections -ffat-lto-objects -O0 -c Generated_Source\PSoC5\cymetadata.c -o .\ARM_GCC_541\Debug\cymetadata.o
arm-none-eabi-gcc.exe -mcpu=cortex-m3 -mthumb -I. -IGenerated_Source\PSoC5 -Wa,-alh=.\ARM_GCC_541\Debug/CyScBoostClk.lst -g -ffunction-sections -ffat-lto-objects -O0 -c Generated_Source\PSoC5\CyScBoostClk.c -o .\ARM_GCC_541\Debug\CyScBoostClk.o
arm-none-eabi-gcc.exe -mcpu=cortex-m3 -mthumb -I. -IGenerated_Source\PSoC5 -Wa,-alh=.\ARM_GCC_541\Debug/USBFS.lst -g -ffunction-sections -ffat-lto-objects -O0 -c Generated_Source\PSoC5\USBFS.c -o .\ARM_GCC_541\Debug\USBFS.o
arm-none-eabi-gcc.exe -mcpu=cortex-m3 -mthumb -I. -IGenerated_Source\PSoC5 -Wa,-alh=.\ARM_GCC_541\Debug/USBFS_audio.lst -g -ffunction-sections -ffat-lto-objects -O0 -c Generated_Source\PSoC5\USBFS_audio.c -o .\ARM_GCC_541\Debug\USBFS_audio.o
arm-none-eabi-gcc.exe -mcpu=cortex-m3 -mthumb -I. -IGenerated_Source\PSoC5 -Wa,-alh=.\ARM_GCC_541\Debug/USBFS_boot.lst -g -ffunction-sections -ffat-lto-objects -O0 -c Generated_Source\PSoC5\USBFS_boot.c -o .\ARM_GCC_541\Debug\USBFS_boot.o
arm-none-eabi-gcc.exe -mcpu=cortex-m3 -mthumb -I. -IGenerated_Source\PSoC5 -Wa,-alh=.\ARM_GCC_541\Debug/USBFS_cdc.lst -g -ffunction-sections -ffat-lto-objects -O0 -c Generated_Source\PSoC5\USBFS_cdc.c -o .\ARM_GCC_541\Debug\USBFS_cdc.o
arm-none-eabi-gcc.exe -mcpu=cortex-m3 -mthumb -I. -IGenerated_Source\PSoC5 -Wa,-alh=.\ARM_GCC_541\Debug/USBFS_cls.lst -g -ffunction-sections -ffat-lto-objects -O0 -c Generated_Source\PSoC5\USBFS_cls.c -o .\ARM_GCC_541\Debug\USBFS_cls.o
arm-none-eabi-gcc.exe -mcpu=cortex-m3 -mthumb -I. -IGenerated_Source\PSoC5 -Wa,-alh=.\ARM_GCC_541\Debug/USBFS_descr.lst -g -ffunction-sections -ffat-lto-objects -O0 -c Generated_Source\PSoC5\USBFS_descr.c -o .\ARM_GCC_541\Debug\USBFS_descr.o
arm-none-eabi-gcc.exe -mcpu=cortex-m3 -mthumb -I. -IGenerated_Source\PSoC5 -Wa,-alh=.\ARM_GCC_541\Debug/USBFS_drv.lst -g -ffunction-sections -ffat-lto-objects -O0 -c Generated_Source\PSoC5\USBFS_drv.c -o .\ARM_GCC_541\Debug\USBFS_drv.o
arm-none-eabi-gcc.exe -mcpu=cortex-m3 -mthumb -I. -IGenerated_Source\PSoC5 -Wa,-alh=.\ARM_GCC_541\Debug/USBFS_episr.lst -g -ffunction-sections -ffat-lto-objects -O0 -c Generated_Source\PSoC5\USBFS_episr.c -o .\ARM_GCC_541\Debug\USBFS_episr.o
arm-none-eabi-gcc.exe -mcpu=cortex-m3 -mthumb -I. -IGenerated_Source\PSoC5 -Wa,-alh=.\ARM_GCC_541\Debug/USBFS_hid.lst -g -ffunction-sections -ffat-lto-objects -O0 -c Generated_Source\PSoC5\USBFS_hid.c -o .\ARM_GCC_541\Debug\USBFS_hid.o
arm-none-eabi-gcc.exe -mcpu=cortex-m3 -mthumb -I. -IGenerated_Source\PSoC5 -Wa,-alh=.\ARM_GCC_541\Debug/USBFS_pm.lst -g -ffunction-sections -ffat-lto-objects -O0 -c Generated_Source\PSoC5\USBFS_pm.c -o .\ARM_GCC_541\Debug\USBFS_pm.o
arm-none-eabi-gcc.exe -mcpu=cortex-m3 -mthumb -I. -IGenerated_Source\PSoC5 -Wa,-alh=.\ARM_GCC_541\Debug/USBFS_std.lst -g -ffunction-sections -ffat-lto-objects -O0 -c Generated_Source\PSoC5\USBFS_std.c -o .\ARM_GCC_541\Debug\USBFS_std.o
arm-none-eabi-gcc.exe -mcpu=cortex-m3 -mthumb -I. -IGenerated_Source\PSoC5 -Wa,-alh=.\ARM_GCC_541\Debug/USBFS_vnd.lst -g -ffunction-sections -ffat-lto-objects -O0 -c Generated_Source\PSoC5\USBFS_vnd.c -o .\ARM_GCC_541\Debug\USBFS_vnd.o
arm-none-eabi-gcc.exe -mcpu=cortex-m3 -mthumb -I. -IGenerated_Source\PSoC5 -Wa,-alh=.\ARM_GCC_541\Debug/USBFS_midi.lst -g -ffunction-sections -ffat-lto-objects -O0 -c Generated_Source\PSoC5\USBFS_midi.c -o .\ARM_GCC_541\Debug\USBFS_midi.o
arm-none-eabi-gcc.exe -mcpu=cortex-m3 -mthumb -I. -IGenerated_Source\PSoC5 -Wa,-alh=.\ARM_GCC_541\Debug/USBFS_msc.lst -g -ffunction-sections -ffat-lto-objects -O0 -c Generated_Source\PSoC5\USBFS_msc.c -o .\ARM_GCC_541\Debug\USBFS_msc.o
arm-none-eabi-gcc.exe -mcpu=cortex-m3 -mthumb -I. -IGenerated_Source\PSoC5 -Wa,-alh=.\ARM_GCC_541\Debug/USBFS_ep2_dma.lst -g -ffunction-sections -ffat-lto-objects -O0 -c Generated_Source\PSoC5\USBFS_ep2_dma.c -o .\ARM_GCC_541\Debug\USBFS_ep2_dma.o
arm-none-eabi-gcc.exe -mcpu=cortex-m3 -mthumb -I. -IGenerated_Source\PSoC5 -Wa,-alh=.\ARM_GCC_541\Debug/USBFS_ep1_dma.lst -g -ffunction-sections -ffat-lto-objects -O0 -c Generated_Source\PSoC5\USBFS_ep1_dma.c -o .\ARM_GCC_541\Debug\USBFS_ep1_dma.o
arm-none-eabi-gcc.exe -mcpu=cortex-m3 -mthumb -I. -IGenerated_Source\PSoC5 -Wa,-alh=.\ARM_GCC_541\Debug/USBFS_Dm.lst -g -ffunction-sections -ffat-lto-objects -O0 -c Generated_Source\PSoC5\USBFS_Dm.c -o .\ARM_GCC_541\Debug\USBFS_Dm.o
arm-none-eabi-gcc.exe -mcpu=cortex-m3 -mthumb -I. -IGenerated_Source\PSoC5 -Wa,-alh=.\ARM_GCC_541\Debug/USBFS_Dp.lst -g -ffunction-sections -ffat-lto-objects -O0 -c Generated_Source\PSoC5\USBFS_Dp.c -o .\ARM_GCC_541\Debug\USBFS_Dp.o
arm-none-eabi-gcc.exe -mcpu=cortex-m3 -mthumb -I. -IGenerated_Source\PSoC5 -Wa,-alh=.\ARM_GCC_541\Debug/cy_em_eeprom.lst -g -ffunction-sections -ffat-lto-objects -O0 -c Generated_Source\PSoC5\cy_em_eeprom.c -o .\ARM_GCC_541\Debug\cy_em_eeprom.o
arm-none-eabi-gcc.exe -mcpu=cortex-m3 -mthumb -I. -IGenerated_Source\PSoC5 -Wa,-alh=.\ARM_GCC_541\Debug/Cm3Start.lst -g -ffunction-sections -ffat-lto-objects -O0 -c Generated_Source\PSoC5\Cm3Start.c -o .\ARM_GCC_541\Debug\Cm3Start.o
arm-none-eabi-gcc.exe -mcpu=cortex-m3 -mthumb -I. -IGenerated_Source\PSoC5 -Wa,-alh=.\ARM_GCC_541\Debug/CyDmac.lst -g -ffunction-sections -ffat-lto-objects -O0 -c Generated_Source\PSoC5\CyDmac.c -o .\ARM_GCC_541\Debug\CyDmac.o
arm-none-eabi-gcc.exe -mcpu=cortex-m3 -mthumb -I. -IGenerated_Source\PSoC5 -Wa,-alh=.\ARM_GCC_541\Debug/CyFlash.lst -g -ffunction-sections -ffat-lto-objects -O0 -c Generated_Source\PSoC5\CyFlash.c -o .\ARM_GCC_541\Debug\CyFlash.o
arm-none-eabi-gcc.exe -mcpu=cortex-m3 -mthumb -I. -IGenerated_Source\PSoC5 -Wa,-alh=.\ARM_GCC_541\Debug/CyLib.lst -g -ffunction-sections -ffat-lto-objects -O0 -c Generated_Source\PSoC5\CyLib.c -o .\ARM_GCC_541\Debug\CyLib.o
arm-none-eabi-gcc.exe -mcpu=cortex-m3 -mthumb -I. -IGenerated_Source\PSoC5 -Wa,-alh=.\ARM_GCC_541\Debug/cyPm.lst -g -ffunction-sections -ffat-lto-objects -O0 -c Generated_Source\PSoC5\cyPm.c -o .\ARM_GCC_541\Debug\cyPm.o
arm-none-eabi-gcc.exe -mcpu=cortex-m3 -mthumb -I. -IGenerated_Source\PSoC5 -Wa,-alh=.\ARM_GCC_541\Debug/CySpc.lst -g -ffunction-sections -ffat-lto-objects -O0 -c Generated_Source\PSoC5\CySpc.c -o .\ARM_GCC_541\Debug\CySpc.o
arm-none-eabi-gcc.exe -mcpu=cortex-m3 -mthumb -I. -IGenerated_Source\PSoC5 -Wa,-alh=.\ARM_GCC_541\Debug/cyutils.lst -g -ffunction-sections -ffat-lto-objects -O0 -c Generated_Source\PSoC5\cyutils.c -o .\ARM_GCC_541\Debug\cyutils.o
arm-none-eabi-as.exe -mcpu=cortex-m3 -mthumb -I. -IGenerated_Source\PSoC5 -alh=.\ARM_GCC_541\Debug/CyBootAsmGnu.lst -g -o .\ARM_GCC_541\Debug\CyBootAsmGnu.o Generated_Source\PSoC5\CyBootAsmGnu.s
arm-none-eabi-ar.exe -rs .\ARM_GCC_541\Debug\USBFS_Bulk_Wraparound.a .\ARM_GCC_541\Debug\CyScBoostClk.o .\ARM_GCC_541\Debug\USBFS.o .\ARM_GCC_541\Debug\USBFS_audio.o .\ARM_GCC_541\Debug\USBFS_boot.o .\ARM_GCC_541\Debug\USBFS_cdc.o .\ARM_GCC_541\Debug\USBFS_cls.o .\ARM_GCC_541\Debug\USBFS_descr.o .\ARM_GCC_541\Debug\USBFS_drv.o .\ARM_GCC_541\Debug\USBFS_episr.o .\ARM_GCC_541\Debug\USBFS_hid.o .\ARM_GCC_541\Debug\USBFS_pm.o .\ARM_GCC_541\Debug\USBFS_std.o .\ARM_GCC_541\Debug\USBFS_vnd.o .\ARM_GCC_541\Debug\USBFS_midi.o .\ARM_GCC_541\Debug\USBFS_msc.o .\ARM_GCC_541\Debug\USBFS_ep2_dma.o .\ARM_GCC_541\Debug\USBFS_ep1_dma.o .\ARM_GCC_541\Debug\USBFS_Dm.o .\ARM_GCC_541\Debug\USBFS_Dp.o .\ARM_GCC_541\Debug\cy_em_eeprom.o .\ARM_GCC_541\Debug\CyDmac.o .\ARM_GCC_541\Debug\CyFlash.o .\ARM_GCC_541\Debug\CyLib.o .\ARM_GCC_541\Debug\cyPm.o .\ARM_GCC_541\Debug\CySpc.o .\ARM_GCC_541\Debug\cyutils.o .\ARM_GCC_541\Debug\CyBootAsmGnu.o
arm-none-eabi-ar.exe: creating .\ARM_GCC_541\Debug\USBFS_Bulk_Wraparound.a
arm-none-eabi-gcc.exe -Wl,--start-group -o "C:\Users\Caleb Cotter\Documents\GitHub\3HC\3HC_Firmware\USBFS_Bulk_Wraparound.cydsn\ARM_GCC_541\Debug\USBFS_Bulk_Wraparound.elf" .\ARM_GCC_541\Debug\main.o .\ARM_GCC_541\Debug\cyfitter_cfg.o .\ARM_GCC_541\Debug\cymetadata.o .\ARM_GCC_541\Debug\Cm3Start.o .\ARM_GCC_541\Debug\USBFS_Bulk_Wraparound.a "C:\Program Files (x86)\Cypress\PSoC Creator\4.2\PSoC Creator\psoc\content\cycomponentlibrary\CyComponentLibrary.cylib\CortexM3\ARM_GCC_541\Debug\CyComponentLibrary.a" -mcpu=cortex-m3 -mthumb -L Generated_Source\PSoC5 -Wl,-Map,.\ARM_GCC_541\Debug/USBFS_Bulk_Wraparound.map -T Generated_Source\PSoC5\cm3gcc.ld -specs=nano.specs -Wl,--gc-sections -g -ffunction-sections -O0 -ffat-lto-objects -Wl,--end-group
cyelftool.exe -C "C:\Users\Caleb Cotter\Documents\GitHub\3HC\3HC_Firmware\USBFS_Bulk_Wraparound.cydsn\ARM_GCC_541\Debug\USBFS_Bulk_Wraparound.elf" --flash_row_size 256 --flash_size 262144 --flash_offset 0x00000000
No ELF section .cychecksum found, creating one
Application checksum calculated and stored in ELF section .cychecksum
Checksum calculated and stored in ELF section .cymeta
cyelftool.exe -S "C:\Users\Caleb Cotter\Documents\GitHub\3HC\3HC_Firmware\USBFS_Bulk_Wraparound.cydsn\ARM_GCC_541\Debug\USBFS_Bulk_Wraparound.elf"
Flash used: 12038 of 262144 bytes (4.6%).
SRAM used: 2821 of 65536 bytes (4.3%). Stack: 2048 bytes. Heap: 128 bytes.
--------------- Build Succeeded: 02/21/2020 16:31:41 ---------------
